<?xml version="1.0" encoding="UTF-8"?>
<coverage generated="1630960855264" clover="3.2.0">
  <project timestamp="1630960855264" name="All files">
    <metrics statements="995" coveredstatements="834" conditionals="542" coveredconditionals="359" methods="283" coveredmethods="234" elements="1820" coveredelements="1427" complexity="0" loc="995" ncloc="995" packages="1" files="8" classes="8"/>
    <file name="answers.js" path="C:\Users\d976640\Documents\skillenhance_OAuth\controllers\answers.js">
      <metrics statements="147" coveredstatements="139" conditionals="90" coveredconditionals="71" methods="33" coveredmethods="29"/>
      <line num="1" count="3" type="stmt"/>
      <line num="2" count="3" type="stmt"/>
      <line num="3" count="3" type="stmt"/>
      <line num="4" count="3" type="stmt"/>
      <line num="5" count="3" type="stmt"/>
      <line num="6" count="3" type="stmt"/>
      <line num="7" count="3" type="stmt"/>
      <line num="13" count="3" type="stmt"/>
      <line num="16" count="3" type="stmt"/>
      <line num="17" count="3" type="stmt"/>
      <line num="18" count="3" type="stmt"/>
      <line num="19" count="3" type="stmt"/>
      <line num="22" count="3" type="stmt"/>
      <line num="24" count="3" type="stmt"/>
      <line num="26" count="3" type="stmt"/>
      <line num="27" count="3" type="cond" truecount="1" falsecount="1"/>
      <line num="28" count="3" type="stmt"/>
      <line num="36" count="3" type="stmt"/>
      <line num="38" count="3" type="stmt"/>
      <line num="39" count="3" type="stmt"/>
      <line num="45" count="0" type="stmt"/>
      <line num="57" count="3" type="stmt"/>
      <line num="58" count="0" type="stmt"/>
      <line num="59" count="0" type="cond" truecount="0" falsecount="2"/>
      <line num="60" count="0" type="stmt"/>
      <line num="65" count="3" type="stmt"/>
      <line num="66" count="2" type="stmt"/>
      <line num="68" count="2" type="stmt"/>
      <line num="69" count="2" type="cond" truecount="1" falsecount="1"/>
      <line num="70" count="2" type="cond" truecount="2" falsecount="0"/>
      <line num="71" count="1" type="stmt"/>
      <line num="72" count="1" type="stmt"/>
      <line num="73" count="1" type="cond" truecount="1" falsecount="1"/>
      <line num="76" count="1" type="stmt"/>
      <line num="77" count="1" type="stmt"/>
      <line num="83" count="1" type="stmt"/>
      <line num="89" count="3" type="stmt"/>
      <line num="90" count="8" type="stmt"/>
      <line num="91" count="8" type="stmt"/>
      <line num="94" count="8" type="cond" truecount="2" falsecount="0"/>
      <line num="95" count="1" type="stmt"/>
      <line num="99" count="7" type="stmt"/>
      <line num="100" count="7" type="cond" truecount="4" falsecount="0"/>
      <line num="102" count="6" type="stmt"/>
      <line num="103" count="6" type="stmt"/>
      <line num="106" count="6" type="stmt"/>
      <line num="107" count="6" type="cond" truecount="1" falsecount="1"/>
      <line num="108" count="6" type="cond" truecount="2" falsecount="0"/>
      <line num="109" count="5" type="stmt"/>
      <line num="110" count="5" type="stmt"/>
      <line num="113" count="5" type="stmt"/>
      <line num="114" count="5" type="cond" truecount="1" falsecount="1"/>
      <line num="116" count="5" type="cond" truecount="4" falsecount="0"/>
      <line num="117" count="3" type="cond" truecount="2" falsecount="0"/>
      <line num="118" count="1" type="stmt"/>
      <line num="121" count="2" type="cond" truecount="2" falsecount="0"/>
      <line num="123" count="1" type="stmt"/>
      <line num="124" count="1" type="cond" truecount="1" falsecount="1"/>
      <line num="128" count="1" type="stmt"/>
      <line num="129" count="1" type="cond" truecount="1" falsecount="1"/>
      <line num="131" count="1" type="stmt"/>
      <line num="140" count="1" type="cond" truecount="1" falsecount="1"/>
      <line num="145" count="1" type="stmt"/>
      <line num="148" count="1" type="stmt"/>
      <line num="153" count="1" type="stmt"/>
      <line num="160" count="2" type="stmt"/>
      <line num="167" count="1" type="stmt"/>
      <line num="173" count="1" type="stmt"/>
      <line num="180" count="3" type="stmt"/>
      <line num="181" count="9" type="stmt"/>
      <line num="182" count="9" type="stmt"/>
      <line num="185" count="9" type="cond" truecount="2" falsecount="0"/>
      <line num="186" count="1" type="stmt"/>
      <line num="190" count="8" type="stmt"/>
      <line num="191" count="8" type="cond" truecount="4" falsecount="0"/>
      <line num="193" count="7" type="stmt"/>
      <line num="195" count="7" type="stmt"/>
      <line num="196" count="7" type="cond" truecount="1" falsecount="1"/>
      <line num="197" count="7" type="cond" truecount="2" falsecount="0"/>
      <line num="199" count="6" type="stmt"/>
      <line num="201" count="6" type="stmt"/>
      <line num="202" count="6" type="cond" truecount="1" falsecount="1"/>
      <line num="205" count="6" type="cond" truecount="4" falsecount="0"/>
      <line num="207" count="4" type="cond" truecount="2" falsecount="0"/>
      <line num="208" count="1" type="stmt"/>
      <line num="210" count="3" type="cond" truecount="2" falsecount="0"/>
      <line num="211" count="1" type="stmt"/>
      <line num="214" count="2" type="cond" truecount="2" falsecount="0"/>
      <line num="216" count="1" type="stmt"/>
      <line num="217" count="1" type="cond" truecount="1" falsecount="1"/>
      <line num="219" count="1" type="stmt"/>
      <line num="223" count="1" type="stmt"/>
      <line num="227" count="2" type="stmt"/>
      <line num="234" count="1" type="stmt"/>
      <line num="240" count="1" type="stmt"/>
      <line num="248" count="3" type="stmt"/>
      <line num="249" count="7" type="stmt"/>
      <line num="250" count="7" type="stmt"/>
      <line num="253" count="7" type="cond" truecount="2" falsecount="0"/>
      <line num="254" count="1" type="stmt"/>
      <line num="257" count="6" type="stmt"/>
      <line num="260" count="6" type="cond" truecount="4" falsecount="0"/>
      <line num="262" count="5" type="stmt"/>
      <line num="265" count="5" type="stmt"/>
      <line num="266" count="5" type="cond" truecount="1" falsecount="1"/>
      <line num="267" count="5" type="cond" truecount="4" falsecount="0"/>
      <line num="270" count="3" type="stmt"/>
      <line num="271" count="3" type="cond" truecount="2" falsecount="0"/>
      <line num="272" count="2" type="stmt"/>
      <line num="275" count="2" type="cond" truecount="2" falsecount="0"/>
      <line num="276" count="1" type="stmt"/>
      <line num="279" count="1" type="stmt"/>
      <line num="280" count="1" type="cond" truecount="1" falsecount="1"/>
      <line num="282" count="1" type="stmt"/>
      <line num="288" count="1" type="stmt"/>
      <line num="294" count="2" type="stmt"/>
      <line num="300" count="1" type="stmt"/>
      <line num="307" count="3" type="stmt"/>
      <line num="308" count="5" type="stmt"/>
      <line num="309" count="5" type="stmt"/>
      <line num="311" count="5" type="stmt"/>
      <line num="319" count="5" type="cond" truecount="1" falsecount="1"/>
      <line num="320" count="0" type="stmt"/>
      <line num="322" count="5" type="cond" truecount="2" falsecount="0"/>
      <line num="323" count="1" type="stmt"/>
      <line num="326" count="4" type="stmt"/>
      <line num="332" count="3" type="stmt"/>
      <line num="333" count="5" type="stmt"/>
      <line num="334" count="5" type="stmt"/>
      <line num="335" count="5" type="stmt"/>
      <line num="337" count="5" type="stmt"/>
      <line num="344" count="5" type="cond" truecount="1" falsecount="1"/>
      <line num="345" count="0" type="stmt"/>
      <line num="347" count="5" type="cond" truecount="2" falsecount="0"/>
      <line num="348" count="2" type="stmt"/>
      <line num="351" count="3" type="stmt"/>
      <line num="357" count="3" type="stmt"/>
      <line num="358" count="2" type="stmt"/>
      <line num="359" count="2" type="stmt"/>
      <line num="360" count="2" type="stmt"/>
      <line num="362" count="2" type="stmt"/>
      <line num="369" count="2" type="cond" truecount="1" falsecount="1"/>
      <line num="370" count="0" type="stmt"/>
      <line num="372" count="2" type="cond" truecount="1" falsecount="1"/>
      <line num="373" count="2" type="stmt"/>
      <line num="376" count="0" type="stmt"/>
      <line num="385" count="3" type="stmt"/>
    </file>
    <file name="authorize.js" path="C:\Users\d976640\Documents\skillenhance_OAuth\controllers\authorize.js">
      <metrics statements="18" coveredstatements="6" conditionals="6" coveredconditionals="1" methods="4" coveredmethods="1"/>
      <line num="1" count="10" type="stmt"/>
      <line num="2" count="10" type="stmt"/>
      <line num="5" count="10" type="stmt"/>
      <line num="6" count="0" type="stmt"/>
      <line num="10" count="10" type="stmt"/>
      <line num="13" count="63" type="cond" truecount="1" falsecount="1"/>
      <line num="14" count="63" type="stmt"/>
      <line num="17" count="0" type="stmt"/>
      <line num="18" count="0" type="stmt"/>
      <line num="22" count="0" type="cond" truecount="0" falsecount="2"/>
      <line num="23" count="0" type="stmt"/>
      <line num="24" count="0" type="cond" truecount="0" falsecount="2"/>
      <line num="27" count="0" type="stmt"/>
      <line num="28" count="0" type="stmt"/>
      <line num="29" count="0" type="stmt"/>
      <line num="33" count="0" type="stmt"/>
      <line num="34" count="0" type="stmt"/>
      <line num="35" count="0" type="stmt"/>
    </file>
    <file name="comments.js" path="C:\Users\d976640\Documents\skillenhance_OAuth\controllers\comments.js">
      <metrics statements="147" coveredstatements="118" conditionals="86" coveredconditionals="59" methods="39" coveredmethods="28"/>
      <line num="1" count="3" type="stmt"/>
      <line num="2" count="3" type="stmt"/>
      <line num="3" count="3" type="stmt"/>
      <line num="4" count="3" type="stmt"/>
      <line num="5" count="3" type="stmt"/>
      <line num="6" count="3" type="stmt"/>
      <line num="7" count="3" type="stmt"/>
      <line num="10" count="3" type="stmt"/>
      <line num="11" count="3" type="stmt"/>
      <line num="12" count="3" type="stmt"/>
      <line num="13" count="3" type="stmt"/>
      <line num="14" count="3" type="stmt"/>
      <line num="15" count="3" type="stmt"/>
      <line num="18" count="3" type="stmt"/>
      <line num="22" count="3" type="stmt"/>
      <line num="23" count="3" type="stmt"/>
      <line num="24" count="3" type="stmt"/>
      <line num="30" count="3" type="stmt"/>
      <line num="31" count="3" type="cond" truecount="1" falsecount="1"/>
      <line num="32" count="3" type="stmt"/>
      <line num="33" count="3" type="stmt"/>
      <line num="34" count="3" type="stmt"/>
      <line num="35" count="3" type="stmt"/>
      <line num="39" count="1" type="stmt"/>
      <line num="51" count="3" type="stmt"/>
      <line num="52" count="0" type="stmt"/>
      <line num="56" count="0" type="stmt"/>
      <line num="58" count="0" type="stmt"/>
      <line num="59" count="0" type="stmt"/>
      <line num="60" count="0" type="stmt"/>
      <line num="64" count="0" type="stmt"/>
      <line num="65" count="0" type="stmt"/>
      <line num="66" count="0" type="cond" truecount="0" falsecount="2"/>
      <line num="67" count="0" type="stmt"/>
      <line num="68" count="0" type="cond" truecount="0" falsecount="2"/>
      <line num="69" count="0" type="stmt"/>
      <line num="72" count="0" type="stmt"/>
      <line num="73" count="0" type="stmt"/>
      <line num="82" count="3" type="stmt"/>
      <line num="83" count="2" type="stmt"/>
      <line num="84" count="2" type="stmt"/>
      <line num="85" count="2" type="cond" truecount="2" falsecount="0"/>
      <line num="86" count="1" type="stmt"/>
      <line num="91" count="3" type="stmt"/>
      <line num="92" count="0" type="stmt"/>
      <line num="94" count="0" type="stmt"/>
      <line num="95" count="0" type="cond" truecount="0" falsecount="2"/>
      <line num="96" count="0" type="stmt"/>
      <line num="101" count="3" type="stmt"/>
      <line num="104" count="6" type="stmt"/>
      <line num="105" count="6" type="cond" truecount="2" falsecount="0"/>
      <line num="107" count="5" type="stmt"/>
      <line num="108" count="5" type="stmt"/>
      <line num="109" count="5" type="cond" truecount="4" falsecount="0"/>
      <line num="110" count="3" type="stmt"/>
      <line num="111" count="3" type="stmt"/>
      <line num="112" count="3" type="cond" truecount="2" falsecount="0"/>
      <line num="113" count="2" type="cond" truecount="2" falsecount="0"/>
      <line num="115" count="1" type="stmt"/>
      <line num="125" count="1" type="stmt"/>
      <line num="126" count="1" type="stmt"/>
      <line num="127" count="1" type="stmt"/>
      <line num="128" count="1" type="cond" truecount="1" falsecount="1"/>
      <line num="132" count="1" type="stmt"/>
      <line num="133" count="1" type="cond" truecount="1" falsecount="1"/>
      <line num="135" count="1" type="stmt"/>
      <line num="144" count="1" type="cond" truecount="1" falsecount="1"/>
      <line num="148" count="1" type="stmt"/>
      <line num="151" count="1" type="stmt"/>
      <line num="156" count="1" type="stmt"/>
      <line num="159" count="2" type="stmt"/>
      <line num="165" count="3" type="stmt"/>
      <line num="168" count="6" type="stmt"/>
      <line num="169" count="6" type="stmt"/>
      <line num="170" count="6" type="cond" truecount="2" falsecount="0"/>
      <line num="172" count="5" type="stmt"/>
      <line num="173" count="5" type="cond" truecount="1" falsecount="1"/>
      <line num="174" count="5" type="cond" truecount="4" falsecount="0"/>
      <line num="175" count="4" type="stmt"/>
      <line num="176" count="4" type="stmt"/>
      <line num="177" count="4" type="cond" truecount="4" falsecount="0"/>
      <line num="178" count="2" type="stmt"/>
      <line num="179" count="2" type="cond" truecount="1" falsecount="1"/>
      <line num="180" count="2" type="cond" truecount="2" falsecount="0"/>
      <line num="182" count="1" type="stmt"/>
      <line num="183" count="1" type="cond" truecount="1" falsecount="1"/>
      <line num="184" count="1" type="stmt"/>
      <line num="185" count="0" type="cond" truecount="0" falsecount="2"/>
      <line num="186" count="0" type="stmt"/>
      <line num="189" count="0" type="stmt"/>
      <line num="192" count="2" type="stmt"/>
      <line num="195" count="1" type="stmt"/>
      <line num="201" count="3" type="stmt"/>
      <line num="204" count="5" type="stmt"/>
      <line num="205" count="5" type="stmt"/>
      <line num="206" count="5" type="cond" truecount="2" falsecount="0"/>
      <line num="208" count="4" type="stmt"/>
      <line num="209" count="4" type="cond" truecount="1" falsecount="1"/>
      <line num="210" count="4" type="cond" truecount="4" falsecount="0"/>
      <line num="211" count="3" type="stmt"/>
      <line num="212" count="3" type="stmt"/>
      <line num="213" count="3" type="cond" truecount="2" falsecount="0"/>
      <line num="214" count="2" type="cond" truecount="2" falsecount="0"/>
      <line num="215" count="1" type="stmt"/>
      <line num="216" count="1" type="stmt"/>
      <line num="218" count="1" type="stmt"/>
      <line num="220" count="1" type="stmt"/>
      <line num="223" count="1" type="stmt"/>
      <line num="229" count="3" type="stmt"/>
      <line num="231" count="5" type="stmt"/>
      <line num="232" count="5" type="stmt"/>
      <line num="233" count="5" type="cond" truecount="2" falsecount="0"/>
      <line num="235" count="4" type="stmt"/>
      <line num="236" count="4" type="cond" truecount="1" falsecount="1"/>
      <line num="237" count="4" type="cond" truecount="4" falsecount="0"/>
      <line num="238" count="3" type="stmt"/>
      <line num="239" count="3" type="cond" truecount="2" falsecount="0"/>
      <line num="240" count="2" type="stmt"/>
      <line num="241" count="2" type="stmt"/>
      <line num="242" count="2" type="cond" truecount="1" falsecount="1"/>
      <line num="243" count="2" type="stmt"/>
      <line num="246" count="1" type="stmt"/>
      <line num="249" count="1" type="stmt"/>
      <line num="255" count="3" type="stmt"/>
      <line num="257" count="2" type="stmt"/>
      <line num="258" count="2" type="stmt"/>
      <line num="259" count="2" type="cond" truecount="1" falsecount="1"/>
      <line num="261" count="2" type="stmt"/>
      <line num="262" count="2" type="cond" truecount="1" falsecount="1"/>
      <line num="263" count="2" type="cond" truecount="3" falsecount="1"/>
      <line num="264" count="2" type="stmt"/>
      <line num="265" count="2" type="cond" truecount="1" falsecount="1"/>
      <line num="266" count="2" type="stmt"/>
      <line num="267" count="2" type="stmt"/>
      <line num="268" count="2" type="cond" truecount="1" falsecount="1"/>
      <line num="269" count="2" type="stmt"/>
      <line num="272" count="0" type="stmt"/>
      <line num="275" count="0" type="stmt"/>
      <line num="281" count="3" type="stmt"/>
      <line num="282" count="0" type="stmt"/>
      <line num="284" count="0" type="stmt"/>
      <line num="285" count="0" type="cond" truecount="0" falsecount="2"/>
      <line num="286" count="0" type="stmt"/>
      <line num="287" count="0" type="cond" truecount="0" falsecount="2"/>
      <line num="288" count="0" type="stmt"/>
      <line num="291" count="0" type="stmt"/>
      <line num="297" count="3" type="stmt"/>
    </file>
    <file name="dashboard.js" path="C:\Users\d976640\Documents\skillenhance_OAuth\controllers\dashboard.js">
      <metrics statements="122" coveredstatements="104" conditionals="28" coveredconditionals="16" methods="59" coveredmethods="42"/>
      <line num="3" count="1" type="stmt"/>
      <line num="4" count="1" type="stmt"/>
      <line num="5" count="1" type="stmt"/>
      <line num="6" count="1" type="stmt"/>
      <line num="7" count="1" type="stmt"/>
      <line num="8" count="1" type="stmt"/>
      <line num="9" count="1" type="stmt"/>
      <line num="10" count="1" type="stmt"/>
      <line num="11" count="1" type="stmt"/>
      <line num="12" count="1" type="stmt"/>
      <line num="13" count="1" type="stmt"/>
      <line num="14" count="1" type="stmt"/>
      <line num="15" count="1" type="stmt"/>
      <line num="16" count="1" type="stmt"/>
      <line num="17" count="1" type="stmt"/>
      <line num="18" count="1" type="stmt"/>
      <line num="19" count="1" type="stmt"/>
      <line num="20" count="10" type="stmt"/>
      <line num="21" count="10" type="stmt"/>
      <line num="25" count="1" type="stmt"/>
      <line num="26" count="1" type="cond" truecount="1" falsecount="1"/>
      <line num="27" count="0" type="stmt"/>
      <line num="28" count="1" type="stmt"/>
      <line num="31" count="1" type="stmt"/>
      <line num="34" count="1" type="stmt"/>
      <line num="39" count="1" type="stmt"/>
      <line num="40" count="1" type="stmt"/>
      <line num="41" count="1" type="stmt"/>
      <line num="44" count="1" type="stmt"/>
      <line num="45" count="1" type="stmt"/>
      <line num="46" count="1" type="stmt"/>
      <line num="52" count="1" type="stmt"/>
      <line num="53" count="1" type="stmt"/>
      <line num="55" count="1" type="stmt"/>
      <line num="56" count="1" type="stmt"/>
      <line num="57" count="1" type="stmt"/>
      <line num="59" count="1" type="stmt"/>
      <line num="60" count="127" type="stmt"/>
      <line num="63" count="1" type="cond" truecount="1" falsecount="1"/>
      <line num="64" count="0" type="stmt"/>
      <line num="66" count="1" type="stmt"/>
      <line num="68" count="1" type="stmt"/>
      <line num="69" count="1" type="stmt"/>
      <line num="70" count="1" type="stmt"/>
      <line num="74" count="1" type="cond" truecount="1" falsecount="1"/>
      <line num="75" count="1" type="stmt"/>
      <line num="76" count="1" type="stmt"/>
      <line num="78" count="72" type="cond" truecount="2" falsecount="0"/>
      <line num="80" count="1" type="stmt"/>
      <line num="84" count="1" type="stmt"/>
      <line num="85" count="1" type="stmt"/>
      <line num="89" count="1" type="cond" truecount="1" falsecount="1"/>
      <line num="90" count="1" type="stmt"/>
      <line num="91" count="29" type="stmt"/>
      <line num="93" count="1" type="stmt"/>
      <line num="99" count="1" type="stmt"/>
      <line num="100" count="1" type="stmt"/>
      <line num="101" count="0" type="stmt"/>
      <line num="104" count="1" type="stmt"/>
      <line num="112" count="1" type="stmt"/>
      <line num="113" count="1" type="stmt"/>
      <line num="114" count="1" type="stmt"/>
      <line num="115" count="1" type="stmt"/>
      <line num="117" count="1" type="stmt"/>
      <line num="120" count="1" type="stmt"/>
      <line num="121" count="1" type="cond" truecount="1" falsecount="1"/>
      <line num="123" count="1" type="stmt"/>
      <line num="127" count="1" type="stmt"/>
      <line num="128" count="1" type="stmt"/>
      <line num="129" count="1" type="cond" truecount="1" falsecount="1"/>
      <line num="130" count="1" type="stmt"/>
      <line num="132" count="0" type="stmt"/>
      <line num="134" count="1" type="stmt"/>
      <line num="136" count="1" type="stmt"/>
      <line num="145" count="1" type="stmt"/>
      <line num="146" count="1" type="stmt"/>
      <line num="147" count="1" type="stmt"/>
      <line num="153" count="1" type="cond" truecount="1" falsecount="1"/>
      <line num="156" count="1" type="stmt"/>
      <line num="161" count="1" type="stmt"/>
      <line num="162" count="0" type="stmt"/>
      <line num="163" count="0" type="stmt"/>
      <line num="164" count="0" type="stmt"/>
      <line num="165" count="0" type="stmt"/>
      <line num="166" count="0" type="stmt"/>
      <line num="168" count="0" type="stmt"/>
      <line num="172" count="0" type="cond" truecount="0" falsecount="2"/>
      <line num="173" count="0" type="stmt"/>
      <line num="174" count="0" type="stmt"/>
      <line num="176" count="0" type="stmt"/>
      <line num="178" count="0" type="stmt"/>
      <line num="182" count="0" type="stmt"/>
      <line num="183" count="0" type="stmt"/>
      <line num="186" count="0" type="stmt"/>
      <line num="203" count="1" type="stmt"/>
      <line num="204" count="4" type="stmt"/>
      <line num="205" count="4" type="stmt"/>
      <line num="206" count="4" type="stmt"/>
      <line num="208" count="4" type="cond" truecount="2" falsecount="0"/>
      <line num="209" count="3" type="stmt"/>
      <line num="210" count="1" type="cond" truecount="1" falsecount="1"/>
      <line num="211" count="1" type="stmt"/>
      <line num="212" count="4" type="stmt"/>
      <line num="216" count="4" type="stmt"/>
      <line num="217" count="4" type="cond" truecount="1" falsecount="1"/>
      <line num="218" count="4" type="stmt"/>
      <line num="219" count="4" type="cond" truecount="2" falsecount="0"/>
      <line num="220" count="173" type="stmt"/>
      <line num="221" count="3" type="cond" truecount="1" falsecount="1"/>
      <line num="222" count="508" type="stmt"/>
      <line num="226" count="4" type="stmt"/>
      <line num="228" count="4" type="stmt"/>
      <line num="234" count="1" type="stmt"/>
      <line num="235" count="1" type="stmt"/>
      <line num="239" count="1" type="stmt"/>
      <line num="244" count="1" type="stmt"/>
      <line num="245" count="1" type="stmt"/>
      <line num="246" count="1" type="stmt"/>
      <line num="247" count="1" type="stmt"/>
      <line num="248" count="1" type="stmt"/>
      <line num="249" count="15" type="stmt"/>
      <line num="254" count="1" type="stmt"/>
    </file>
    <file name="notifications.js" path="C:\Users\d976640\Documents\skillenhance_OAuth\controllers\notifications.js">
      <metrics statements="100" coveredstatements="93" conditionals="61" coveredconditionals="52" methods="17" coveredmethods="17"/>
      <line num="4" count="1" type="stmt"/>
      <line num="5" count="1" type="stmt"/>
      <line num="6" count="1" type="stmt"/>
      <line num="7" count="1" type="stmt"/>
      <line num="8" count="1" type="stmt"/>
      <line num="9" count="1" type="stmt"/>
      <line num="10" count="1" type="stmt"/>
      <line num="20" count="1" type="stmt"/>
      <line num="23" count="1" type="stmt"/>
      <line num="24" count="1" type="stmt"/>
      <line num="25" count="1" type="stmt"/>
      <line num="26" count="1" type="stmt"/>
      <line num="27" count="1" type="stmt"/>
      <line num="30" count="1" type="stmt"/>
      <line num="32" count="1" type="stmt"/>
      <line num="33" count="1" type="cond" truecount="1" falsecount="1"/>
      <line num="34" count="1" type="stmt"/>
      <line num="39" count="1" type="stmt"/>
      <line num="41" count="1" type="stmt"/>
      <line num="42" count="1" type="stmt"/>
      <line num="44" count="1" type="stmt"/>
      <line num="45" count="1" type="stmt"/>
      <line num="52" count="1" type="stmt"/>
      <line num="64" count="1" type="stmt"/>
      <line num="65" count="5" type="stmt"/>
      <line num="67" count="5" type="stmt"/>
      <line num="68" count="5" type="cond" truecount="2" falsecount="0"/>
      <line num="69" count="4" type="stmt"/>
      <line num="72" count="5" type="cond" truecount="4" falsecount="0"/>
      <line num="73" count="1" type="stmt"/>
      <line num="76" count="4" type="stmt"/>
      <line num="78" count="4" type="cond" truecount="5" falsecount="0"/>
      <line num="79" count="2" type="stmt"/>
      <line num="82" count="2" type="stmt"/>
      <line num="83" count="2" type="cond" truecount="1" falsecount="1"/>
      <line num="84" count="0" type="stmt"/>
      <line num="85" count="2" type="cond" truecount="2" falsecount="0"/>
      <line num="86" count="1" type="stmt"/>
      <line num="88" count="1" type="stmt"/>
      <line num="93" count="2" type="stmt"/>
      <line num="101" count="1" type="stmt"/>
      <line num="102" count="3" type="stmt"/>
      <line num="103" count="3" type="stmt"/>
      <line num="105" count="3" type="stmt"/>
      <line num="106" count="3" type="cond" truecount="2" falsecount="0"/>
      <line num="107" count="2" type="stmt"/>
      <line num="109" count="3" type="cond" truecount="3" falsecount="1"/>
      <line num="110" count="0" type="stmt"/>
      <line num="113" count="3" type="stmt"/>
      <line num="115" count="3" type="cond" truecount="5" falsecount="0"/>
      <line num="116" count="2" type="stmt"/>
      <line num="119" count="2" type="stmt"/>
      <line num="120" count="2" type="cond" truecount="1" falsecount="1"/>
      <line num="121" count="0" type="stmt"/>
      <line num="122" count="2" type="cond" truecount="4" falsecount="0"/>
      <line num="123" count="1" type="stmt"/>
      <line num="124" count="1" type="cond" truecount="1" falsecount="1"/>
      <line num="125" count="0" type="stmt"/>
      <line num="127" count="1" type="stmt"/>
      <line num="131" count="1" type="stmt"/>
      <line num="137" count="1" type="stmt"/>
      <line num="145" count="1" type="stmt"/>
      <line num="146" count="2" type="stmt"/>
      <line num="148" count="2" type="stmt"/>
      <line num="149" count="2" type="cond" truecount="2" falsecount="0"/>
      <line num="150" count="1" type="stmt"/>
      <line num="152" count="2" type="cond" truecount="3" falsecount="1"/>
      <line num="153" count="0" type="stmt"/>
      <line num="156" count="2" type="stmt"/>
      <line num="158" count="2" type="cond" truecount="5" falsecount="0"/>
      <line num="159" count="1" type="stmt"/>
      <line num="162" count="1" type="stmt"/>
      <line num="163" count="1" type="cond" truecount="1" falsecount="1"/>
      <line num="164" count="0" type="stmt"/>
      <line num="165" count="1" type="stmt"/>
      <line num="166" count="1" type="stmt"/>
      <line num="171" count="1" type="stmt"/>
      <line num="179" count="1" type="stmt"/>
      <line num="180" count="3" type="stmt"/>
      <line num="181" count="3" type="stmt"/>
      <line num="182" count="3" type="stmt"/>
      <line num="184" count="3" type="stmt"/>
      <line num="185" count="3" type="cond" truecount="1" falsecount="1"/>
      <line num="186" count="3" type="stmt"/>
      <line num="189" count="3" type="stmt"/>
      <line num="190" count="3" type="stmt"/>
      <line num="191" count="3" type="cond" truecount="4" falsecount="0"/>
      <line num="192" count="1" type="stmt"/>
      <line num="195" count="2" type="stmt"/>
      <line num="197" count="2" type="cond" truecount="4" falsecount="0"/>
      <line num="198" count="1" type="stmt"/>
      <line num="199" count="1" type="stmt"/>
      <line num="201" count="1" type="stmt"/>
      <line num="202" count="1" type="cond" truecount="1" falsecount="1"/>
      <line num="203" count="0" type="stmt"/>
      <line num="204" count="1" type="stmt"/>
      <line num="205" count="1" type="stmt"/>
      <line num="206" count="1" type="stmt"/>
      <line num="211" count="1" type="stmt"/>
      <line num="221" count="1" type="stmt"/>
    </file>
    <file name="pauthorize.js" path="C:\Users\d976640\Documents\skillenhance_OAuth\controllers\pauthorize.js">
      <metrics statements="28" coveredstatements="10" conditionals="27" coveredconditionals="7" methods="5" coveredmethods="1"/>
      <line num="1" count="1" type="stmt"/>
      <line num="3" count="1" type="stmt"/>
      <line num="6" count="7" type="stmt"/>
      <line num="7" count="7" type="stmt"/>
      <line num="8" count="7" type="cond" truecount="5" falsecount="0"/>
      <line num="10" count="5" type="stmt"/>
      <line num="14" count="2" type="cond" truecount="1" falsecount="1"/>
      <line num="15" count="2" type="stmt"/>
      <line num="16" count="2" type="stmt"/>
      <line num="18" count="2" type="cond" truecount="1" falsecount="1"/>
      <line num="19" count="0" type="stmt"/>
      <line num="21" count="0" type="cond" truecount="0" falsecount="2"/>
      <line num="24" count="0" type="cond" truecount="0" falsecount="4"/>
      <line num="26" count="0" type="stmt"/>
      <line num="27" count="0" type="cond" truecount="0" falsecount="2"/>
      <line num="30" count="0" type="stmt"/>
      <line num="35" count="0" type="stmt"/>
      <line num="38" count="0" type="cond" truecount="0" falsecount="2"/>
      <line num="39" count="0" type="stmt"/>
      <line num="40" count="0" type="stmt"/>
      <line num="42" count="0" type="cond" truecount="0" falsecount="2"/>
      <line num="43" count="0" type="stmt"/>
      <line num="45" count="0" type="cond" truecount="0" falsecount="2"/>
      <line num="47" count="0" type="cond" truecount="0" falsecount="2"/>
      <line num="49" count="0" type="stmt"/>
      <line num="51" count="0" type="cond" truecount="0" falsecount="2"/>
      <line num="52" count="0" type="stmt"/>
      <line num="59" count="0" type="stmt"/>
    </file>
    <file name="questions.js" path="C:\Users\d976640\Documents\skillenhance_OAuth\controllers\questions.js">
      <metrics statements="310" coveredstatements="262" conditionals="206" coveredconditionals="129" methods="90" coveredmethods="85"/>
      <line num="1" count="3" type="stmt"/>
      <line num="2" count="3" type="stmt"/>
      <line num="3" count="3" type="stmt"/>
      <line num="4" count="3" type="stmt"/>
      <line num="5" count="3" type="stmt"/>
      <line num="6" count="3" type="stmt"/>
      <line num="7" count="3" type="stmt"/>
      <line num="9" count="3" type="stmt"/>
      <line num="16" count="3" type="stmt"/>
      <line num="19" count="3" type="stmt"/>
      <line num="20" count="3" type="stmt"/>
      <line num="21" count="3" type="stmt"/>
      <line num="22" count="3" type="stmt"/>
      <line num="26" count="3" type="stmt"/>
      <line num="27" count="3" type="stmt"/>
      <line num="30" count="3" type="stmt"/>
      <line num="31" count="3" type="cond" truecount="1" falsecount="1"/>
      <line num="32" count="3" type="stmt"/>
      <line num="40" count="3" type="stmt"/>
      <line num="42" count="3" type="stmt"/>
      <line num="43" count="3" type="stmt"/>
      <line num="48" count="2" type="stmt"/>
      <line num="60" count="3" type="stmt"/>
      <line num="61" count="2" type="stmt"/>
      <line num="66" count="2" type="stmt"/>
      <line num="68" count="2" type="cond" truecount="2" falsecount="0"/>
      <line num="70" count="1" type="stmt"/>
      <line num="71" count="1" type="stmt"/>
      <line num="72" count="1" type="cond" truecount="1" falsecount="1"/>
      <line num="75" count="1" type="stmt"/>
      <line num="76" count="1" type="stmt"/>
      <line num="82" count="1" type="stmt"/>
      <line num="91" count="3" type="stmt"/>
      <line num="94" count="0" type="stmt"/>
      <line num="96" count="0" type="stmt"/>
      <line num="102" count="3" type="stmt"/>
      <line num="104" count="3" type="stmt"/>
      <line num="105" count="3" type="stmt"/>
      <line num="111" count="3" type="cond" truecount="4" falsecount="0"/>
      <line num="112" count="1" type="stmt"/>
      <line num="116" count="2" type="stmt"/>
      <line num="117" count="2" type="cond" truecount="1" falsecount="1"/>
      <line num="121" count="2" type="cond" truecount="4" falsecount="0"/>
      <line num="123" count="1" type="stmt"/>
      <line num="137" count="1" type="stmt"/>
      <line num="139" count="1" type="stmt"/>
      <line num="140" count="1" type="cond" truecount="1" falsecount="1"/>
      <line num="143" count="1" type="stmt"/>
      <line num="150" count="1" type="stmt"/>
      <line num="158" count="3" type="stmt"/>
      <line num="160" count="3" type="stmt"/>
      <line num="161" count="3" type="stmt"/>
      <line num="162" count="3" type="stmt"/>
      <line num="166" count="3" type="cond" truecount="4" falsecount="0"/>
      <line num="167" count="1" type="stmt"/>
      <line num="170" count="2" type="stmt"/>
      <line num="171" count="2" type="cond" truecount="1" falsecount="1"/>
      <line num="174" count="2" type="cond" truecount="3" falsecount="1"/>
      <line num="176" count="2" type="stmt"/>
      <line num="177" count="2" type="stmt"/>
      <line num="180" count="2" type="stmt"/>
      <line num="181" count="2" type="cond" truecount="1" falsecount="1"/>
      <line num="182" count="2" type="stmt"/>
      <line num="183" count="2" type="stmt"/>
      <line num="186" count="2" type="stmt"/>
      <line num="187" count="2" type="cond" truecount="1" falsecount="1"/>
      <line num="188" count="2" type="cond" truecount="2" falsecount="0"/>
      <line num="189" count="2" type="stmt"/>
      <line num="192" count="0" type="stmt"/>
      <line num="193" count="0" type="cond" truecount="0" falsecount="2"/>
      <line num="195" count="0" type="cond" truecount="0" falsecount="2"/>
      <line num="197" count="0" type="stmt"/>
      <line num="198" count="0" type="stmt"/>
      <line num="199" count="0" type="stmt"/>
      <line num="201" count="0" type="cond" truecount="0" falsecount="2"/>
      <line num="202" count="0" type="stmt"/>
      <line num="203" count="0" type="stmt"/>
      <line num="206" count="0" type="cond" truecount="0" falsecount="2"/>
      <line num="208" count="0" type="cond" truecount="0" falsecount="2"/>
      <line num="210" count="0" type="stmt"/>
      <line num="211" count="0" type="stmt"/>
      <line num="212" count="0" type="stmt"/>
      <line num="214" count="0" type="cond" truecount="0" falsecount="2"/>
      <line num="215" count="0" type="stmt"/>
      <line num="216" count="0" type="stmt"/>
      <line num="221" count="2" type="cond" truecount="1" falsecount="1"/>
      <line num="222" count="2" type="stmt"/>
      <line num="224" count="2" type="stmt"/>
      <line num="228" count="2" type="stmt"/>
      <line num="235" count="2" type="stmt"/>
      <line num="236" count="2" type="cond" truecount="1" falsecount="1"/>
      <line num="243" count="2" type="stmt"/>
      <line num="244" count="2" type="cond" truecount="1" falsecount="1"/>
      <line num="246" count="2" type="stmt"/>
      <line num="255" count="2" type="cond" truecount="1" falsecount="1"/>
      <line num="260" count="2" type="stmt"/>
      <line num="263" count="2" type="cond" truecount="1" falsecount="1"/>
      <line num="264" count="2" type="stmt"/>
      <line num="266" count="0" type="cond" truecount="0" falsecount="2"/>
      <line num="267" count="0" type="stmt"/>
      <line num="277" count="0" type="stmt"/>
      <line num="283" count="0" type="stmt"/>
      <line num="295" count="3" type="stmt"/>
      <line num="297" count="2" type="stmt"/>
      <line num="298" count="2" type="stmt"/>
      <line num="299" count="2" type="stmt"/>
      <line num="302" count="2" type="cond" truecount="3" falsecount="1"/>
      <line num="303" count="0" type="stmt"/>
      <line num="306" count="2" type="stmt"/>
      <line num="307" count="2" type="cond" truecount="1" falsecount="1"/>
      <line num="310" count="2" type="cond" truecount="3" falsecount="1"/>
      <line num="312" count="2" type="stmt"/>
      <line num="313" count="2" type="stmt"/>
      <line num="316" count="2" type="stmt"/>
      <line num="317" count="2" type="cond" truecount="1" falsecount="1"/>
      <line num="318" count="2" type="stmt"/>
      <line num="320" count="2" type="stmt"/>
      <line num="323" count="2" type="stmt"/>
      <line num="328" count="2" type="cond" truecount="2" falsecount="0"/>
      <line num="329" count="1" type="stmt"/>
      <line num="335" count="1" type="cond" truecount="1" falsecount="1"/>
      <line num="336" count="1" type="stmt"/>
      <line num="344" count="2" type="stmt"/>
      <line num="345" count="2" type="cond" truecount="1" falsecount="1"/>
      <line num="352" count="2" type="stmt"/>
      <line num="353" count="2" type="cond" truecount="1" falsecount="1"/>
      <line num="355" count="2" type="stmt"/>
      <line num="364" count="2" type="cond" truecount="1" falsecount="1"/>
      <line num="369" count="2" type="stmt"/>
      <line num="372" count="2" type="cond" truecount="1" falsecount="1"/>
      <line num="373" count="2" type="stmt"/>
      <line num="375" count="0" type="cond" truecount="0" falsecount="2"/>
      <line num="376" count="0" type="stmt"/>
      <line num="384" count="0" type="stmt"/>
      <line num="390" count="0" type="stmt"/>
      <line num="398" count="3" type="stmt"/>
      <line num="400" count="5" type="stmt"/>
      <line num="401" count="5" type="stmt"/>
      <line num="404" count="5" type="cond" truecount="4" falsecount="0"/>
      <line num="405" count="1" type="stmt"/>
      <line num="408" count="4" type="stmt"/>
      <line num="411" count="4" type="cond" truecount="4" falsecount="0"/>
      <line num="413" count="3" type="stmt"/>
      <line num="416" count="3" type="stmt"/>
      <line num="419" count="3" type="cond" truecount="4" falsecount="0"/>
      <line num="420" count="1" type="stmt"/>
      <line num="423" count="1" type="stmt"/>
      <line num="424" count="1" type="cond" truecount="1" falsecount="1"/>
      <line num="428" count="1" type="stmt"/>
      <line num="429" count="1" type="stmt"/>
      <line num="431" count="1" type="stmt"/>
      <line num="432" count="1" type="stmt"/>
      <line num="433" count="1" type="stmt"/>
      <line num="435" count="1" type="stmt"/>
      <line num="436" count="1" type="stmt"/>
      <line num="437" count="1" type="cond" truecount="1" falsecount="1"/>
      <line num="439" count="1" type="stmt"/>
      <line num="440" count="1" type="stmt"/>
      <line num="449" count="1" type="cond" truecount="1" falsecount="1"/>
      <line num="453" count="1" type="stmt"/>
      <line num="458" count="1" type="stmt"/>
      <line num="460" count="1" type="cond" truecount="1" falsecount="1"/>
      <line num="461" count="1" type="stmt"/>
      <line num="463" count="0" type="cond" truecount="0" falsecount="2"/>
      <line num="464" count="0" type="stmt"/>
      <line num="476" count="2" type="stmt"/>
      <line num="482" count="1" type="stmt"/>
      <line num="490" count="3" type="stmt"/>
      <line num="493" count="6" type="stmt"/>
      <line num="494" count="6" type="stmt"/>
      <line num="495" count="6" type="stmt"/>
      <line num="498" count="6" type="cond" truecount="4" falsecount="0"/>
      <line num="499" count="1" type="stmt"/>
      <line num="502" count="5" type="stmt"/>
      <line num="505" count="5" type="cond" truecount="4" falsecount="0"/>
      <line num="507" count="4" type="stmt"/>
      <line num="510" count="4" type="stmt"/>
      <line num="513" count="4" type="cond" truecount="4" falsecount="0"/>
      <line num="514" count="2" type="cond" truecount="2" falsecount="0"/>
      <line num="515" count="1" type="stmt"/>
      <line num="518" count="1" type="stmt"/>
      <line num="520" count="1" type="stmt"/>
      <line num="523" count="1" type="cond" truecount="1" falsecount="1"/>
      <line num="524" count="1" type="cond" truecount="1" falsecount="1"/>
      <line num="525" count="1" type="cond" truecount="1" falsecount="1"/>
      <line num="527" count="1" type="cond" truecount="1" falsecount="1"/>
      <line num="528" count="1" type="stmt"/>
      <line num="536" count="0" type="cond" truecount="0" falsecount="2"/>
      <line num="537" count="0" type="stmt"/>
      <line num="545" count="1" type="stmt"/>
      <line num="546" count="1" type="cond" truecount="1" falsecount="1"/>
      <line num="551" count="1" type="stmt"/>
      <line num="553" count="1" type="stmt"/>
      <line num="554" count="1" type="stmt"/>
      <line num="555" count="1" type="stmt"/>
      <line num="556" count="1" type="stmt"/>
      <line num="558" count="1" type="stmt"/>
      <line num="559" count="1" type="stmt"/>
      <line num="560" count="1" type="cond" truecount="1" falsecount="1"/>
      <line num="562" count="1" type="stmt"/>
      <line num="563" count="1" type="stmt"/>
      <line num="572" count="1" type="cond" truecount="1" falsecount="1"/>
      <line num="576" count="1" type="stmt"/>
      <line num="581" count="1" type="stmt"/>
      <line num="584" count="1" type="cond" truecount="1" falsecount="1"/>
      <line num="585" count="1" type="stmt"/>
      <line num="587" count="0" type="cond" truecount="0" falsecount="2"/>
      <line num="588" count="0" type="stmt"/>
      <line num="601" count="2" type="stmt"/>
      <line num="607" count="1" type="stmt"/>
      <line num="617" count="3" type="stmt"/>
      <line num="620" count="0" type="stmt"/>
      <line num="622" count="0" type="stmt"/>
      <line num="623" count="0" type="cond" truecount="0" falsecount="2"/>
      <line num="624" count="0" type="stmt"/>
      <line num="625" count="0" type="cond" truecount="0" falsecount="2"/>
      <line num="627" count="0" type="stmt"/>
      <line num="630" count="0" type="stmt"/>
      <line num="637" count="3" type="stmt"/>
      <line num="638" count="1" type="stmt"/>
      <line num="639" count="1" type="stmt"/>
      <line num="640" count="1" type="stmt"/>
      <line num="644" count="1" type="cond" truecount="3" falsecount="1"/>
      <line num="645" count="0" type="stmt"/>
      <line num="648" count="1" type="stmt"/>
      <line num="650" count="1" type="cond" truecount="1" falsecount="1"/>
      <line num="652" count="1" type="cond" truecount="3" falsecount="1"/>
      <line num="654" count="1" type="stmt"/>
      <line num="656" count="1" type="stmt"/>
      <line num="658" count="1" type="stmt"/>
      <line num="659" count="1" type="cond" truecount="1" falsecount="1"/>
      <line num="660" count="1" type="cond" truecount="1" falsecount="1"/>
      <line num="662" count="1" type="cond" truecount="1" falsecount="1"/>
      <line num="664" count="1" type="stmt"/>
      <line num="666" count="1" type="stmt"/>
      <line num="678" count="1" type="stmt"/>
      <line num="680" count="1" type="stmt"/>
      <line num="681" count="1" type="cond" truecount="1" falsecount="1"/>
      <line num="688" count="1" type="cond" truecount="1" falsecount="1"/>
      <line num="690" count="1" type="stmt"/>
      <line num="699" count="1" type="cond" truecount="1" falsecount="1"/>
      <line num="701" count="1" type="stmt"/>
      <line num="707" count="0" type="stmt"/>
      <line num="712" count="0" type="stmt"/>
      <line num="717" count="0" type="stmt"/>
      <line num="723" count="0" type="stmt"/>
      <line num="733" count="3" type="stmt"/>
      <line num="734" count="5" type="stmt"/>
      <line num="735" count="5" type="stmt"/>
      <line num="737" count="5" type="cond" truecount="4" falsecount="0"/>
      <line num="738" count="1" type="stmt"/>
      <line num="741" count="4" type="stmt"/>
      <line num="743" count="4" type="cond" truecount="3" falsecount="1"/>
      <line num="745" count="4" type="stmt"/>
      <line num="748" count="4" type="stmt"/>
      <line num="750" count="4" type="cond" truecount="4" falsecount="0"/>
      <line num="751" count="2" type="cond" truecount="2" falsecount="0"/>
      <line num="752" count="1" type="stmt"/>
      <line num="755" count="1" type="stmt"/>
      <line num="757" count="1" type="stmt"/>
      <line num="758" count="1" type="cond" truecount="1" falsecount="1"/>
      <line num="762" count="1" type="stmt"/>
      <line num="764" count="1" type="stmt"/>
      <line num="765" count="1" type="stmt"/>
      <line num="766" count="1" type="stmt"/>
      <line num="767" count="1" type="stmt"/>
      <line num="769" count="1" type="stmt"/>
      <line num="770" count="1" type="stmt"/>
      <line num="773" count="1" type="stmt"/>
      <line num="774" count="1" type="cond" truecount="1" falsecount="1"/>
      <line num="776" count="1" type="stmt"/>
      <line num="777" count="1" type="stmt"/>
      <line num="786" count="1" type="cond" truecount="1" falsecount="1"/>
      <line num="790" count="1" type="stmt"/>
      <line num="795" count="1" type="stmt"/>
      <line num="799" count="1" type="stmt"/>
      <line num="813" count="2" type="stmt"/>
      <line num="819" count="0" type="stmt"/>
      <line num="828" count="3" type="stmt"/>
      <line num="829" count="5" type="stmt"/>
      <line num="830" count="5" type="stmt"/>
      <line num="832" count="5" type="cond" truecount="4" falsecount="0"/>
      <line num="833" count="1" type="stmt"/>
      <line num="836" count="4" type="stmt"/>
      <line num="838" count="4" type="cond" truecount="3" falsecount="1"/>
      <line num="840" count="4" type="stmt"/>
      <line num="843" count="4" type="stmt"/>
      <line num="845" count="4" type="cond" truecount="4" falsecount="0"/>
      <line num="846" count="2" type="cond" truecount="2" falsecount="0"/>
      <line num="847" count="1" type="stmt"/>
      <line num="850" count="1" type="stmt"/>
      <line num="852" count="1" type="stmt"/>
      <line num="853" count="1" type="cond" truecount="1" falsecount="1"/>
      <line num="857" count="1" type="stmt"/>
      <line num="859" count="1" type="stmt"/>
      <line num="860" count="1" type="stmt"/>
      <line num="861" count="1" type="stmt"/>
      <line num="862" count="1" type="stmt"/>
      <line num="864" count="1" type="stmt"/>
      <line num="865" count="1" type="stmt"/>
      <line num="867" count="1" type="cond" truecount="1" falsecount="1"/>
      <line num="868" count="1" type="stmt"/>
      <line num="869" count="1" type="stmt"/>
      <line num="878" count="1" type="cond" truecount="1" falsecount="1"/>
      <line num="882" count="1" type="stmt"/>
      <line num="887" count="1" type="stmt"/>
      <line num="891" count="1" type="stmt"/>
      <line num="905" count="2" type="stmt"/>
      <line num="911" count="0" type="stmt"/>
      <line num="924" count="3" type="stmt"/>
    </file>
    <file name="users.js" path="C:\Users\d976640\Documents\skillenhance_OAuth\controllers\users.js">
      <metrics statements="123" coveredstatements="102" conditionals="38" coveredconditionals="24" methods="36" coveredmethods="31"/>
      <line num="2" count="1" type="stmt"/>
      <line num="3" count="1" type="stmt"/>
      <line num="4" count="1" type="stmt"/>
      <line num="5" count="1" type="stmt"/>
      <line num="6" count="1" type="stmt"/>
      <line num="7" count="1" type="stmt"/>
      <line num="8" count="1" type="stmt"/>
      <line num="9" count="1" type="stmt"/>
      <line num="12" count="1" type="stmt"/>
      <line num="13" count="1" type="stmt"/>
      <line num="15" count="1" type="stmt"/>
      <line num="22" count="1" type="stmt"/>
      <line num="24" count="1" type="stmt"/>
      <line num="25" count="1" type="stmt"/>
      <line num="26" count="1" type="stmt"/>
      <line num="27" count="1" type="stmt"/>
      <line num="30" count="1" type="stmt"/>
      <line num="32" count="1" type="stmt"/>
      <line num="33" count="1" type="cond" truecount="1" falsecount="1"/>
      <line num="34" count="1" type="stmt"/>
      <line num="40" count="1" type="stmt"/>
      <line num="42" count="1" type="stmt"/>
      <line num="43" count="1" type="stmt"/>
      <line num="47" count="0" type="stmt"/>
      <line num="49" count="0" type="stmt"/>
      <line num="54" count="1" type="stmt"/>
      <line num="55" count="1" type="stmt"/>
      <line num="58" count="1" type="stmt"/>
      <line num="61" count="2" type="stmt"/>
      <line num="63" count="2" type="stmt"/>
      <line num="64" count="2" type="cond" truecount="1" falsecount="1"/>
      <line num="66" count="0" type="stmt"/>
      <line num="70" count="2" type="stmt"/>
      <line num="77" count="1" type="stmt"/>
      <line num="79" count="0" type="stmt"/>
      <line num="81" count="0" type="stmt"/>
      <line num="82" count="0" type="stmt"/>
      <line num="83" count="0" type="stmt"/>
      <line num="84" count="0" type="stmt"/>
      <line num="86" count="0" type="stmt"/>
      <line num="88" count="0" type="cond" truecount="0" falsecount="2"/>
      <line num="90" count="0" type="stmt"/>
      <line num="106" count="0" type="stmt"/>
      <line num="107" count="0" type="cond" truecount="0" falsecount="2"/>
      <line num="108" count="0" type="stmt"/>
      <line num="109" count="0" type="stmt"/>
      <line num="113" count="0" type="stmt"/>
      <line num="119" count="1" type="stmt"/>
      <line num="122" count="2" type="stmt"/>
      <line num="126" count="2" type="stmt"/>
      <line num="127" count="2" type="stmt"/>
      <line num="128" count="2" type="stmt"/>
      <line num="129" count="2" type="cond" truecount="2" falsecount="0"/>
      <line num="130" count="1" type="stmt"/>
      <line num="131" count="1" type="cond" truecount="1" falsecount="1"/>
      <line num="133" count="1" type="stmt"/>
      <line num="138" count="1" type="stmt"/>
      <line num="139" count="1" type="stmt"/>
      <line num="146" count="1" type="stmt"/>
      <line num="153" count="1" type="stmt"/>
      <line num="154" count="1" type="stmt"/>
      <line num="156" count="1" type="stmt"/>
      <line num="158" count="1" type="cond" truecount="1" falsecount="1"/>
      <line num="160" count="1" type="stmt"/>
      <line num="161" count="1" type="stmt"/>
      <line num="162" count="1" type="stmt"/>
      <line num="165" count="0" type="stmt"/>
      <line num="171" count="1" type="stmt"/>
      <line num="172" count="2" type="stmt"/>
      <line num="174" count="2" type="stmt"/>
      <line num="175" count="2" type="cond" truecount="2" falsecount="0"/>
      <line num="176" count="1" type="stmt"/>
      <line num="177" count="1" type="cond" truecount="1" falsecount="1"/>
      <line num="178" count="1" type="stmt"/>
      <line num="180" count="0" type="stmt"/>
      <line num="183" count="1" type="stmt"/>
      <line num="190" count="1" type="stmt"/>
      <line num="191" count="2" type="stmt"/>
      <line num="193" count="2" type="stmt"/>
      <line num="194" count="2" type="cond" truecount="2" falsecount="0"/>
      <line num="196" count="1" type="stmt"/>
      <line num="197" count="1" type="cond" truecount="1" falsecount="1"/>
      <line num="198" count="0" type="stmt"/>
      <line num="199" count="1" type="cond" truecount="1" falsecount="1"/>
      <line num="200" count="1" type="stmt"/>
      <line num="203" count="1" type="stmt"/>
      <line num="210" count="1" type="stmt"/>
      <line num="211" count="2" type="stmt"/>
      <line num="213" count="2" type="stmt"/>
      <line num="214" count="2" type="cond" truecount="2" falsecount="0"/>
      <line num="215" count="1" type="stmt"/>
      <line num="216" count="1" type="stmt"/>
      <line num="219" count="1" type="stmt"/>
      <line num="227" count="1" type="stmt"/>
      <line num="228" count="2" type="stmt"/>
      <line num="230" count="2" type="stmt"/>
      <line num="231" count="2" type="cond" truecount="2" falsecount="0"/>
      <line num="232" count="1" type="stmt"/>
      <line num="233" count="1" type="stmt"/>
      <line num="236" count="1" type="stmt"/>
      <line num="243" count="1" type="stmt"/>
      <line num="244" count="2" type="stmt"/>
      <line num="245" count="2" type="stmt"/>
      <line num="246" count="2" type="cond" truecount="2" falsecount="0"/>
      <line num="247" count="1" type="stmt"/>
      <line num="248" count="1" type="stmt"/>
      <line num="251" count="1" type="stmt"/>
      <line num="258" count="1" type="stmt"/>
      <line num="259" count="2" type="stmt"/>
      <line num="260" count="2" type="stmt"/>
      <line num="261" count="2" type="cond" truecount="2" falsecount="0"/>
      <line num="262" count="1" type="stmt"/>
      <line num="263" count="1" type="cond" truecount="1" falsecount="1"/>
      <line num="264" count="1" type="stmt"/>
      <line num="266" count="0" type="stmt"/>
      <line num="269" count="1" type="stmt"/>
      <line num="274" count="1" type="stmt"/>
      <line num="275" count="1" type="stmt"/>
      <line num="276" count="1" type="cond" truecount="1" falsecount="1"/>
      <line num="277" count="1" type="cond" truecount="1" falsecount="1"/>
      <line num="278" count="1" type="stmt"/>
      <line num="280" count="0" type="stmt"/>
      <line num="287" count="1" type="stmt"/>
    </file>
  </project>
</coverage>
