{"C:\\Users\\d976640\\Documents\\skillenhance_OAuth\\controllers\\answers.js": {"path":"C:\\Users\\d976640\\Documents\\skillenhance_OAuth\\controllers\\answers.js","statementMap":{"0":{"start":{"line":1,"column":14},"end":{"line":1,"column":32}},"1":{"start":{"line":2,"column":10},"end":{"line":2,"column":19}},"2":{"start":{"line":3,"column":0},"end":{"line":3,"column":44}},"3":{"start":{"line":4,"column":0},"end":{"line":4,"column":23}},"4":{"start":{"line":5,"column":0},"end":{"line":5,"column":44}},"5":{"start":{"line":6,"column":11},"end":{"line":6,"column":26}},"6":{"start":{"line":7,"column":0},"end":{"line":7,"column":15}},"7":{"start":{"line":13,"column":18},"end":{"line":13,"column":48}},"8":{"start":{"line":16,"column":10},"end":{"line":16,"column":128}},"9":{"start":{"line":17,"column":14},"end":{"line":17,"column":32}},"10":{"start":{"line":18,"column":17},"end":{"line":18,"column":33}},"11":{"start":{"line":19,"column":17},"end":{"line":19,"column":24}},"12":{"start":{"line":22,"column":20},"end":{"line":22,"column":42}},"13":{"start":{"line":24,"column":14},"end":{"line":24,"column":32}},"14":{"start":{"line":26,"column":0},"end":{"line":383,"column":2}},"15":{"start":{"line":27,"column":4},"end":{"line":27,"column":20}},"16":{"start":{"line":27,"column":11},"end":{"line":27,"column":20}},"17":{"start":{"line":28,"column":4},"end":{"line":28,"column":24}},"18":{"start":{"line":36,"column":4},"end":{"line":381,"column":6}},"19":{"start":{"line":38,"column":8},"end":{"line":38,"column":35}},"20":{"start":{"line":39,"column":8},"end":{"line":39,"column":37}},"21":{"start":{"line":45,"column":8},"end":{"line":49,"column":10}},"22":{"start":{"line":46,"column":12},"end":{"line":46,"column":40}},"23":{"start":{"line":57,"column":4},"end":{"line":62,"column":6}},"24":{"start":{"line":58,"column":8},"end":{"line":61,"column":10}},"25":{"start":{"line":59,"column":12},"end":{"line":59,"column":29}},"26":{"start":{"line":59,"column":20},"end":{"line":59,"column":29}},"27":{"start":{"line":60,"column":12},"end":{"line":60,"column":28}},"28":{"start":{"line":65,"column":4},"end":{"line":86,"column":6}},"29":{"start":{"line":66,"column":24},"end":{"line":66,"column":54}},"30":{"start":{"line":68,"column":8},"end":{"line":85,"column":10}},"31":{"start":{"line":69,"column":12},"end":{"line":69,"column":29}},"32":{"start":{"line":69,"column":20},"end":{"line":69,"column":29}},"33":{"start":{"line":70,"column":12},"end":{"line":84,"column":13}},"34":{"start":{"line":71,"column":29},"end":{"line":71,"column":38}},"35":{"start":{"line":72,"column":16},"end":{"line":78,"column":18}},"36":{"start":{"line":73,"column":20},"end":{"line":73,"column":37}},"37":{"start":{"line":73,"column":28},"end":{"line":73,"column":37}},"38":{"start":{"line":76,"column":20},"end":{"line":76,"column":39}},"39":{"start":{"line":77,"column":20},"end":{"line":77,"column":36}},"40":{"start":{"line":83,"column":16},"end":{"line":83,"column":45}},"41":{"start":{"line":89,"column":4},"end":{"line":177,"column":6}},"42":{"start":{"line":90,"column":24},"end":{"line":90,"column":54}},"43":{"start":{"line":91,"column":20},"end":{"line":91,"column":49}},"44":{"start":{"line":94,"column":8},"end":{"line":176,"column":9}},"45":{"start":{"line":95,"column":12},"end":{"line":95,"column":37}},"46":{"start":{"line":99,"column":12},"end":{"line":175,"column":14}},"47":{"start":{"line":100,"column":16},"end":{"line":174,"column":15}},"48":{"start":{"line":102,"column":31},"end":{"line":102,"column":40}},"49":{"start":{"line":103,"column":39},"end":{"line":103,"column":51}},"50":{"start":{"line":106,"column":16},"end":{"line":169,"column":18}},"51":{"start":{"line":107,"column":20},"end":{"line":107,"column":37}},"52":{"start":{"line":107,"column":28},"end":{"line":107,"column":37}},"53":{"start":{"line":108,"column":20},"end":{"line":168,"column":21}},"54":{"start":{"line":109,"column":42},"end":{"line":109,"column":63}},"55":{"start":{"line":110,"column":42},"end":{"line":110,"column":60}},"56":{"start":{"line":113,"column":24},"end":{"line":162,"column":26}},"57":{"start":{"line":114,"column":28},"end":{"line":114,"column":45}},"58":{"start":{"line":114,"column":36},"end":{"line":114,"column":45}},"59":{"start":{"line":116,"column":28},"end":{"line":161,"column":29}},"60":{"start":{"line":117,"column":32},"end":{"line":154,"column":33}},"61":{"start":{"line":118,"column":36},"end":{"line":118,"column":112}},"62":{"start":{"line":121,"column":37},"end":{"line":154,"column":33}},"63":{"start":{"line":123,"column":36},"end":{"line":150,"column":38}},"64":{"start":{"line":124,"column":40},"end":{"line":124,"column":57}},"65":{"start":{"line":124,"column":48},"end":{"line":124,"column":57}},"66":{"start":{"line":128,"column":40},"end":{"line":149,"column":42}},"67":{"start":{"line":129,"column":44},"end":{"line":144,"column":45}},"68":{"start":{"line":131,"column":48},"end":{"line":143,"column":50}},"69":{"start":{"line":140,"column":52},"end":{"line":140,"column":69}},"70":{"start":{"line":140,"column":60},"end":{"line":140,"column":69}},"71":{"start":{"line":145,"column":44},"end":{"line":145,"column":53}},"72":{"start":{"line":148,"column":44},"end":{"line":148,"column":81}},"73":{"start":{"line":153,"column":36},"end":{"line":153,"column":74}},"74":{"start":{"line":160,"column":32},"end":{"line":160,"column":61}},"75":{"start":{"line":167,"column":24},"end":{"line":167,"column":53}},"76":{"start":{"line":173,"column":18},"end":{"line":173,"column":42}},"77":{"start":{"line":180,"column":4},"end":{"line":245,"column":6}},"78":{"start":{"line":181,"column":24},"end":{"line":181,"column":54}},"79":{"start":{"line":182,"column":20},"end":{"line":182,"column":49}},"80":{"start":{"line":185,"column":8},"end":{"line":243,"column":9}},"81":{"start":{"line":186,"column":12},"end":{"line":186,"column":37}},"82":{"start":{"line":190,"column":12},"end":{"line":242,"column":14}},"83":{"start":{"line":191,"column":16},"end":{"line":241,"column":15}},"84":{"start":{"line":193,"column":31},"end":{"line":193,"column":40}},"85":{"start":{"line":195,"column":16},"end":{"line":236,"column":18}},"86":{"start":{"line":196,"column":20},"end":{"line":196,"column":37}},"87":{"start":{"line":196,"column":28},"end":{"line":196,"column":37}},"88":{"start":{"line":197,"column":20},"end":{"line":235,"column":21}},"89":{"start":{"line":199,"column":42},"end":{"line":199,"column":60}},"90":{"start":{"line":201,"column":24},"end":{"line":229,"column":26}},"91":{"start":{"line":202,"column":28},"end":{"line":202,"column":45}},"92":{"start":{"line":202,"column":36},"end":{"line":202,"column":45}},"93":{"start":{"line":205,"column":28},"end":{"line":228,"column":29}},"94":{"start":{"line":207,"column":32},"end":{"line":223,"column":78}},"95":{"start":{"line":208,"column":36},"end":{"line":208,"column":75}},"96":{"start":{"line":210,"column":37},"end":{"line":223,"column":78}},"97":{"start":{"line":211,"column":36},"end":{"line":211,"column":75}},"98":{"start":{"line":214,"column":37},"end":{"line":223,"column":78}},"99":{"start":{"line":216,"column":36},"end":{"line":220,"column":38}},"100":{"start":{"line":217,"column":40},"end":{"line":217,"column":57}},"101":{"start":{"line":217,"column":48},"end":{"line":217,"column":57}},"102":{"start":{"line":219,"column":40},"end":{"line":219,"column":77}},"103":{"start":{"line":223,"column":36},"end":{"line":223,"column":78}},"104":{"start":{"line":227,"column":32},"end":{"line":227,"column":63}},"105":{"start":{"line":234,"column":24},"end":{"line":234,"column":53}},"106":{"start":{"line":240,"column":18},"end":{"line":240,"column":42}},"107":{"start":{"line":248,"column":4},"end":{"line":304,"column":6}},"108":{"start":{"line":249,"column":24},"end":{"line":249,"column":54}},"109":{"start":{"line":250,"column":20},"end":{"line":250,"column":49}},"110":{"start":{"line":253,"column":8},"end":{"line":303,"column":9}},"111":{"start":{"line":254,"column":12},"end":{"line":254,"column":37}},"112":{"start":{"line":257,"column":12},"end":{"line":302,"column":14}},"113":{"start":{"line":260,"column":16},"end":{"line":301,"column":15}},"114":{"start":{"line":262,"column":31},"end":{"line":262,"column":40}},"115":{"start":{"line":265,"column":16},"end":{"line":296,"column":18}},"116":{"start":{"line":266,"column":20},"end":{"line":266,"column":37}},"117":{"start":{"line":266,"column":28},"end":{"line":266,"column":37}},"118":{"start":{"line":267,"column":20},"end":{"line":295,"column":21}},"119":{"start":{"line":270,"column":24},"end":{"line":290,"column":26}},"120":{"start":{"line":271,"column":28},"end":{"line":289,"column":29}},"121":{"start":{"line":272,"column":50},"end":{"line":272,"column":62}},"122":{"start":{"line":275,"column":32},"end":{"line":284,"column":33}},"123":{"start":{"line":276,"column":36},"end":{"line":276,"column":78}},"124":{"start":{"line":279,"column":36},"end":{"line":283,"column":38}},"125":{"start":{"line":280,"column":40},"end":{"line":280,"column":57}},"126":{"start":{"line":280,"column":48},"end":{"line":280,"column":57}},"127":{"start":{"line":282,"column":40},"end":{"line":282,"column":102}},"128":{"start":{"line":288,"column":32},"end":{"line":288,"column":63}},"129":{"start":{"line":294,"column":24},"end":{"line":294,"column":53}},"130":{"start":{"line":300,"column":18},"end":{"line":300,"column":42}},"131":{"start":{"line":307,"column":4},"end":{"line":329,"column":6}},"132":{"start":{"line":308,"column":24},"end":{"line":308,"column":54}},"133":{"start":{"line":309,"column":20},"end":{"line":309,"column":49}},"134":{"start":{"line":311,"column":8},"end":{"line":327,"column":10}},"135":{"start":{"line":319,"column":12},"end":{"line":320,"column":25}},"136":{"start":{"line":320,"column":16},"end":{"line":320,"column":25}},"137":{"start":{"line":322,"column":12},"end":{"line":326,"column":39}},"138":{"start":{"line":323,"column":16},"end":{"line":323,"column":53}},"139":{"start":{"line":326,"column":16},"end":{"line":326,"column":39}},"140":{"start":{"line":332,"column":4},"end":{"line":354,"column":6}},"141":{"start":{"line":333,"column":24},"end":{"line":333,"column":54}},"142":{"start":{"line":334,"column":19},"end":{"line":334,"column":34}},"143":{"start":{"line":335,"column":20},"end":{"line":335,"column":49}},"144":{"start":{"line":337,"column":8},"end":{"line":352,"column":10}},"145":{"start":{"line":344,"column":12},"end":{"line":345,"column":25}},"146":{"start":{"line":345,"column":16},"end":{"line":345,"column":25}},"147":{"start":{"line":347,"column":12},"end":{"line":351,"column":39}},"148":{"start":{"line":348,"column":16},"end":{"line":348,"column":53}},"149":{"start":{"line":351,"column":16},"end":{"line":351,"column":39}},"150":{"start":{"line":357,"column":4},"end":{"line":379,"column":6}},"151":{"start":{"line":358,"column":24},"end":{"line":358,"column":54}},"152":{"start":{"line":359,"column":19},"end":{"line":359,"column":34}},"153":{"start":{"line":360,"column":20},"end":{"line":360,"column":49}},"154":{"start":{"line":362,"column":8},"end":{"line":377,"column":10}},"155":{"start":{"line":369,"column":12},"end":{"line":370,"column":25}},"156":{"start":{"line":370,"column":16},"end":{"line":370,"column":25}},"157":{"start":{"line":372,"column":12},"end":{"line":376,"column":39}},"158":{"start":{"line":373,"column":16},"end":{"line":373,"column":53}},"159":{"start":{"line":376,"column":16},"end":{"line":376,"column":39}},"160":{"start":{"line":385,"column":0},"end":{"line":385,"column":20}}},"fnMap":{"0":{"name":"(anonymous_0)","decl":{"start":{"line":26,"column":24},"end":{"line":26,"column":25}},"loc":{"start":{"line":26,"column":34},"end":{"line":383,"column":1}},"line":26},"1":{"name":"(anonymous_1)","decl":{"start":{"line":36,"column":47},"end":{"line":36,"column":48}},"loc":{"start":{"line":36,"column":61},"end":{"line":381,"column":5}},"line":36},"2":{"name":"cleanup","decl":{"start":{"line":44,"column":13},"end":{"line":44,"column":20}},"loc":{"start":{"line":44,"column":22},"end":{"line":50,"column":5}},"line":44},"3":{"name":"(anonymous_3)","decl":{"start":{"line":45,"column":99},"end":{"line":45,"column":100}},"loc":{"start":{"line":45,"column":113},"end":{"line":49,"column":9}},"line":45},"4":{"name":"(anonymous_4)","decl":{"start":{"line":57,"column":23},"end":{"line":57,"column":24}},"loc":{"start":{"line":57,"column":34},"end":{"line":62,"column":5}},"line":57},"5":{"name":"(anonymous_5)","decl":{"start":{"line":58,"column":66},"end":{"line":58,"column":67}},"loc":{"start":{"line":58,"column":80},"end":{"line":61,"column":9}},"line":58},"6":{"name":"(anonymous_6)","decl":{"start":{"line":65,"column":34},"end":{"line":65,"column":35}},"loc":{"start":{"line":65,"column":45},"end":{"line":86,"column":5}},"line":65},"7":{"name":"(anonymous_7)","decl":{"start":{"line":68,"column":81},"end":{"line":68,"column":82}},"loc":{"start":{"line":68,"column":95},"end":{"line":85,"column":9}},"line":68},"8":{"name":"(anonymous_8)","decl":{"start":{"line":72,"column":108},"end":{"line":72,"column":109}},"loc":{"start":{"line":72,"column":122},"end":{"line":78,"column":17}},"line":72},"9":{"name":"(anonymous_9)","decl":{"start":{"line":89,"column":42},"end":{"line":89,"column":43}},"loc":{"start":{"line":89,"column":53},"end":{"line":177,"column":5}},"line":89},"10":{"name":"(anonymous_10)","decl":{"start":{"line":99,"column":69},"end":{"line":99,"column":70}},"loc":{"start":{"line":99,"column":89},"end":{"line":175,"column":13}},"line":99},"11":{"name":"(anonymous_11)","decl":{"start":{"line":106,"column":89},"end":{"line":106,"column":90}},"loc":{"start":{"line":106,"column":103},"end":{"line":169,"column":17}},"line":106},"12":{"name":"(anonymous_12)","decl":{"start":{"line":113,"column":99},"end":{"line":113,"column":100}},"loc":{"start":{"line":113,"column":113},"end":{"line":162,"column":25}},"line":113},"13":{"name":"(anonymous_13)","decl":{"start":{"line":123,"column":145},"end":{"line":123,"column":146}},"loc":{"start":{"line":123,"column":159},"end":{"line":150,"column":37}},"line":123},"14":{"name":"(anonymous_14)","decl":{"start":{"line":128,"column":52},"end":{"line":128,"column":53}},"loc":{"start":{"line":128,"column":70},"end":{"line":147,"column":41}},"line":128},"15":{"name":"(anonymous_15)","decl":{"start":{"line":139,"column":50},"end":{"line":139,"column":51}},"loc":{"start":{"line":139,"column":66},"end":{"line":143,"column":49}},"line":139},"16":{"name":"(anonymous_16)","decl":{"start":{"line":147,"column":48},"end":{"line":147,"column":49}},"loc":{"start":{"line":147,"column":52},"end":{"line":149,"column":41}},"line":147},"17":{"name":"(anonymous_17)","decl":{"start":{"line":180,"column":47},"end":{"line":180,"column":48}},"loc":{"start":{"line":180,"column":58},"end":{"line":245,"column":5}},"line":180},"18":{"name":"(anonymous_18)","decl":{"start":{"line":190,"column":69},"end":{"line":190,"column":70}},"loc":{"start":{"line":190,"column":89},"end":{"line":242,"column":13}},"line":190},"19":{"name":"(anonymous_19)","decl":{"start":{"line":195,"column":89},"end":{"line":195,"column":90}},"loc":{"start":{"line":195,"column":103},"end":{"line":236,"column":17}},"line":195},"20":{"name":"(anonymous_20)","decl":{"start":{"line":201,"column":99},"end":{"line":201,"column":100}},"loc":{"start":{"line":201,"column":113},"end":{"line":229,"column":25}},"line":201},"21":{"name":"(anonymous_21)","decl":{"start":{"line":216,"column":138},"end":{"line":216,"column":139}},"loc":{"start":{"line":216,"column":152},"end":{"line":220,"column":37}},"line":216},"22":{"name":"(anonymous_22)","decl":{"start":{"line":248,"column":42},"end":{"line":248,"column":43}},"loc":{"start":{"line":248,"column":53},"end":{"line":304,"column":5}},"line":248},"23":{"name":"(anonymous_23)","decl":{"start":{"line":257,"column":69},"end":{"line":257,"column":70}},"loc":{"start":{"line":257,"column":89},"end":{"line":302,"column":13}},"line":257},"24":{"name":"(anonymous_24)","decl":{"start":{"line":265,"column":89},"end":{"line":265,"column":90}},"loc":{"start":{"line":265,"column":103},"end":{"line":296,"column":17}},"line":265},"25":{"name":"(anonymous_25)","decl":{"start":{"line":270,"column":91},"end":{"line":270,"column":92}},"loc":{"start":{"line":270,"column":105},"end":{"line":290,"column":25}},"line":270},"26":{"name":"(anonymous_26)","decl":{"start":{"line":279,"column":105},"end":{"line":279,"column":106}},"loc":{"start":{"line":279,"column":119},"end":{"line":283,"column":37}},"line":279},"27":{"name":"(anonymous_27)","decl":{"start":{"line":307,"column":40},"end":{"line":307,"column":41}},"loc":{"start":{"line":307,"column":51},"end":{"line":329,"column":5}},"line":307},"28":{"name":"(anonymous_28)","decl":{"start":{"line":318,"column":10},"end":{"line":318,"column":11}},"loc":{"start":{"line":318,"column":26},"end":{"line":327,"column":9}},"line":318},"29":{"name":"(anonymous_29)","decl":{"start":{"line":332,"column":40},"end":{"line":332,"column":41}},"loc":{"start":{"line":332,"column":51},"end":{"line":354,"column":5}},"line":332},"30":{"name":"(anonymous_30)","decl":{"start":{"line":343,"column":10},"end":{"line":343,"column":11}},"loc":{"start":{"line":343,"column":26},"end":{"line":352,"column":9}},"line":343},"31":{"name":"(anonymous_31)","decl":{"start":{"line":357,"column":45},"end":{"line":357,"column":46}},"loc":{"start":{"line":357,"column":56},"end":{"line":379,"column":5}},"line":357},"32":{"name":"(anonymous_32)","decl":{"start":{"line":368,"column":10},"end":{"line":368,"column":11}},"loc":{"start":{"line":368,"column":26},"end":{"line":377,"column":9}},"line":368}},"branchMap":{"0":{"loc":{"start":{"line":27,"column":4},"end":{"line":27,"column":20}},"type":"if","locations":[{"start":{"line":27,"column":4},"end":{"line":27,"column":20}},{"start":{"line":27,"column":4},"end":{"line":27,"column":20}}],"line":27},"1":{"loc":{"start":{"line":59,"column":12},"end":{"line":59,"column":29}},"type":"if","locations":[{"start":{"line":59,"column":12},"end":{"line":59,"column":29}},{"start":{"line":59,"column":12},"end":{"line":59,"column":29}}],"line":59},"2":{"loc":{"start":{"line":69,"column":12},"end":{"line":69,"column":29}},"type":"if","locations":[{"start":{"line":69,"column":12},"end":{"line":69,"column":29}},{"start":{"line":69,"column":12},"end":{"line":69,"column":29}}],"line":69},"3":{"loc":{"start":{"line":70,"column":12},"end":{"line":84,"column":13}},"type":"if","locations":[{"start":{"line":70,"column":12},"end":{"line":84,"column":13}},{"start":{"line":70,"column":12},"end":{"line":84,"column":13}}],"line":70},"4":{"loc":{"start":{"line":73,"column":20},"end":{"line":73,"column":37}},"type":"if","locations":[{"start":{"line":73,"column":20},"end":{"line":73,"column":37}},{"start":{"line":73,"column":20},"end":{"line":73,"column":37}}],"line":73},"5":{"loc":{"start":{"line":94,"column":8},"end":{"line":176,"column":9}},"type":"if","locations":[{"start":{"line":94,"column":8},"end":{"line":176,"column":9}},{"start":{"line":94,"column":8},"end":{"line":176,"column":9}}],"line":94},"6":{"loc":{"start":{"line":100,"column":16},"end":{"line":174,"column":15}},"type":"if","locations":[{"start":{"line":100,"column":16},"end":{"line":174,"column":15}},{"start":{"line":100,"column":16},"end":{"line":174,"column":15}}],"line":100},"7":{"loc":{"start":{"line":100,"column":19},"end":{"line":100,"column":83}},"type":"binary-expr","locations":[{"start":{"line":100,"column":19},"end":{"line":100,"column":37}},{"start":{"line":100,"column":42},"end":{"line":100,"column":82}}],"line":100},"8":{"loc":{"start":{"line":107,"column":20},"end":{"line":107,"column":37}},"type":"if","locations":[{"start":{"line":107,"column":20},"end":{"line":107,"column":37}},{"start":{"line":107,"column":20},"end":{"line":107,"column":37}}],"line":107},"9":{"loc":{"start":{"line":108,"column":20},"end":{"line":168,"column":21}},"type":"if","locations":[{"start":{"line":108,"column":20},"end":{"line":168,"column":21}},{"start":{"line":108,"column":20},"end":{"line":168,"column":21}}],"line":108},"10":{"loc":{"start":{"line":114,"column":28},"end":{"line":114,"column":45}},"type":"if","locations":[{"start":{"line":114,"column":28},"end":{"line":114,"column":45}},{"start":{"line":114,"column":28},"end":{"line":114,"column":45}}],"line":114},"11":{"loc":{"start":{"line":116,"column":28},"end":{"line":161,"column":29}},"type":"if","locations":[{"start":{"line":116,"column":28},"end":{"line":161,"column":29}},{"start":{"line":116,"column":28},"end":{"line":161,"column":29}}],"line":116},"12":{"loc":{"start":{"line":116,"column":31},"end":{"line":116,"column":83}},"type":"binary-expr","locations":[{"start":{"line":116,"column":31},"end":{"line":116,"column":47}},{"start":{"line":116,"column":51},"end":{"line":116,"column":83}}],"line":116},"13":{"loc":{"start":{"line":117,"column":32},"end":{"line":154,"column":33}},"type":"if","locations":[{"start":{"line":117,"column":32},"end":{"line":154,"column":33}},{"start":{"line":117,"column":32},"end":{"line":154,"column":33}}],"line":117},"14":{"loc":{"start":{"line":121,"column":37},"end":{"line":154,"column":33}},"type":"if","locations":[{"start":{"line":121,"column":37},"end":{"line":154,"column":33}},{"start":{"line":121,"column":37},"end":{"line":154,"column":33}}],"line":121},"15":{"loc":{"start":{"line":124,"column":40},"end":{"line":124,"column":57}},"type":"if","locations":[{"start":{"line":124,"column":40},"end":{"line":124,"column":57}},{"start":{"line":124,"column":40},"end":{"line":124,"column":57}}],"line":124},"16":{"loc":{"start":{"line":129,"column":44},"end":{"line":144,"column":45}},"type":"if","locations":[{"start":{"line":129,"column":44},"end":{"line":144,"column":45}},{"start":{"line":129,"column":44},"end":{"line":144,"column":45}}],"line":129},"17":{"loc":{"start":{"line":140,"column":52},"end":{"line":140,"column":69}},"type":"if","locations":[{"start":{"line":140,"column":52},"end":{"line":140,"column":69}},{"start":{"line":140,"column":52},"end":{"line":140,"column":69}}],"line":140},"18":{"loc":{"start":{"line":185,"column":8},"end":{"line":243,"column":9}},"type":"if","locations":[{"start":{"line":185,"column":8},"end":{"line":243,"column":9}},{"start":{"line":185,"column":8},"end":{"line":243,"column":9}}],"line":185},"19":{"loc":{"start":{"line":191,"column":16},"end":{"line":241,"column":15}},"type":"if","locations":[{"start":{"line":191,"column":16},"end":{"line":241,"column":15}},{"start":{"line":191,"column":16},"end":{"line":241,"column":15}}],"line":191},"20":{"loc":{"start":{"line":191,"column":19},"end":{"line":191,"column":83}},"type":"binary-expr","locations":[{"start":{"line":191,"column":19},"end":{"line":191,"column":37}},{"start":{"line":191,"column":42},"end":{"line":191,"column":82}}],"line":191},"21":{"loc":{"start":{"line":196,"column":20},"end":{"line":196,"column":37}},"type":"if","locations":[{"start":{"line":196,"column":20},"end":{"line":196,"column":37}},{"start":{"line":196,"column":20},"end":{"line":196,"column":37}}],"line":196},"22":{"loc":{"start":{"line":197,"column":20},"end":{"line":235,"column":21}},"type":"if","locations":[{"start":{"line":197,"column":20},"end":{"line":235,"column":21}},{"start":{"line":197,"column":20},"end":{"line":235,"column":21}}],"line":197},"23":{"loc":{"start":{"line":202,"column":28},"end":{"line":202,"column":45}},"type":"if","locations":[{"start":{"line":202,"column":28},"end":{"line":202,"column":45}},{"start":{"line":202,"column":28},"end":{"line":202,"column":45}}],"line":202},"24":{"loc":{"start":{"line":205,"column":28},"end":{"line":228,"column":29}},"type":"if","locations":[{"start":{"line":205,"column":28},"end":{"line":228,"column":29}},{"start":{"line":205,"column":28},"end":{"line":228,"column":29}}],"line":205},"25":{"loc":{"start":{"line":205,"column":31},"end":{"line":205,"column":84}},"type":"binary-expr","locations":[{"start":{"line":205,"column":31},"end":{"line":205,"column":47}},{"start":{"line":205,"column":52},"end":{"line":205,"column":84}}],"line":205},"26":{"loc":{"start":{"line":207,"column":32},"end":{"line":223,"column":78}},"type":"if","locations":[{"start":{"line":207,"column":32},"end":{"line":223,"column":78}},{"start":{"line":207,"column":32},"end":{"line":223,"column":78}}],"line":207},"27":{"loc":{"start":{"line":210,"column":37},"end":{"line":223,"column":78}},"type":"if","locations":[{"start":{"line":210,"column":37},"end":{"line":223,"column":78}},{"start":{"line":210,"column":37},"end":{"line":223,"column":78}}],"line":210},"28":{"loc":{"start":{"line":214,"column":37},"end":{"line":223,"column":78}},"type":"if","locations":[{"start":{"line":214,"column":37},"end":{"line":223,"column":78}},{"start":{"line":214,"column":37},"end":{"line":223,"column":78}}],"line":214},"29":{"loc":{"start":{"line":217,"column":40},"end":{"line":217,"column":57}},"type":"if","locations":[{"start":{"line":217,"column":40},"end":{"line":217,"column":57}},{"start":{"line":217,"column":40},"end":{"line":217,"column":57}}],"line":217},"30":{"loc":{"start":{"line":253,"column":8},"end":{"line":303,"column":9}},"type":"if","locations":[{"start":{"line":253,"column":8},"end":{"line":303,"column":9}},{"start":{"line":253,"column":8},"end":{"line":303,"column":9}}],"line":253},"31":{"loc":{"start":{"line":260,"column":16},"end":{"line":301,"column":15}},"type":"if","locations":[{"start":{"line":260,"column":16},"end":{"line":301,"column":15}},{"start":{"line":260,"column":16},"end":{"line":301,"column":15}}],"line":260},"32":{"loc":{"start":{"line":260,"column":19},"end":{"line":260,"column":83}},"type":"binary-expr","locations":[{"start":{"line":260,"column":19},"end":{"line":260,"column":37}},{"start":{"line":260,"column":42},"end":{"line":260,"column":82}}],"line":260},"33":{"loc":{"start":{"line":266,"column":20},"end":{"line":266,"column":37}},"type":"if","locations":[{"start":{"line":266,"column":20},"end":{"line":266,"column":37}},{"start":{"line":266,"column":20},"end":{"line":266,"column":37}}],"line":266},"34":{"loc":{"start":{"line":267,"column":20},"end":{"line":295,"column":21}},"type":"if","locations":[{"start":{"line":267,"column":20},"end":{"line":295,"column":21}},{"start":{"line":267,"column":20},"end":{"line":295,"column":21}}],"line":267},"35":{"loc":{"start":{"line":267,"column":23},"end":{"line":267,"column":77}},"type":"binary-expr","locations":[{"start":{"line":267,"column":23},"end":{"line":267,"column":41}},{"start":{"line":267,"column":45},"end":{"line":267,"column":77}}],"line":267},"36":{"loc":{"start":{"line":271,"column":28},"end":{"line":289,"column":29}},"type":"if","locations":[{"start":{"line":271,"column":28},"end":{"line":289,"column":29}},{"start":{"line":271,"column":28},"end":{"line":289,"column":29}}],"line":271},"37":{"loc":{"start":{"line":275,"column":32},"end":{"line":284,"column":33}},"type":"if","locations":[{"start":{"line":275,"column":32},"end":{"line":284,"column":33}},{"start":{"line":275,"column":32},"end":{"line":284,"column":33}}],"line":275},"38":{"loc":{"start":{"line":280,"column":40},"end":{"line":280,"column":57}},"type":"if","locations":[{"start":{"line":280,"column":40},"end":{"line":280,"column":57}},{"start":{"line":280,"column":40},"end":{"line":280,"column":57}}],"line":280},"39":{"loc":{"start":{"line":319,"column":12},"end":{"line":320,"column":25}},"type":"if","locations":[{"start":{"line":319,"column":12},"end":{"line":320,"column":25}},{"start":{"line":319,"column":12},"end":{"line":320,"column":25}}],"line":319},"40":{"loc":{"start":{"line":322,"column":12},"end":{"line":326,"column":39}},"type":"if","locations":[{"start":{"line":322,"column":12},"end":{"line":326,"column":39}},{"start":{"line":322,"column":12},"end":{"line":326,"column":39}}],"line":322},"41":{"loc":{"start":{"line":344,"column":12},"end":{"line":345,"column":25}},"type":"if","locations":[{"start":{"line":344,"column":12},"end":{"line":345,"column":25}},{"start":{"line":344,"column":12},"end":{"line":345,"column":25}}],"line":344},"42":{"loc":{"start":{"line":347,"column":12},"end":{"line":351,"column":39}},"type":"if","locations":[{"start":{"line":347,"column":12},"end":{"line":351,"column":39}},{"start":{"line":347,"column":12},"end":{"line":351,"column":39}}],"line":347},"43":{"loc":{"start":{"line":369,"column":12},"end":{"line":370,"column":25}},"type":"if","locations":[{"start":{"line":369,"column":12},"end":{"line":370,"column":25}},{"start":{"line":369,"column":12},"end":{"line":370,"column":25}}],"line":369},"44":{"loc":{"start":{"line":372,"column":12},"end":{"line":376,"column":39}},"type":"if","locations":[{"start":{"line":372,"column":12},"end":{"line":376,"column":39}},{"start":{"line":372,"column":12},"end":{"line":376,"column":39}}],"line":372}},"s":{"0":3,"1":3,"2":3,"3":3,"4":3,"5":3,"6":3,"7":3,"8":3,"9":3,"10":3,"11":3,"12":3,"13":3,"14":3,"15":3,"16":0,"17":3,"18":3,"19":3,"20":3,"21":0,"22":0,"23":3,"24":0,"25":0,"26":0,"27":0,"28":3,"29":2,"30":2,"31":2,"32":0,"33":2,"34":1,"35":1,"36":1,"37":0,"38":1,"39":1,"40":1,"41":3,"42":8,"43":8,"44":8,"45":1,"46":7,"47":7,"48":6,"49":6,"50":6,"51":6,"52":0,"53":6,"54":5,"55":5,"56":5,"57":5,"58":0,"59":5,"60":3,"61":1,"62":2,"63":1,"64":1,"65":0,"66":1,"67":1,"68":1,"69":1,"70":0,"71":1,"72":1,"73":1,"74":2,"75":1,"76":1,"77":3,"78":9,"79":9,"80":9,"81":1,"82":8,"83":8,"84":7,"85":7,"86":7,"87":0,"88":7,"89":6,"90":6,"91":6,"92":0,"93":6,"94":4,"95":1,"96":3,"97":1,"98":2,"99":1,"100":1,"101":0,"102":1,"103":1,"104":2,"105":1,"106":1,"107":3,"108":7,"109":7,"110":7,"111":1,"112":6,"113":6,"114":5,"115":5,"116":5,"117":0,"118":5,"119":3,"120":3,"121":2,"122":2,"123":1,"124":1,"125":1,"126":0,"127":1,"128":1,"129":2,"130":1,"131":3,"132":5,"133":5,"134":5,"135":5,"136":0,"137":5,"138":1,"139":4,"140":3,"141":5,"142":5,"143":5,"144":5,"145":5,"146":0,"147":5,"148":2,"149":3,"150":3,"151":2,"152":2,"153":2,"154":2,"155":2,"156":0,"157":2,"158":2,"159":0,"160":3},"f":{"0":3,"1":3,"2":0,"3":0,"4":0,"5":0,"6":2,"7":2,"8":1,"9":8,"10":7,"11":6,"12":5,"13":1,"14":1,"15":1,"16":1,"17":9,"18":8,"19":7,"20":6,"21":1,"22":7,"23":6,"24":5,"25":3,"26":1,"27":5,"28":5,"29":5,"30":5,"31":2,"32":2},"b":{"0":[0,3],"1":[0,0],"2":[0,2],"3":[1,1],"4":[0,1],"5":[1,7],"6":[6,1],"7":[7,6],"8":[0,6],"9":[5,1],"10":[0,5],"11":[3,2],"12":[5,4],"13":[1,2],"14":[1,1],"15":[0,1],"16":[1,0],"17":[0,1],"18":[1,8],"19":[7,1],"20":[8,7],"21":[0,7],"22":[6,1],"23":[0,6],"24":[4,2],"25":[6,5],"26":[1,3],"27":[1,2],"28":[1,1],"29":[0,1],"30":[1,6],"31":[5,1],"32":[6,5],"33":[0,5],"34":[3,2],"35":[5,4],"36":[2,1],"37":[1,1],"38":[0,1],"39":[0,5],"40":[1,4],"41":[0,5],"42":[2,3],"43":[0,2],"44":[2,0]},"_coverageSchema":"1a1c01bbd47fc00a2c39e90264f33305004495a9","hash":"b02d7493dc6d8a4d660d61762e8c1307ee255692"}
,"C:\\Users\\d976640\\Documents\\skillenhance_OAuth\\controllers\\authorize.js": {"path":"C:\\Users\\d976640\\Documents\\skillenhance_OAuth\\controllers\\authorize.js","statementMap":{"0":{"start":{"line":1,"column":10},"end":{"line":1,"column":33}},"1":{"start":{"line":2,"column":14},"end":{"line":2,"column":32}},"2":{"start":{"line":5,"column":0},"end":{"line":7,"column":1}},"3":{"start":{"line":6,"column":4},"end":{"line":6,"column":25}},"4":{"start":{"line":10,"column":0},"end":{"line":39,"column":1}},"5":{"start":{"line":13,"column":4},"end":{"line":38,"column":5}},"6":{"start":{"line":14,"column":8},"end":{"line":14,"column":19}},"7":{"start":{"line":17,"column":4},"end":{"line":37,"column":6}},"8":{"start":{"line":18,"column":8},"end":{"line":36,"column":10}},"9":{"start":{"line":22,"column":12},"end":{"line":22,"column":29}},"10":{"start":{"line":22,"column":20},"end":{"line":22,"column":29}},"11":{"start":{"line":23,"column":12},"end":{"line":23,"column":33}},"12":{"start":{"line":24,"column":12},"end":{"line":34,"column":13}},"13":{"start":{"line":26,"column":20},"end":{"line":26,"column":38}},"14":{"start":{"line":27,"column":20},"end":{"line":27,"column":28}},"15":{"start":{"line":28,"column":20},"end":{"line":28,"column":32}},"16":{"start":{"line":31,"column":16},"end":{"line":31,"column":33}},"17":{"start":{"line":32,"column":16},"end":{"line":32,"column":25}},"18":{"start":{"line":33,"column":16},"end":{"line":33,"column":28}}},"fnMap":{"0":{"name":"get_token","decl":{"start":{"line":5,"column":26},"end":{"line":5,"column":35}},"loc":{"start":{"line":5,"column":41},"end":{"line":7,"column":1}},"line":5},"1":{"name":"validate_user","decl":{"start":{"line":10,"column":26},"end":{"line":10,"column":39}},"loc":{"start":{"line":10,"column":55},"end":{"line":39,"column":1}},"line":10},"2":{"name":"(anonymous_2)","decl":{"start":{"line":17,"column":23},"end":{"line":17,"column":24}},"loc":{"start":{"line":17,"column":41},"end":{"line":37,"column":5}},"line":17},"3":{"name":"(anonymous_3)","decl":{"start":{"line":21,"column":10},"end":{"line":21,"column":11}},"loc":{"start":{"line":21,"column":31},"end":{"line":36,"column":9}},"line":21}},"branchMap":{"0":{"loc":{"start":{"line":13,"column":4},"end":{"line":38,"column":5}},"type":"if","locations":[{"start":{"line":13,"column":4},"end":{"line":38,"column":5}},{"start":{"line":13,"column":4},"end":{"line":38,"column":5}}],"line":13},"1":{"loc":{"start":{"line":22,"column":12},"end":{"line":22,"column":29}},"type":"if","locations":[{"start":{"line":22,"column":12},"end":{"line":22,"column":29}},{"start":{"line":22,"column":12},"end":{"line":22,"column":29}}],"line":22},"2":{"loc":{"start":{"line":24,"column":12},"end":{"line":34,"column":13}},"type":"if","locations":[{"start":{"line":24,"column":12},"end":{"line":34,"column":13}},{"start":{"line":24,"column":12},"end":{"line":34,"column":13}}],"line":24}},"s":{"0":9,"1":9,"2":9,"3":0,"4":9,"5":54,"6":54,"7":0,"8":0,"9":0,"10":0,"11":0,"12":0,"13":0,"14":0,"15":0,"16":0,"17":0,"18":0},"f":{"0":0,"1":54,"2":0,"3":0},"b":{"0":[54,0],"1":[0,0],"2":[0,0]},"_coverageSchema":"1a1c01bbd47fc00a2c39e90264f33305004495a9","hash":"e4c80f8d355946becb592ff66e9312ad98122ac6"}
,"C:\\Users\\d976640\\Documents\\skillenhance_OAuth\\controllers\\comments.js": {"path":"C:\\Users\\d976640\\Documents\\skillenhance_OAuth\\controllers\\comments.js","statementMap":{"0":{"start":{"line":1,"column":16},"end":{"line":1,"column":46}},"1":{"start":{"line":2,"column":8},"end":{"line":2,"column":86}},"2":{"start":{"line":3,"column":9},"end":{"line":3,"column":27}},"3":{"start":{"line":4,"column":22},"end":{"line":4,"column":32}},"4":{"start":{"line":5,"column":22},"end":{"line":5,"column":38}},"5":{"start":{"line":6,"column":21},"end":{"line":6,"column":28}},"6":{"start":{"line":7,"column":17},"end":{"line":7,"column":26}},"7":{"start":{"line":10,"column":12},"end":{"line":10,"column":30}},"8":{"start":{"line":11,"column":10},"end":{"line":11,"column":19}},"9":{"start":{"line":12,"column":17},"end":{"line":12,"column":39}},"10":{"start":{"line":13,"column":0},"end":{"line":13,"column":23}},"11":{"start":{"line":14,"column":0},"end":{"line":14,"column":44}},"12":{"start":{"line":15,"column":0},"end":{"line":15,"column":33}},"13":{"start":{"line":18,"column":14},"end":{"line":18,"column":16}},"14":{"start":{"line":22,"column":14},"end":{"line":22,"column":32}},"15":{"start":{"line":23,"column":20},"end":{"line":23,"column":42}},"16":{"start":{"line":24,"column":16},"end":{"line":24,"column":38}},"17":{"start":{"line":30,"column":0},"end":{"line":294,"column":2}},"18":{"start":{"line":31,"column":4},"end":{"line":31,"column":21}},"19":{"start":{"line":31,"column":12},"end":{"line":31,"column":21}},"20":{"start":{"line":32,"column":4},"end":{"line":32,"column":19}},"21":{"start":{"line":33,"column":4},"end":{"line":293,"column":6}},"22":{"start":{"line":34,"column":8},"end":{"line":34,"column":38}},"23":{"start":{"line":35,"column":8},"end":{"line":35,"column":37}},"24":{"start":{"line":39,"column":12},"end":{"line":43,"column":14}},"25":{"start":{"line":51,"column":8},"end":{"line":78,"column":10}},"26":{"start":{"line":52,"column":22},"end":{"line":52,"column":51}},"27":{"start":{"line":55,"column":12},"end":{"line":60,"column":14}},"28":{"start":{"line":57,"column":16},"end":{"line":57,"column":34}},"29":{"start":{"line":58,"column":16},"end":{"line":58,"column":26}},"30":{"start":{"line":59,"column":16},"end":{"line":59,"column":34}},"31":{"start":{"line":63,"column":20},"end":{"line":76,"column":18}},"32":{"start":{"line":64,"column":20},"end":{"line":75,"column":22}},"33":{"start":{"line":65,"column":24},"end":{"line":74,"column":25}},"34":{"start":{"line":66,"column":28},"end":{"line":66,"column":37}},"35":{"start":{"line":67,"column":29},"end":{"line":74,"column":25}},"36":{"start":{"line":68,"column":28},"end":{"line":68,"column":60}},"37":{"start":{"line":71,"column":28},"end":{"line":73,"column":30}},"38":{"start":{"line":72,"column":32},"end":{"line":72,"column":49}},"39":{"start":{"line":81,"column":8},"end":{"line":87,"column":10}},"40":{"start":{"line":82,"column":21},"end":{"line":82,"column":45}},"41":{"start":{"line":83,"column":12},"end":{"line":86,"column":14}},"42":{"start":{"line":84,"column":16},"end":{"line":85,"column":40}},"43":{"start":{"line":84,"column":37},"end":{"line":84,"column":67}},"44":{"start":{"line":85,"column":21},"end":{"line":85,"column":40}},"45":{"start":{"line":90,"column":8},"end":{"line":97,"column":10}},"46":{"start":{"line":91,"column":21},"end":{"line":91,"column":45}},"47":{"start":{"line":93,"column":12},"end":{"line":96,"column":14}},"48":{"start":{"line":94,"column":16},"end":{"line":95,"column":37}},"49":{"start":{"line":94,"column":25},"end":{"line":94,"column":34}},"50":{"start":{"line":95,"column":21},"end":{"line":95,"column":37}},"51":{"start":{"line":100,"column":8},"end":{"line":161,"column":10}},"52":{"start":{"line":103,"column":24},"end":{"line":103,"column":53}},"53":{"start":{"line":104,"column":12},"end":{"line":160,"column":13}},"54":{"start":{"line":104,"column":28},"end":{"line":104,"column":53}},"55":{"start":{"line":106,"column":25},"end":{"line":106,"column":49}},"56":{"start":{"line":107,"column":16},"end":{"line":159,"column":18}},"57":{"start":{"line":108,"column":20},"end":{"line":158,"column":61}},"58":{"start":{"line":109,"column":35},"end":{"line":109,"column":44}},"59":{"start":{"line":110,"column":24},"end":{"line":156,"column":26}},"60":{"start":{"line":111,"column":28},"end":{"line":155,"column":60}},"61":{"start":{"line":112,"column":32},"end":{"line":153,"column":37}},"62":{"start":{"line":112,"column":63},"end":{"line":112,"column":97}},"63":{"start":{"line":114,"column":51},"end":{"line":123,"column":37}},"64":{"start":{"line":124,"column":36},"end":{"line":124,"column":51}},"65":{"start":{"line":125,"column":36},"end":{"line":125,"column":73}},"66":{"start":{"line":126,"column":36},"end":{"line":152,"column":42}},"67":{"start":{"line":127,"column":40},"end":{"line":127,"column":58}},"68":{"start":{"line":127,"column":49},"end":{"line":127,"column":58}},"69":{"start":{"line":131,"column":40},"end":{"line":151,"column":42}},"70":{"start":{"line":132,"column":44},"end":{"line":146,"column":45}},"71":{"start":{"line":134,"column":48},"end":{"line":145,"column":50}},"72":{"start":{"line":143,"column":52},"end":{"line":143,"column":69}},"73":{"start":{"line":143,"column":60},"end":{"line":143,"column":69}},"74":{"start":{"line":147,"column":44},"end":{"line":147,"column":53}},"75":{"start":{"line":150,"column":44},"end":{"line":150,"column":86}},"76":{"start":{"line":155,"column":33},"end":{"line":155,"column":60}},"77":{"start":{"line":158,"column":25},"end":{"line":158,"column":61}},"78":{"start":{"line":164,"column":8},"end":{"line":197,"column":10}},"79":{"start":{"line":167,"column":24},"end":{"line":167,"column":53}},"80":{"start":{"line":168,"column":21},"end":{"line":168,"column":45}},"81":{"start":{"line":169,"column":12},"end":{"line":196,"column":13}},"82":{"start":{"line":169,"column":31},"end":{"line":169,"column":56}},"83":{"start":{"line":171,"column":16},"end":{"line":195,"column":18}},"84":{"start":{"line":172,"column":20},"end":{"line":194,"column":49}},"85":{"start":{"line":172,"column":29},"end":{"line":172,"column":38}},"86":{"start":{"line":173,"column":25},"end":{"line":194,"column":49}},"87":{"start":{"line":174,"column":24},"end":{"line":174,"column":40}},"88":{"start":{"line":175,"column":24},"end":{"line":192,"column":26}},"89":{"start":{"line":176,"column":28},"end":{"line":191,"column":74}},"90":{"start":{"line":177,"column":32},"end":{"line":189,"column":34}},"91":{"start":{"line":178,"column":36},"end":{"line":188,"column":68}},"92":{"start":{"line":179,"column":40},"end":{"line":186,"column":41}},"93":{"start":{"line":179,"column":70},"end":{"line":179,"column":104}},"94":{"start":{"line":181,"column":44},"end":{"line":181,"column":154}},"95":{"start":{"line":182,"column":44},"end":{"line":185,"column":92}},"96":{"start":{"line":183,"column":44},"end":{"line":183,"column":94}},"97":{"start":{"line":184,"column":49},"end":{"line":185,"column":92}},"98":{"start":{"line":185,"column":44},"end":{"line":185,"column":92}},"99":{"start":{"line":188,"column":41},"end":{"line":188,"column":68}},"100":{"start":{"line":191,"column":33},"end":{"line":191,"column":74}},"101":{"start":{"line":194,"column":25},"end":{"line":194,"column":49}},"102":{"start":{"line":200,"column":8},"end":{"line":225,"column":10}},"103":{"start":{"line":203,"column":24},"end":{"line":203,"column":53}},"104":{"start":{"line":204,"column":21},"end":{"line":204,"column":45}},"105":{"start":{"line":205,"column":12},"end":{"line":224,"column":13}},"106":{"start":{"line":205,"column":31},"end":{"line":205,"column":56}},"107":{"start":{"line":207,"column":16},"end":{"line":223,"column":18}},"108":{"start":{"line":208,"column":20},"end":{"line":222,"column":49}},"109":{"start":{"line":208,"column":29},"end":{"line":208,"column":38}},"110":{"start":{"line":209,"column":25},"end":{"line":222,"column":49}},"111":{"start":{"line":210,"column":24},"end":{"line":210,"column":40}},"112":{"start":{"line":211,"column":24},"end":{"line":220,"column":26}},"113":{"start":{"line":212,"column":28},"end":{"line":219,"column":63}},"114":{"start":{"line":213,"column":28},"end":{"line":217,"column":76}},"115":{"start":{"line":214,"column":32},"end":{"line":214,"column":84}},"116":{"start":{"line":215,"column":32},"end":{"line":215,"column":85}},"117":{"start":{"line":217,"column":33},"end":{"line":217,"column":76}},"118":{"start":{"line":219,"column":33},"end":{"line":219,"column":63}},"119":{"start":{"line":222,"column":25},"end":{"line":222,"column":49}},"120":{"start":{"line":228,"column":8},"end":{"line":251,"column":10}},"121":{"start":{"line":230,"column":24},"end":{"line":230,"column":53}},"122":{"start":{"line":231,"column":21},"end":{"line":231,"column":45}},"123":{"start":{"line":232,"column":12},"end":{"line":250,"column":13}},"124":{"start":{"line":232,"column":31},"end":{"line":232,"column":56}},"125":{"start":{"line":234,"column":16},"end":{"line":249,"column":18}},"126":{"start":{"line":235,"column":20},"end":{"line":248,"column":49}},"127":{"start":{"line":235,"column":29},"end":{"line":235,"column":38}},"128":{"start":{"line":236,"column":25},"end":{"line":248,"column":49}},"129":{"start":{"line":237,"column":24},"end":{"line":246,"column":26}},"130":{"start":{"line":238,"column":28},"end":{"line":245,"column":63}},"131":{"start":{"line":239,"column":40},"end":{"line":239,"column":58}},"132":{"start":{"line":240,"column":28},"end":{"line":243,"column":30}},"133":{"start":{"line":241,"column":32},"end":{"line":241,"column":49}},"134":{"start":{"line":241,"column":40},"end":{"line":241,"column":49}},"135":{"start":{"line":242,"column":32},"end":{"line":242,"column":63}},"136":{"start":{"line":245,"column":33},"end":{"line":245,"column":63}},"137":{"start":{"line":248,"column":25},"end":{"line":248,"column":49}},"138":{"start":{"line":254,"column":8},"end":{"line":277,"column":10}},"139":{"start":{"line":256,"column":24},"end":{"line":256,"column":53}},"140":{"start":{"line":257,"column":21},"end":{"line":257,"column":45}},"141":{"start":{"line":258,"column":12},"end":{"line":276,"column":13}},"142":{"start":{"line":258,"column":31},"end":{"line":258,"column":56}},"143":{"start":{"line":260,"column":16},"end":{"line":275,"column":18}},"144":{"start":{"line":261,"column":20},"end":{"line":274,"column":49}},"145":{"start":{"line":261,"column":29},"end":{"line":261,"column":38}},"146":{"start":{"line":262,"column":25},"end":{"line":274,"column":49}},"147":{"start":{"line":263,"column":24},"end":{"line":272,"column":26}},"148":{"start":{"line":264,"column":28},"end":{"line":271,"column":63}},"149":{"start":{"line":265,"column":40},"end":{"line":265,"column":58}},"150":{"start":{"line":266,"column":28},"end":{"line":269,"column":30}},"151":{"start":{"line":267,"column":32},"end":{"line":267,"column":49}},"152":{"start":{"line":267,"column":40},"end":{"line":267,"column":49}},"153":{"start":{"line":268,"column":32},"end":{"line":268,"column":63}},"154":{"start":{"line":271,"column":33},"end":{"line":271,"column":63}},"155":{"start":{"line":274,"column":25},"end":{"line":274,"column":49}},"156":{"start":{"line":280,"column":8},"end":{"line":292,"column":10}},"157":{"start":{"line":281,"column":21},"end":{"line":281,"column":45}},"158":{"start":{"line":283,"column":12},"end":{"line":291,"column":14}},"159":{"start":{"line":284,"column":16},"end":{"line":290,"column":48}},"160":{"start":{"line":285,"column":20},"end":{"line":288,"column":22}},"161":{"start":{"line":286,"column":24},"end":{"line":287,"column":45}},"162":{"start":{"line":286,"column":33},"end":{"line":286,"column":42}},"163":{"start":{"line":287,"column":29},"end":{"line":287,"column":45}},"164":{"start":{"line":290,"column":21},"end":{"line":290,"column":48}},"165":{"start":{"line":296,"column":0},"end":{"line":296,"column":20}}},"fnMap":{"0":{"name":"(anonymous_0)","decl":{"start":{"line":30,"column":24},"end":{"line":30,"column":25}},"loc":{"start":{"line":30,"column":40},"end":{"line":294,"column":1}},"line":30},"1":{"name":"(anonymous_1)","decl":{"start":{"line":33,"column":48},"end":{"line":33,"column":49}},"loc":{"start":{"line":33,"column":68},"end":{"line":293,"column":5}},"line":33},"2":{"name":"cleanup","decl":{"start":{"line":38,"column":23},"end":{"line":38,"column":30}},"loc":{"start":{"line":38,"column":32},"end":{"line":44,"column":9}},"line":38},"3":{"name":"(anonymous_3)","decl":{"start":{"line":39,"column":103},"end":{"line":39,"column":104}},"loc":{"start":{"line":39,"column":117},"end":{"line":43,"column":13}},"line":39},"4":{"name":"(anonymous_4)","decl":{"start":{"line":51,"column":70},"end":{"line":51,"column":71}},"loc":{"start":{"line":51,"column":81},"end":{"line":78,"column":9}},"line":51},"5":{"name":"(anonymous_5)","decl":{"start":{"line":55,"column":23},"end":{"line":55,"column":24}},"loc":{"start":{"line":55,"column":27},"end":{"line":60,"column":13}},"line":55},"6":{"name":"run","decl":{"start":{"line":62,"column":27},"end":{"line":62,"column":30}},"loc":{"start":{"line":62,"column":32},"end":{"line":77,"column":13}},"line":62},"7":{"name":"(anonymous_7)","decl":{"start":{"line":63,"column":32},"end":{"line":63,"column":33}},"loc":{"start":{"line":63,"column":36},"end":{"line":76,"column":17}},"line":63},"8":{"name":"(anonymous_8)","decl":{"start":{"line":64,"column":82},"end":{"line":64,"column":83}},"loc":{"start":{"line":64,"column":102},"end":{"line":75,"column":21}},"line":64},"9":{"name":"(anonymous_9)","decl":{"start":{"line":71,"column":43},"end":{"line":71,"column":44}},"loc":{"start":{"line":71,"column":48},"end":{"line":73,"column":29}},"line":71},"10":{"name":"(anonymous_10)","decl":{"start":{"line":81,"column":32},"end":{"line":81,"column":33}},"loc":{"start":{"line":81,"column":43},"end":{"line":87,"column":9}},"line":81},"11":{"name":"(anonymous_11)","decl":{"start":{"line":83,"column":68},"end":{"line":83,"column":69}},"loc":{"start":{"line":83,"column":82},"end":{"line":86,"column":13}},"line":83},"12":{"name":"(anonymous_12)","decl":{"start":{"line":90,"column":66},"end":{"line":90,"column":67}},"loc":{"start":{"line":90,"column":77},"end":{"line":97,"column":9}},"line":90},"13":{"name":"(anonymous_13)","decl":{"start":{"line":93,"column":72},"end":{"line":93,"column":73}},"loc":{"start":{"line":93,"column":92},"end":{"line":96,"column":13}},"line":93},"14":{"name":"(anonymous_14)","decl":{"start":{"line":100,"column":77},"end":{"line":100,"column":78}},"loc":{"start":{"line":100,"column":88},"end":{"line":161,"column":9}},"line":100},"15":{"name":"(anonymous_15)","decl":{"start":{"line":107,"column":75},"end":{"line":107,"column":76}},"loc":{"start":{"line":107,"column":95},"end":{"line":159,"column":17}},"line":107},"16":{"name":"(anonymous_16)","decl":{"start":{"line":110,"column":80},"end":{"line":110,"column":81}},"loc":{"start":{"line":110,"column":100},"end":{"line":156,"column":25}},"line":110},"17":{"name":"(anonymous_17)","decl":{"start":{"line":126,"column":91},"end":{"line":126,"column":92}},"loc":{"start":{"line":126,"column":111},"end":{"line":152,"column":41}},"line":126},"18":{"name":"(anonymous_18)","decl":{"start":{"line":131,"column":52},"end":{"line":131,"column":53}},"loc":{"start":{"line":131,"column":70},"end":{"line":149,"column":41}},"line":131},"19":{"name":"(anonymous_19)","decl":{"start":{"line":142,"column":50},"end":{"line":142,"column":51}},"loc":{"start":{"line":142,"column":66},"end":{"line":145,"column":49}},"line":142},"20":{"name":"(anonymous_20)","decl":{"start":{"line":149,"column":48},"end":{"line":149,"column":49}},"loc":{"start":{"line":149,"column":52},"end":{"line":151,"column":41}},"line":149},"21":{"name":"(anonymous_21)","decl":{"start":{"line":164,"column":39},"end":{"line":164,"column":40}},"loc":{"start":{"line":164,"column":50},"end":{"line":197,"column":9}},"line":164},"22":{"name":"(anonymous_22)","decl":{"start":{"line":171,"column":77},"end":{"line":171,"column":78}},"loc":{"start":{"line":171,"column":103},"end":{"line":195,"column":17}},"line":171},"23":{"name":"(anonymous_23)","decl":{"start":{"line":175,"column":82},"end":{"line":175,"column":83}},"loc":{"start":{"line":175,"column":102},"end":{"line":192,"column":25}},"line":175},"24":{"name":"(anonymous_24)","decl":{"start":{"line":177,"column":102},"end":{"line":177,"column":103}},"loc":{"start":{"line":177,"column":116},"end":{"line":189,"column":33}},"line":177},"25":{"name":"(anonymous_25)","decl":{"start":{"line":200,"column":42},"end":{"line":200,"column":43}},"loc":{"start":{"line":200,"column":53},"end":{"line":225,"column":9}},"line":200},"26":{"name":"(anonymous_26)","decl":{"start":{"line":207,"column":77},"end":{"line":207,"column":78}},"loc":{"start":{"line":207,"column":103},"end":{"line":223,"column":17}},"line":207},"27":{"name":"(anonymous_27)","decl":{"start":{"line":211,"column":82},"end":{"line":211,"column":83}},"loc":{"start":{"line":211,"column":102},"end":{"line":220,"column":25}},"line":211},"28":{"name":"(anonymous_28)","decl":{"start":{"line":228,"column":73},"end":{"line":228,"column":74}},"loc":{"start":{"line":228,"column":84},"end":{"line":251,"column":9}},"line":228},"29":{"name":"(anonymous_29)","decl":{"start":{"line":234,"column":77},"end":{"line":234,"column":78}},"loc":{"start":{"line":234,"column":103},"end":{"line":249,"column":17}},"line":234},"30":{"name":"(anonymous_30)","decl":{"start":{"line":237,"column":80},"end":{"line":237,"column":81}},"loc":{"start":{"line":237,"column":100},"end":{"line":246,"column":25}},"line":237},"31":{"name":"(anonymous_31)","decl":{"start":{"line":240,"column":115},"end":{"line":240,"column":116}},"loc":{"start":{"line":240,"column":129},"end":{"line":243,"column":29}},"line":240},"32":{"name":"(anonymous_32)","decl":{"start":{"line":254,"column":74},"end":{"line":254,"column":75}},"loc":{"start":{"line":254,"column":85},"end":{"line":277,"column":9}},"line":254},"33":{"name":"(anonymous_33)","decl":{"start":{"line":260,"column":77},"end":{"line":260,"column":78}},"loc":{"start":{"line":260,"column":103},"end":{"line":275,"column":17}},"line":260},"34":{"name":"(anonymous_34)","decl":{"start":{"line":263,"column":80},"end":{"line":263,"column":81}},"loc":{"start":{"line":263,"column":100},"end":{"line":272,"column":25}},"line":263},"35":{"name":"(anonymous_35)","decl":{"start":{"line":266,"column":115},"end":{"line":266,"column":116}},"loc":{"start":{"line":266,"column":129},"end":{"line":269,"column":29}},"line":266},"36":{"name":"(anonymous_36)","decl":{"start":{"line":280,"column":40},"end":{"line":280,"column":41}},"loc":{"start":{"line":280,"column":51},"end":{"line":292,"column":9}},"line":280},"37":{"name":"(anonymous_37)","decl":{"start":{"line":283,"column":67},"end":{"line":283,"column":68}},"loc":{"start":{"line":283,"column":81},"end":{"line":291,"column":13}},"line":283},"38":{"name":"(anonymous_38)","decl":{"start":{"line":285,"column":80},"end":{"line":285,"column":81}},"loc":{"start":{"line":285,"column":100},"end":{"line":288,"column":21}},"line":285}},"branchMap":{"0":{"loc":{"start":{"line":31,"column":4},"end":{"line":31,"column":21}},"type":"if","locations":[{"start":{"line":31,"column":4},"end":{"line":31,"column":21}},{"start":{"line":31,"column":4},"end":{"line":31,"column":21}}],"line":31},"1":{"loc":{"start":{"line":65,"column":24},"end":{"line":74,"column":25}},"type":"if","locations":[{"start":{"line":65,"column":24},"end":{"line":74,"column":25}},{"start":{"line":65,"column":24},"end":{"line":74,"column":25}}],"line":65},"2":{"loc":{"start":{"line":67,"column":29},"end":{"line":74,"column":25}},"type":"if","locations":[{"start":{"line":67,"column":29},"end":{"line":74,"column":25}},{"start":{"line":67,"column":29},"end":{"line":74,"column":25}}],"line":67},"3":{"loc":{"start":{"line":84,"column":16},"end":{"line":85,"column":40}},"type":"if","locations":[{"start":{"line":84,"column":16},"end":{"line":85,"column":40}},{"start":{"line":84,"column":16},"end":{"line":85,"column":40}}],"line":84},"4":{"loc":{"start":{"line":94,"column":16},"end":{"line":95,"column":37}},"type":"if","locations":[{"start":{"line":94,"column":16},"end":{"line":95,"column":37}},{"start":{"line":94,"column":16},"end":{"line":95,"column":37}}],"line":94},"5":{"loc":{"start":{"line":104,"column":12},"end":{"line":160,"column":13}},"type":"if","locations":[{"start":{"line":104,"column":12},"end":{"line":160,"column":13}},{"start":{"line":104,"column":12},"end":{"line":160,"column":13}}],"line":104},"6":{"loc":{"start":{"line":108,"column":20},"end":{"line":158,"column":61}},"type":"if","locations":[{"start":{"line":108,"column":20},"end":{"line":158,"column":61}},{"start":{"line":108,"column":20},"end":{"line":158,"column":61}}],"line":108},"7":{"loc":{"start":{"line":108,"column":23},"end":{"line":108,"column":87}},"type":"binary-expr","locations":[{"start":{"line":108,"column":23},"end":{"line":108,"column":39}},{"start":{"line":108,"column":44},"end":{"line":108,"column":86}}],"line":108},"8":{"loc":{"start":{"line":111,"column":28},"end":{"line":155,"column":60}},"type":"if","locations":[{"start":{"line":111,"column":28},"end":{"line":155,"column":60}},{"start":{"line":111,"column":28},"end":{"line":155,"column":60}}],"line":111},"9":{"loc":{"start":{"line":112,"column":32},"end":{"line":153,"column":37}},"type":"if","locations":[{"start":{"line":112,"column":32},"end":{"line":153,"column":37}},{"start":{"line":112,"column":32},"end":{"line":153,"column":37}}],"line":112},"10":{"loc":{"start":{"line":127,"column":40},"end":{"line":127,"column":58}},"type":"if","locations":[{"start":{"line":127,"column":40},"end":{"line":127,"column":58}},{"start":{"line":127,"column":40},"end":{"line":127,"column":58}}],"line":127},"11":{"loc":{"start":{"line":132,"column":44},"end":{"line":146,"column":45}},"type":"if","locations":[{"start":{"line":132,"column":44},"end":{"line":146,"column":45}},{"start":{"line":132,"column":44},"end":{"line":146,"column":45}}],"line":132},"12":{"loc":{"start":{"line":143,"column":52},"end":{"line":143,"column":69}},"type":"if","locations":[{"start":{"line":143,"column":52},"end":{"line":143,"column":69}},{"start":{"line":143,"column":52},"end":{"line":143,"column":69}}],"line":143},"13":{"loc":{"start":{"line":169,"column":12},"end":{"line":196,"column":13}},"type":"if","locations":[{"start":{"line":169,"column":12},"end":{"line":196,"column":13}},{"start":{"line":169,"column":12},"end":{"line":196,"column":13}}],"line":169},"14":{"loc":{"start":{"line":172,"column":20},"end":{"line":194,"column":49}},"type":"if","locations":[{"start":{"line":172,"column":20},"end":{"line":194,"column":49}},{"start":{"line":172,"column":20},"end":{"line":194,"column":49}}],"line":172},"15":{"loc":{"start":{"line":173,"column":25},"end":{"line":194,"column":49}},"type":"if","locations":[{"start":{"line":173,"column":25},"end":{"line":194,"column":49}},{"start":{"line":173,"column":25},"end":{"line":194,"column":49}}],"line":173},"16":{"loc":{"start":{"line":173,"column":28},"end":{"line":173,"column":93}},"type":"binary-expr","locations":[{"start":{"line":173,"column":28},"end":{"line":173,"column":46}},{"start":{"line":173,"column":51},"end":{"line":173,"column":92}}],"line":173},"17":{"loc":{"start":{"line":176,"column":28},"end":{"line":191,"column":74}},"type":"if","locations":[{"start":{"line":176,"column":28},"end":{"line":191,"column":74}},{"start":{"line":176,"column":28},"end":{"line":191,"column":74}}],"line":176},"18":{"loc":{"start":{"line":176,"column":32},"end":{"line":176,"column":79}},"type":"binary-expr","locations":[{"start":{"line":176,"column":32},"end":{"line":176,"column":48}},{"start":{"line":176,"column":52},"end":{"line":176,"column":79}}],"line":176},"19":{"loc":{"start":{"line":178,"column":36},"end":{"line":188,"column":68}},"type":"if","locations":[{"start":{"line":178,"column":36},"end":{"line":188,"column":68}},{"start":{"line":178,"column":36},"end":{"line":188,"column":68}}],"line":178},"20":{"loc":{"start":{"line":179,"column":40},"end":{"line":186,"column":41}},"type":"if","locations":[{"start":{"line":179,"column":40},"end":{"line":186,"column":41}},{"start":{"line":179,"column":40},"end":{"line":186,"column":41}}],"line":179},"21":{"loc":{"start":{"line":182,"column":44},"end":{"line":185,"column":92}},"type":"if","locations":[{"start":{"line":182,"column":44},"end":{"line":185,"column":92}},{"start":{"line":182,"column":44},"end":{"line":185,"column":92}}],"line":182},"22":{"loc":{"start":{"line":184,"column":49},"end":{"line":185,"column":92}},"type":"if","locations":[{"start":{"line":184,"column":49},"end":{"line":185,"column":92}},{"start":{"line":184,"column":49},"end":{"line":185,"column":92}}],"line":184},"23":{"loc":{"start":{"line":205,"column":12},"end":{"line":224,"column":13}},"type":"if","locations":[{"start":{"line":205,"column":12},"end":{"line":224,"column":13}},{"start":{"line":205,"column":12},"end":{"line":224,"column":13}}],"line":205},"24":{"loc":{"start":{"line":208,"column":20},"end":{"line":222,"column":49}},"type":"if","locations":[{"start":{"line":208,"column":20},"end":{"line":222,"column":49}},{"start":{"line":208,"column":20},"end":{"line":222,"column":49}}],"line":208},"25":{"loc":{"start":{"line":209,"column":25},"end":{"line":222,"column":49}},"type":"if","locations":[{"start":{"line":209,"column":25},"end":{"line":222,"column":49}},{"start":{"line":209,"column":25},"end":{"line":222,"column":49}}],"line":209},"26":{"loc":{"start":{"line":209,"column":28},"end":{"line":209,"column":94}},"type":"binary-expr","locations":[{"start":{"line":209,"column":28},"end":{"line":209,"column":46}},{"start":{"line":209,"column":52},"end":{"line":209,"column":93}}],"line":209},"27":{"loc":{"start":{"line":212,"column":28},"end":{"line":219,"column":63}},"type":"if","locations":[{"start":{"line":212,"column":28},"end":{"line":219,"column":63}},{"start":{"line":212,"column":28},"end":{"line":219,"column":63}}],"line":212},"28":{"loc":{"start":{"line":213,"column":28},"end":{"line":217,"column":76}},"type":"if","locations":[{"start":{"line":213,"column":28},"end":{"line":217,"column":76}},{"start":{"line":213,"column":28},"end":{"line":217,"column":76}}],"line":213},"29":{"loc":{"start":{"line":232,"column":12},"end":{"line":250,"column":13}},"type":"if","locations":[{"start":{"line":232,"column":12},"end":{"line":250,"column":13}},{"start":{"line":232,"column":12},"end":{"line":250,"column":13}}],"line":232},"30":{"loc":{"start":{"line":235,"column":20},"end":{"line":248,"column":49}},"type":"if","locations":[{"start":{"line":235,"column":20},"end":{"line":248,"column":49}},{"start":{"line":235,"column":20},"end":{"line":248,"column":49}}],"line":235},"31":{"loc":{"start":{"line":236,"column":25},"end":{"line":248,"column":49}},"type":"if","locations":[{"start":{"line":236,"column":25},"end":{"line":248,"column":49}},{"start":{"line":236,"column":25},"end":{"line":248,"column":49}}],"line":236},"32":{"loc":{"start":{"line":236,"column":28},"end":{"line":236,"column":93}},"type":"binary-expr","locations":[{"start":{"line":236,"column":28},"end":{"line":236,"column":46}},{"start":{"line":236,"column":51},"end":{"line":236,"column":92}}],"line":236},"33":{"loc":{"start":{"line":238,"column":28},"end":{"line":245,"column":63}},"type":"if","locations":[{"start":{"line":238,"column":28},"end":{"line":245,"column":63}},{"start":{"line":238,"column":28},"end":{"line":245,"column":63}}],"line":238},"34":{"loc":{"start":{"line":241,"column":32},"end":{"line":241,"column":49}},"type":"if","locations":[{"start":{"line":241,"column":32},"end":{"line":241,"column":49}},{"start":{"line":241,"column":32},"end":{"line":241,"column":49}}],"line":241},"35":{"loc":{"start":{"line":258,"column":12},"end":{"line":276,"column":13}},"type":"if","locations":[{"start":{"line":258,"column":12},"end":{"line":276,"column":13}},{"start":{"line":258,"column":12},"end":{"line":276,"column":13}}],"line":258},"36":{"loc":{"start":{"line":261,"column":20},"end":{"line":274,"column":49}},"type":"if","locations":[{"start":{"line":261,"column":20},"end":{"line":274,"column":49}},{"start":{"line":261,"column":20},"end":{"line":274,"column":49}}],"line":261},"37":{"loc":{"start":{"line":262,"column":25},"end":{"line":274,"column":49}},"type":"if","locations":[{"start":{"line":262,"column":25},"end":{"line":274,"column":49}},{"start":{"line":262,"column":25},"end":{"line":274,"column":49}}],"line":262},"38":{"loc":{"start":{"line":262,"column":28},"end":{"line":262,"column":93}},"type":"binary-expr","locations":[{"start":{"line":262,"column":28},"end":{"line":262,"column":46}},{"start":{"line":262,"column":51},"end":{"line":262,"column":92}}],"line":262},"39":{"loc":{"start":{"line":264,"column":28},"end":{"line":271,"column":63}},"type":"if","locations":[{"start":{"line":264,"column":28},"end":{"line":271,"column":63}},{"start":{"line":264,"column":28},"end":{"line":271,"column":63}}],"line":264},"40":{"loc":{"start":{"line":267,"column":32},"end":{"line":267,"column":49}},"type":"if","locations":[{"start":{"line":267,"column":32},"end":{"line":267,"column":49}},{"start":{"line":267,"column":32},"end":{"line":267,"column":49}}],"line":267},"41":{"loc":{"start":{"line":284,"column":16},"end":{"line":290,"column":48}},"type":"if","locations":[{"start":{"line":284,"column":16},"end":{"line":290,"column":48}},{"start":{"line":284,"column":16},"end":{"line":290,"column":48}}],"line":284},"42":{"loc":{"start":{"line":286,"column":24},"end":{"line":287,"column":45}},"type":"if","locations":[{"start":{"line":286,"column":24},"end":{"line":287,"column":45}},{"start":{"line":286,"column":24},"end":{"line":287,"column":45}}],"line":286}},"s":{"0":3,"1":3,"2":3,"3":3,"4":3,"5":3,"6":3,"7":3,"8":3,"9":3,"10":3,"11":3,"12":3,"13":3,"14":3,"15":3,"16":3,"17":3,"18":3,"19":0,"20":3,"21":3,"22":3,"23":3,"24":1,"25":3,"26":0,"27":0,"28":0,"29":0,"30":0,"31":0,"32":0,"33":0,"34":0,"35":0,"36":0,"37":0,"38":0,"39":3,"40":2,"41":2,"42":2,"43":1,"44":1,"45":3,"46":0,"47":0,"48":0,"49":0,"50":0,"51":3,"52":6,"53":6,"54":1,"55":5,"56":5,"57":5,"58":3,"59":3,"60":3,"61":2,"62":1,"63":1,"64":1,"65":1,"66":1,"67":1,"68":0,"69":1,"70":1,"71":1,"72":1,"73":0,"74":1,"75":1,"76":1,"77":2,"78":3,"79":6,"80":6,"81":6,"82":1,"83":5,"84":5,"85":0,"86":5,"87":4,"88":4,"89":4,"90":2,"91":2,"92":2,"93":1,"94":1,"95":1,"96":1,"97":0,"98":0,"99":0,"100":2,"101":1,"102":3,"103":5,"104":5,"105":5,"106":1,"107":4,"108":4,"109":0,"110":4,"111":3,"112":3,"113":3,"114":2,"115":1,"116":1,"117":1,"118":1,"119":1,"120":3,"121":5,"122":5,"123":5,"124":1,"125":4,"126":4,"127":0,"128":4,"129":3,"130":3,"131":2,"132":2,"133":2,"134":0,"135":2,"136":1,"137":1,"138":3,"139":2,"140":2,"141":2,"142":0,"143":2,"144":2,"145":0,"146":2,"147":2,"148":2,"149":2,"150":2,"151":2,"152":0,"153":2,"154":0,"155":0,"156":3,"157":0,"158":0,"159":0,"160":0,"161":0,"162":0,"163":0,"164":0,"165":3},"f":{"0":3,"1":3,"2":1,"3":1,"4":0,"5":0,"6":0,"7":0,"8":0,"9":0,"10":2,"11":2,"12":0,"13":0,"14":6,"15":5,"16":3,"17":1,"18":1,"19":1,"20":1,"21":6,"22":5,"23":4,"24":2,"25":5,"26":4,"27":3,"28":5,"29":4,"30":3,"31":2,"32":2,"33":2,"34":2,"35":2,"36":0,"37":0,"38":0},"b":{"0":[0,3],"1":[0,0],"2":[0,0],"3":[1,1],"4":[0,0],"5":[1,5],"6":[3,2],"7":[5,3],"8":[2,1],"9":[1,1],"10":[0,1],"11":[1,0],"12":[0,1],"13":[1,5],"14":[0,5],"15":[4,1],"16":[5,4],"17":[2,2],"18":[4,3],"19":[2,0],"20":[1,1],"21":[1,0],"22":[0,0],"23":[1,4],"24":[0,4],"25":[3,1],"26":[4,3],"27":[2,1],"28":[1,1],"29":[1,4],"30":[0,4],"31":[3,1],"32":[4,3],"33":[2,1],"34":[0,2],"35":[0,2],"36":[0,2],"37":[2,0],"38":[2,2],"39":[2,0],"40":[0,2],"41":[0,0],"42":[0,0]},"_coverageSchema":"1a1c01bbd47fc00a2c39e90264f33305004495a9","hash":"dd1c87130e87427a9ed10c22ec8db76e1bbe3cc8"}
,"C:\\Users\\d976640\\Documents\\skillenhance_OAuth\\controllers\\pauthorize.js": {"path":"C:\\Users\\d976640\\Documents\\skillenhance_OAuth\\controllers\\pauthorize.js","statementMap":{"0":{"start":{"line":1,"column":14},"end":{"line":1,"column":35}},"1":{"start":{"line":3,"column":0},"end":{"line":57,"column":1}},"2":{"start":{"line":6,"column":18},"end":{"line":6,"column":47}},"3":{"start":{"line":7,"column":20},"end":{"line":7,"column":46}},"4":{"start":{"line":10,"column":4},"end":{"line":26,"column":28}},"5":{"start":{"line":11,"column":21},"end":{"line":11,"column":104}},"6":{"start":{"line":12,"column":17},"end":{"line":12,"column":38}},"7":{"start":{"line":14,"column":6},"end":{"line":14,"column":69}},"8":{"start":{"line":14,"column":41},"end":{"line":14,"column":61}},"9":{"start":{"line":14,"column":61},"end":{"line":14,"column":68}},"10":{"start":{"line":15,"column":19},"end":{"line":15,"column":31}},"11":{"start":{"line":17,"column":6},"end":{"line":24,"column":8}},"12":{"start":{"line":17,"column":69},"end":{"line":17,"column":121}},"13":{"start":{"line":17,"column":87},"end":{"line":17,"column":114}},"14":{"start":{"line":17,"column":114},"end":{"line":17,"column":120}},"15":{"start":{"line":20,"column":6},"end":{"line":23,"column":41}},"16":{"start":{"line":22,"column":8},"end":{"line":22,"column":15}},"17":{"start":{"line":23,"column":11},"end":{"line":23,"column":41}},"18":{"start":{"line":23,"column":20},"end":{"line":23,"column":40}},"19":{"start":{"line":26,"column":9},"end":{"line":26,"column":28}},"20":{"start":{"line":31,"column":18},"end":{"line":31,"column":47}},"21":{"start":{"line":34,"column":4},"end":{"line":50,"column":1}},"22":{"start":{"line":35,"column":21},"end":{"line":35,"column":104}},"23":{"start":{"line":36,"column":17},"end":{"line":36,"column":38}},"24":{"start":{"line":37,"column":6},"end":{"line":37,"column":29}},"25":{"start":{"line":38,"column":6},"end":{"line":38,"column":69}},"26":{"start":{"line":38,"column":41},"end":{"line":38,"column":61}},"27":{"start":{"line":38,"column":61},"end":{"line":38,"column":68}},"28":{"start":{"line":39,"column":19},"end":{"line":39,"column":31}},"29":{"start":{"line":40,"column":6},"end":{"line":40,"column":31}},"30":{"start":{"line":41,"column":6},"end":{"line":49,"column":4}},"31":{"start":{"line":41,"column":69},"end":{"line":41,"column":121}},"32":{"start":{"line":41,"column":87},"end":{"line":41,"column":114}},"33":{"start":{"line":41,"column":114},"end":{"line":41,"column":120}},"34":{"start":{"line":42,"column":6},"end":{"line":42,"column":25}},"35":{"start":{"line":43,"column":6},"end":{"line":48,"column":29}},"36":{"start":{"line":44,"column":8},"end":{"line":44,"column":31}},"37":{"start":{"line":45,"column":8},"end":{"line":45,"column":15}},"38":{"start":{"line":47,"column":11},"end":{"line":48,"column":29}},"39":{"start":{"line":48,"column":8},"end":{"line":48,"column":28}},"40":{"start":{"line":55,"column":1},"end":{"line":55,"column":12}}},"fnMap":{"0":{"name":"(anonymous_0)","decl":{"start":{"line":4,"column":14},"end":{"line":4,"column":15}},"loc":{"start":{"line":4,"column":46},"end":{"line":27,"column":3}},"line":4},"1":{"name":"(anonymous_1)","decl":{"start":{"line":17,"column":54},"end":{"line":17,"column":55}},"loc":{"start":{"line":17,"column":68},"end":{"line":24,"column":7}},"line":17},"2":{"name":"(anonymous_2)","decl":{"start":{"line":29,"column":15},"end":{"line":29,"column":16}},"loc":{"start":{"line":29,"column":47},"end":{"line":50,"column":2}},"line":29},"3":{"name":"(anonymous_3)","decl":{"start":{"line":41,"column":54},"end":{"line":41,"column":55}},"loc":{"start":{"line":41,"column":68},"end":{"line":49,"column":3}},"line":41},"4":{"name":"(anonymous_4)","decl":{"start":{"line":53,"column":16},"end":{"line":53,"column":17}},"loc":{"start":{"line":53,"column":41},"end":{"line":56,"column":1}},"line":53}},"branchMap":{"0":{"loc":{"start":{"line":10,"column":4},"end":{"line":26,"column":28}},"type":"if","locations":[{"start":{"line":10,"column":4},"end":{"line":26,"column":28}},{"start":{"line":10,"column":4},"end":{"line":26,"column":28}}],"line":10},"1":{"loc":{"start":{"line":14,"column":6},"end":{"line":14,"column":69}},"type":"if","locations":[{"start":{"line":14,"column":6},"end":{"line":14,"column":69}},{"start":{"line":14,"column":6},"end":{"line":14,"column":69}}],"line":14},"2":{"loc":{"start":{"line":17,"column":69},"end":{"line":17,"column":121}},"type":"if","locations":[{"start":{"line":17,"column":69},"end":{"line":17,"column":121}},{"start":{"line":17,"column":69},"end":{"line":17,"column":121}}],"line":17},"3":{"loc":{"start":{"line":20,"column":6},"end":{"line":23,"column":41}},"type":"if","locations":[{"start":{"line":20,"column":6},"end":{"line":23,"column":41}},{"start":{"line":20,"column":6},"end":{"line":23,"column":41}}],"line":20},"4":{"loc":{"start":{"line":20,"column":9},"end":{"line":20,"column":42}},"type":"binary-expr","locations":[{"start":{"line":20,"column":9},"end":{"line":20,"column":29}},{"start":{"line":20,"column":33},"end":{"line":20,"column":42}}],"line":20},"5":{"loc":{"start":{"line":23,"column":11},"end":{"line":23,"column":41}},"type":"if","locations":[{"start":{"line":23,"column":11},"end":{"line":23,"column":41}},{"start":{"line":23,"column":11},"end":{"line":23,"column":41}}],"line":23},"6":{"loc":{"start":{"line":34,"column":4},"end":{"line":50,"column":1}},"type":"if","locations":[{"start":{"line":34,"column":4},"end":{"line":50,"column":1}},{"start":{"line":34,"column":4},"end":{"line":50,"column":1}}],"line":34},"7":{"loc":{"start":{"line":38,"column":6},"end":{"line":38,"column":69}},"type":"if","locations":[{"start":{"line":38,"column":6},"end":{"line":38,"column":69}},{"start":{"line":38,"column":6},"end":{"line":38,"column":69}}],"line":38},"8":{"loc":{"start":{"line":41,"column":69},"end":{"line":41,"column":121}},"type":"if","locations":[{"start":{"line":41,"column":69},"end":{"line":41,"column":121}},{"start":{"line":41,"column":69},"end":{"line":41,"column":121}}],"line":41},"9":{"loc":{"start":{"line":43,"column":6},"end":{"line":48,"column":29}},"type":"if","locations":[{"start":{"line":43,"column":6},"end":{"line":48,"column":29}},{"start":{"line":43,"column":6},"end":{"line":48,"column":29}}],"line":43},"10":{"loc":{"start":{"line":47,"column":11},"end":{"line":48,"column":29}},"type":"if","locations":[{"start":{"line":47,"column":11},"end":{"line":48,"column":29}},{"start":{"line":47,"column":11},"end":{"line":48,"column":29}}],"line":47}},"s":{"0":1,"1":1,"2":6,"3":6,"4":6,"5":2,"6":2,"7":2,"8":2,"9":2,"10":0,"11":0,"12":0,"13":0,"14":0,"15":0,"16":0,"17":0,"18":0,"19":4,"20":0,"21":0,"22":0,"23":0,"24":0,"25":0,"26":0,"27":0,"28":0,"29":0,"30":0,"31":0,"32":0,"33":0,"34":0,"35":0,"36":0,"37":0,"38":0,"39":0,"40":0},"f":{"0":6,"1":0,"2":0,"3":0,"4":0},"b":{"0":[2,4],"1":[2,0],"2":[0,0],"3":[0,0],"4":[0,0],"5":[0,0],"6":[0,0],"7":[0,0],"8":[0,0],"9":[0,0],"10":[0,0]},"_coverageSchema":"1a1c01bbd47fc00a2c39e90264f33305004495a9","hash":"84850e504ad45343b59cede6ef8f5ed8a873beb0"}
,"C:\\Users\\d976640\\Documents\\skillenhance_OAuth\\controllers\\questions.js": {"path":"C:\\Users\\d976640\\Documents\\skillenhance_OAuth\\controllers\\questions.js","statementMap":{"0":{"start":{"line":1,"column":14},"end":{"line":1,"column":32}},"1":{"start":{"line":2,"column":10},"end":{"line":2,"column":19}},"2":{"start":{"line":3,"column":0},"end":{"line":3,"column":44}},"3":{"start":{"line":4,"column":0},"end":{"line":4,"column":23}},"4":{"start":{"line":5,"column":0},"end":{"line":5,"column":44}},"5":{"start":{"line":6,"column":11},"end":{"line":6,"column":26}},"6":{"start":{"line":7,"column":0},"end":{"line":7,"column":15}},"7":{"start":{"line":9,"column":14},"end":{"line":9,"column":32}},"8":{"start":{"line":16,"column":18},"end":{"line":16,"column":48}},"9":{"start":{"line":19,"column":10},"end":{"line":19,"column":128}},"10":{"start":{"line":20,"column":14},"end":{"line":20,"column":32}},"11":{"start":{"line":21,"column":17},"end":{"line":21,"column":33}},"12":{"start":{"line":22,"column":17},"end":{"line":22,"column":24}},"13":{"start":{"line":26,"column":20},"end":{"line":26,"column":42}},"14":{"start":{"line":27,"column":23},"end":{"line":27,"column":42}},"15":{"start":{"line":30,"column":0},"end":{"line":933,"column":2}},"16":{"start":{"line":31,"column":4},"end":{"line":31,"column":20}},"17":{"start":{"line":31,"column":11},"end":{"line":31,"column":20}},"18":{"start":{"line":32,"column":4},"end":{"line":32,"column":24}},"19":{"start":{"line":40,"column":4},"end":{"line":931,"column":6}},"20":{"start":{"line":42,"column":8},"end":{"line":42,"column":35}},"21":{"start":{"line":43,"column":8},"end":{"line":43,"column":37}},"22":{"start":{"line":45,"column":8},"end":{"line":45,"column":35}},"23":{"start":{"line":46,"column":8},"end":{"line":46,"column":35}},"24":{"start":{"line":52,"column":8},"end":{"line":56,"column":10}},"25":{"start":{"line":53,"column":12},"end":{"line":53,"column":40}},"26":{"start":{"line":64,"column":4},"end":{"line":92,"column":6}},"27":{"start":{"line":65,"column":26},"end":{"line":65,"column":58}},"28":{"start":{"line":70,"column":8},"end":{"line":89,"column":10}},"29":{"start":{"line":72,"column":12},"end":{"line":88,"column":17}},"30":{"start":{"line":74,"column":35},"end":{"line":74,"column":44}},"31":{"start":{"line":75,"column":20},"end":{"line":81,"column":22}},"32":{"start":{"line":76,"column":24},"end":{"line":76,"column":41}},"33":{"start":{"line":76,"column":32},"end":{"line":76,"column":41}},"34":{"start":{"line":79,"column":24},"end":{"line":79,"column":45}},"35":{"start":{"line":80,"column":24},"end":{"line":80,"column":42}},"36":{"start":{"line":86,"column":19},"end":{"line":86,"column":50}},"37":{"start":{"line":95,"column":4},"end":{"line":103,"column":6}},"38":{"start":{"line":98,"column":12},"end":{"line":101,"column":14}},"39":{"start":{"line":100,"column":16},"end":{"line":100,"column":32}},"40":{"start":{"line":106,"column":4},"end":{"line":159,"column":6}},"41":{"start":{"line":108,"column":19},"end":{"line":108,"column":27}},"42":{"start":{"line":109,"column":20},"end":{"line":109,"column":49}},"43":{"start":{"line":115,"column":8},"end":{"line":157,"column":9}},"44":{"start":{"line":116,"column":12},"end":{"line":116,"column":37}},"45":{"start":{"line":120,"column":12},"end":{"line":156,"column":14}},"46":{"start":{"line":121,"column":16},"end":{"line":121,"column":33}},"47":{"start":{"line":121,"column":24},"end":{"line":121,"column":33}},"48":{"start":{"line":125,"column":16},"end":{"line":155,"column":17}},"49":{"start":{"line":127,"column":30},"end":{"line":139,"column":21}},"50":{"start":{"line":141,"column":20},"end":{"line":141,"column":35}},"51":{"start":{"line":143,"column":20},"end":{"line":148,"column":22}},"52":{"start":{"line":144,"column":24},"end":{"line":144,"column":41}},"53":{"start":{"line":144,"column":32},"end":{"line":144,"column":41}},"54":{"start":{"line":147,"column":24},"end":{"line":147,"column":62}},"55":{"start":{"line":154,"column":20},"end":{"line":154,"column":44}},"56":{"start":{"line":162,"column":4},"end":{"line":293,"column":6}},"57":{"start":{"line":164,"column":26},"end":{"line":164,"column":58}},"58":{"start":{"line":165,"column":19},"end":{"line":165,"column":34}},"59":{"start":{"line":166,"column":20},"end":{"line":166,"column":49}},"60":{"start":{"line":170,"column":8},"end":{"line":291,"column":9}},"61":{"start":{"line":171,"column":12},"end":{"line":171,"column":37}},"62":{"start":{"line":174,"column":12},"end":{"line":290,"column":14}},"63":{"start":{"line":175,"column":16},"end":{"line":175,"column":33}},"64":{"start":{"line":175,"column":24},"end":{"line":175,"column":33}},"65":{"start":{"line":178,"column":16},"end":{"line":289,"column":17}},"66":{"start":{"line":180,"column":31},"end":{"line":180,"column":40}},"67":{"start":{"line":181,"column":39},"end":{"line":181,"column":51}},"68":{"start":{"line":184,"column":20},"end":{"line":284,"column":22}},"69":{"start":{"line":185,"column":24},"end":{"line":283,"column":25}},"70":{"start":{"line":186,"column":46},"end":{"line":186,"column":67}},"71":{"start":{"line":187,"column":45},"end":{"line":187,"column":65}},"72":{"start":{"line":190,"column":44},"end":{"line":190,"column":153}},"73":{"start":{"line":191,"column":28},"end":{"line":223,"column":29}},"74":{"start":{"line":192,"column":32},"end":{"line":192,"column":57}},"75":{"start":{"line":193,"column":32},"end":{"line":193,"column":39}},"76":{"start":{"line":196,"column":42},"end":{"line":196,"column":54}},"77":{"start":{"line":197,"column":32},"end":{"line":222,"column":33}},"78":{"start":{"line":199,"column":36},"end":{"line":208,"column":37}},"79":{"start":{"line":201,"column":40},"end":{"line":201,"column":144}},"80":{"start":{"line":202,"column":40},"end":{"line":202,"column":48}},"81":{"start":{"line":203,"column":40},"end":{"line":203,"column":45}},"82":{"start":{"line":205,"column":41},"end":{"line":208,"column":37}},"83":{"start":{"line":206,"column":40},"end":{"line":206,"column":46}},"84":{"start":{"line":207,"column":40},"end":{"line":207,"column":46}},"85":{"start":{"line":210,"column":37},"end":{"line":222,"column":33}},"86":{"start":{"line":212,"column":36},"end":{"line":221,"column":37}},"87":{"start":{"line":214,"column":40},"end":{"line":214,"column":144}},"88":{"start":{"line":215,"column":40},"end":{"line":215,"column":47}},"89":{"start":{"line":216,"column":40},"end":{"line":216,"column":45}},"90":{"start":{"line":218,"column":41},"end":{"line":221,"column":37}},"91":{"start":{"line":219,"column":40},"end":{"line":219,"column":45}},"92":{"start":{"line":220,"column":40},"end":{"line":220,"column":45}},"93":{"start":{"line":225,"column":28},"end":{"line":226,"column":168}},"94":{"start":{"line":226,"column":28},"end":{"line":226,"column":168}},"95":{"start":{"line":228,"column":40},"end":{"line":230,"column":29}},"96":{"start":{"line":233,"column":28},"end":{"line":237,"column":29}},"97":{"start":{"line":240,"column":28},"end":{"line":277,"column":30}},"98":{"start
[...]
{"line":48,"column":27}},"26":{"start":{"line":53,"column":4},"end":{"line":53,"column":30}},"27":{"start":{"line":54,"column":4},"end":{"line":54,"column":32}},"28":{"start":{"line":57,"column":4},"end":{"line":73,"column":6}},"29":{"start":{"line":60,"column":22},"end":{"line":60,"column":48}},"30":{"start":{"line":61,"column":8},"end":{"line":61,"column":28}},"31":{"start":{"line":63,"column":8},"end":{"line":72,"column":10}},"32":{"start":{"line":64,"column":12},"end":{"line":71,"column":17}},"33":{"start":{"line":66,"column":20},"end":{"line":66,"column":39}},"34":{"start":{"line":70,"column":20},"end":{"line":70,"column":44}},"35":{"start":{"line":77,"column":4},"end":{"line":116,"column":6}},"36":{"start":{"line":79,"column":16},"end":{"line":79,"column":33}},"37":{"start":{"line":81,"column":17},"end":{"line":81,"column":26}},"38":{"start":{"line":82,"column":17},"end":{"line":82,"column":34}},"39":{"start":{"line":83,"column":16},"end":{"line":83,"column":30}},"40":{"start":{"line":84,"column":16},"end":{"line":84,"column":31}},"41":{"start":{"line":86,"column":8},"end":{"line":115,"column":10}},"42":{"start":{"line":88,"column":16},"end":{"line":114,"column":13}},"43":{"start":{"line":90,"column":26},"end":{"line":104,"column":17}},"44":{"start":{"line":106,"column":16},"end":{"line":110,"column":18}},"45":{"start":{"line":107,"column":20},"end":{"line":107,"column":37}},"46":{"start":{"line":107,"column":28},"end":{"line":107,"column":37}},"47":{"start":{"line":108,"column":20},"end":{"line":108,"column":66}},"48":{"start":{"line":109,"column":20},"end":{"line":109,"column":33}},"49":{"start":{"line":113,"column":16},"end":{"line":113,"column":51}},"50":{"start":{"line":119,"column":4},"end":{"line":149,"column":6}},"51":{"start":{"line":122,"column":22},"end":{"line":122,"column":48}},"52":{"start":{"line":126,"column":17},"end":{"line":126,"column":32}},"53":{"start":{"line":127,"column":17},"end":{"line":127,"column":36}},"54":{"start":{"line":128,"column":8},"end":{"line":147,"column":10}},"55":{"start":{"line":129,"column":12},"end":{"line":146,"column":41}},"56":{"start":{"line":130,"column":16},"end":{"line":144,"column":18}},"57":{"start":{"line":131,"column":20},"end":{"line":143,"column":21}},"58":{"start":{"line":133,"column":34},"end":{"line":137,"column":25}},"59":{"start":{"line":138,"column":24},"end":{"line":141,"column":26}},"60":{"start":{"line":139,"column":28},"end":{"line":139,"column":61}},"61":{"start":{"line":146,"column":17},"end":{"line":146,"column":41}},"62":{"start":{"line":153,"column":4},"end":{"line":167,"column":6}},"63":{"start":{"line":154,"column":22},"end":{"line":154,"column":48}},"64":{"start":{"line":156,"column":8},"end":{"line":166,"column":14}},"65":{"start":{"line":158,"column":16},"end":{"line":165,"column":45}},"66":{"start":{"line":160,"column":28},"end":{"line":160,"column":37}},"67":{"start":{"line":161,"column":20},"end":{"line":163,"column":22}},"68":{"start":{"line":162,"column":24},"end":{"line":162,"column":65}},"69":{"start":{"line":165,"column":21},"end":{"line":165,"column":45}},"70":{"start":{"line":171,"column":4},"end":{"line":186,"column":6}},"71":{"start":{"line":172,"column":22},"end":{"line":172,"column":48}},"72":{"start":{"line":174,"column":8},"end":{"line":184,"column":10}},"73":{"start":{"line":175,"column":12},"end":{"line":183,"column":41}},"74":{"start":{"line":176,"column":16},"end":{"line":181,"column":18}},"75":{"start":{"line":177,"column":20},"end":{"line":180,"column":72}},"76":{"start":{"line":178,"column":24},"end":{"line":178,"column":40}},"77":{"start":{"line":180,"column":24},"end":{"line":180,"column":72}},"78":{"start":{"line":183,"column":17},"end":{"line":183,"column":41}},"79":{"start":{"line":190,"column":4},"end":{"line":207,"column":6}},"80":{"start":{"line":191,"column":22},"end":{"line":191,"column":48}},"81":{"start":{"line":193,"column":8},"end":{"line":204,"column":10}},"82":{"start":{"line":194,"column":12},"end":{"line":203,"column":41}},"83":{"start":{"line":196,"column":16},"end":{"line":201,"column":18}},"84":{"start":{"line":197,"column":20},"end":{"line":200,"column":71}},"85":{"start":{"line":198,"column":24},"end":{"line":198,"column":40}},"86":{"start":{"line":199,"column":25},"end":{"line":200,"column":71}},"87":{"start":{"line":200,"column":23},"end":{"line":200,"column":71}},"88":{"start":{"line":203,"column":17},"end":{"line":203,"column":41}},"89":{"start":{"line":210,"column":4},"end":{"line":224,"column":6}},"90":{"start":{"line":211,"column":22},"end":{"line":211,"column":48}},"91":{"start":{"line":213,"column":8},"end":{"line":221,"column":10}},"92":{"start":{"line":214,"column":12},"end":{"line":219,"column":44}},"93":{"start":{"line":215,"column":16},"end":{"line":217,"column":18}},"94":{"start":{"line":216,"column":20},"end":{"line":216,"column":59}},"95":{"start":{"line":219,"column":17},"end":{"line":219,"column":44}},"96":{"start":{"line":227,"column":4},"end":{"line":240,"column":6}},"97":{"start":{"line":228,"column":22},"end":{"line":228,"column":48}},"98":{"start":{"line":230,"column":8},"end":{"line":238,"column":10}},"99":{"start":{"line":231,"column":12},"end":{"line":236,"column":44}},"100":{"start":{"line":232,"column":16},"end":{"line":234,"column":18}},"101":{"start":{"line":233,"column":20},"end":{"line":233,"column":59}},"102":{"start":{"line":236,"column":17},"end":{"line":236,"column":44}},"103":{"start":{"line":243,"column":4},"end":{"line":254,"column":6}},"104":{"start":{"line":244,"column":22},"end":{"line":244,"column":48}},"105":{"start":{"line":245,"column":8},"end":{"line":252,"column":10}},"106":{"start":{"line":246,"column":12},"end":{"line":251,"column":44}},"107":{"start":{"line":247,"column":16},"end":{"line":249,"column":18}},"108":{"start":{"line":248,"column":20},"end":{"line":248,"column":59}},"109":{"start":{"line":251,"column":17},"end":{"line":251,"column":44}},"110":{"start":{"line":260,"column":4},"end":{"line":274,"column":6}},"111":{"start":{"line":261,"column":22},"end":{"line":261,"column":48}},"112":{"start":{"line":262,"column":8},"end":{"line":272,"column":10}},"113":{"start":{"line":263,"column":12},"end":{"line":271,"column":41}},"114":{"start":{"line":264,"column":16},"end":{"line":269,"column":18}},"115":{"start":{"line":265,"column":20},"end":{"line":268,"column":74}},"116":{"start":{"line":266,"column":24},"end":{"line":266,"column":40}},"117":{"start":{"line":268,"column":24},"end":{"line":268,"column":74}},"118":{"start":{"line":271,"column":17},"end":{"line":271,"column":41}},"119":{"start":{"line":276,"column":4},"end":{"line":284,"column":6}},"120":{"start":{"line":277,"column":8},"end":{"line":283,"column":10}},"121":{"start":{"line":278,"column":12},"end":{"line":278,"column":29}},"122":{"start":{"line":278,"column":20},"end":{"line":278,"column":29}},"123":{"start":{"line":279,"column":12},"end":{"line":282,"column":47}},"124":{"start":{"line":280,"column":16},"end":{"line":280,"column":32}},"125":{"start":{"line":282,"column":16},"end":{"line":282,"column":47}},"126":{"start":{"line":289,"column":0},"end":{"line":289,"column":20}}},"fnMap":{"0":{"name":"(anonymous_0)","decl":{"start":{"line":31,"column":24},"end":{"line":31,"column":25}},"loc":{"start":{"line":31,"column":34},"end":{"line":287,"column":1}},"line":31},"1":{"name":"(anonymous_1)","decl":{"start":{"line":39,"column":47},"end":{"line":39,"column":48}},"loc":{"start":{"line":39,"column":61},"end":{"line":286,"column":5}},"line":39},"2":{"name":"cleanup","decl":{"start":{"line":45,"column":13},"end":{"line":45,"column":20}},"loc":{"start":{"line":45,"column":22},"end":{"line":51,"column":5}},"line":45},"3":{"name":"(anonymous_3)","decl":{"start":{"line":46,"column":101},"end":{"line":46,"column":102}},"loc":{"start":{"line":46,"column":115},"end":{"line":50,"column":9}},"line":46},"4":{"name":"(anonymous_4)","decl":{"start":{"line":57,"column":42},"end":{"line":57,"column":43}},"loc":{"start":{"line":57,"column":59},"end":{"line":73,"column":5}},"line":57},"5":{"name":"(anonymous_5)","decl":{"start":{"line":63,"column":61},"end":{"line":63,"column":62}},"loc":{"start":{"line":63,"column":75},"end":{"line":72,"column":9}},"line":63},"6":{"name":"(anonymous_6)","decl":{"start":{"line":77,"column":28},"end":{"line":77,"column":29}},"loc":{"start":{"line":77,"column":39},"end":{"line":116,"column":5}},"line":77},"7":{"name":"(anonymous_7)","decl":{"start":{"line":86,"column":61},"end":{"line":86,"column":62}},"loc":{"start":{"line":86,"column":75},"end":{"line":115,"column":9}},"line":86},"8":{"name":"(anonymous_8)","decl":{"start":{"line":106,"column":56},"end":{"line":106,"column":57}},"loc":{"start":{"line":106,"column":70},"end":{"line":110,"column":17}},"line":106},"9":{"name":"(anonymous_9)","decl":{"start":{"line":119,"column":57},"end":{"line":119,"column":58}},"loc":{"start":{"line":119,"column":68},"end":{"line":149,"column":5}},"line":119},"10":{"name":"(anonymous_10)","decl":{"start":{"line":128,"column":61},"end":{"line":128,"column":62}},"loc":{"start":{"line":128,"column":75},"end":{"line":147,"column":9}},"line":128},"11":{"name":"(anonymous_11)","decl":{"start":{"line":130,"column":69},"end":{"line":130,"column":70}},"loc":{"start":{"line":130,"column":83},"end":{"line":144,"column":17}},"line":130},"12":{"name":"(anonymous_12)","decl":{"start":{"line":138,"column":94},"end":{"line":138,"column":95}},"loc":{"start":{"line":138,"column":108},"end":{"line":141,"column":25}},"line":138},"13":{"name":"(anonymous_13)","decl":{"start":{"line":153,"column":53},"end":{"line":153,"column":54}},"loc":{"start":{"line":153,"column":64},"end":{"line":167,"column":5}},"line":153},"14":{"name":"(anonymous_14)","decl":{"start":{"line":156,"column":61},"end":{"line":156,"column":62}},"loc":{"start":{"line":156,"column":75},"end":{"line":166,"column":13}},"line":156},"15":{"name":"(anonymous_15)","decl":{"start":{"line":161,"column":69},"end":{"line":161,"column":70}},"loc":{"start":{"line":161,"column":83},"end":{"line":163,"column":21}},"line":161},"16":{"name":"(anonymous_16)","decl":{"start":{"line":171,"column":41},"end":{"line":171,"column":42}},"loc":{"start":{"line":171,"column":52},"end":{"line":186,"column":5}},"line":171},"17":{"name":"(anonymous_17)","decl":{"start":{"line":174,"column":59},"end":{"line":174,"column":60}},"loc":{"start":{"line":174,"column":73},"end":{"line":184,"column":9}},"line":174},"18":{"name":"(anonymous_18)","decl":{"start":{"line":176,"column":103},"end":{"line":176,"column":104}},"loc":{"start":{"line":176,"column":117},"end":{"line":181,"column":17}},"line":176},"19":{"name":"(anonymous_19)","decl":{"start":{"line":190,"column":40},"end":{"line":190,"column":41}},"loc":{"start":{"line":190,"column":51},"end":{"line":207,"column":5}},"line":190},"20":{"name":"(anonymous_20)","decl":{"start":{"line":193,"column":59},"end":{"line":193,"column":60}},"loc":{"start":{"line":193,"column":73},"end":{"line":204,"column":9}},"line":193},"21":{"name":"(anonymous_21)","decl":{"start":{"line":196,"column":76},"end":{"line":196,"column":77}},"loc":{"start":{"line":196,"column":90},"end":{"line":201,"column":17}},"line":196},"22":{"name":"(anonymous_22)","decl":{"start":{"line":210,"column":46},"end":{"line":210,"column":47}},"loc":{"start":{"line":210,"column":57},"end":{"line":224,"column":5}},"line":210},"23":{"name":"(anonymous_23)","decl":{"start":{"line":213,"column":59},"end":{"line":213,"column":60}},"loc":{"start":{"line":213,"column":73},"end":{"line":221,"column":9}},"line":213},"24":{"name":"(anonymous_24)","decl":{"start":{"line":215,"column":103},"end":{"line":215,"column":104}},"loc":{"start":{"line":215,"column":117},"end":{"line":217,"column":17}},"line":215},"25":{"name":"(anonymous_25)","decl":{"start":{"line":227,"column":45},"end":{"line":227,"column":46}},"loc":{"start":{"line":227,"column":56},"end":{"line":240,"column":5}},"line":227},"26":{"name":"(anonymous_26)","decl":{"start":{"line":230,"column":61},"end":{"line":230,"column":62}},"loc":{"start":{"line":230,"column":75},"end":{"line":238,"column":9}},"line":230},"27":{"name":"(anonymous_27)","decl":{"start":{"line":232,"column":76},"end":{"line":232,"column":77}},"loc":{"start":{"line":232,"column":90},"end":{"line":234,"column":17}},"line":232},"28":{"name":"(anonymous_28)","decl":{"start":{"line":243,"column":44},"end":{"line":243,"column":45}},"loc":{"start":{"line":243,"column":55},"end":{"line":254,"column":5}},"line":243},"29":{"name":"(anonymous_29)","decl":{"start":{"line":245,"column":61},"end":{"line":245,"column":62}},"loc":{"start":{"line":245,"column":75},"end":{"line":252,"column":9}},"line":245},"30":{"name":"(anonymous_30)","decl":{"start":{"line":247,"column":103},"end":{"line":247,"column":104}},"loc":{"start":{"line":247,"column":117},"end":{"line":249,"column":17}},"line":247},"31":{"name":"(anonymous_31)","decl":{"start":{"line":260,"column":39},"end":{"line":260,"column":40}},"loc":{"start":{"line":260,"column":50},"end":{"line":274,"column":5}},"line":260},"32":{"name":"(anonymous_32)","decl":{"start":{"line":262,"column":61},"end":{"line":262,"column":62}},"loc":{"start":{"line":262,"column":75},"end":{"line":272,"column":9}},"line":262},"33":{"name":"(anonymous_33)","decl":{"start":{"line":264,"column":103},"end":{"line":264,"column":104}},"loc":{"start":{"line":264,"column":117},"end":{"line":269,"column":17}},"line":264},"34":{"name":"(anonymous_34)","decl":{"start":{"line":276,"column":22},"end":{"line":276,"column":23}},"loc":{"start":{"line":276,"column":33},"end":{"line":284,"column":5}},"line":276},"35":{"name":"(anonymous_35)","decl":{"start":{"line":277,"column":47},"end":{"line":277,"column":48}},"loc":{"start":{"line":277,"column":61},"end":{"line":283,"column":9}},"line":277}},"branchMap":{"0":{"loc":{"start":{"line":32,"column":4},"end":{"line":32,"column":20}},"type":"if","locations":[{"start":{"line":32,"column":4},"end":{"line":32,"column":20}},{"start":{"line":32,"column":4},"end":{"line":32,"column":20}}],"line":32},"1":{"loc":{"start":{"line":64,"column":12},"end":{"line":71,"column":17}},"type":"if","locations":[{"start":{"line":64,"column":12},"end":{"line":71,"column":17}},{"start":{"line":64,"column":12},"end":{"line":71,"column":17}}],"line":64},"2":{"loc":{"start":{"line":88,"column":16},"end":{"line":114,"column":13}},"type":"if","locations":[{"start":{"line":88,"column":16},"end":{"line":114,"column":13}},{"start":{"line":88,"column":16},"end":{"line":114,"column":13}}],"line":88},"3":{"loc":{"start":{"line":107,"column":20},"end":{"line":107,"column":37}},"type":"if","locations":[{"start":{"line":107,"column":20},"end":{"line":107,"column":37}},{"start":{"line":107,"column":20},"end":{"line":107,"column":37}}],"line":107},"4":{"loc":{"start":{"line":129,"column":12},"end":{"line":146,"column":41}},"type":"if","locations":[{"start":{"line":129,"column":12},"end":{"line":146,"column":41}},{"start":{"line":129,"column":12},"end":{"line":146,"column":41}}],"line":129},"5":{"loc":{"start":{"line":131,"column":20},"end":{"line":143,"column":21}},"type":"if","locations":[{"start":{"line":131,"column":20},"end":{"line":143,"column":21}},{"start":{"line":131,"column":20},"end":{"line":143,"column":21}}],"line":131},"6":{"loc":{"start":{"line":158,"column":16},"end":{"line":165,"column":45}},"type":"if","locations":[{"start":{"line":158,"column":16},"end":{"line":165,"column":45}},{"start":{"line":158,"column":16},"end":{"line":165,"column":45}}],"line":158},"7":{"loc":{"start":{"line":175,"column":12},"end":{"line":183,"column":41}},"type":"if","locations":[{"start":{"line":175,"column":12},"end":{"line":183,"column":41}},{"start":{"line":175,"column":12},"end":{"line":183,"column":41}}],"line":175},"8":{"loc":{"start":{"line":177,"column":20},"end":{"line":180,"column":72}},"type":"if","locations":[{"start":{"line":177,"column":20},"end":{"line":180,"column":72}},{"start":{"line":177,"column":20},"end":{"line":180,"column":72}}],"line":177},"9":{"loc":{"start":{"line":194,"column":12},"end":{"line":203,"column":41}},"type":"if","locations":[{"start":{"line":194,"column":12},"end":{"line":203,"column":41}},{"start":{"line":194,"column":12},"end":{"line":203,"column":41}}],"line":194},"10":{"loc":{"start":{"line":197,"column":20},"end":{"line":200,"column":71}},"type":"if","locations":[{"start":{"line":197,"column":20},"end":{"line":200,"column":71}},{"start":{"line":197,"column":20},"end":{"line":200,"column":71}}],"line":197},"11":{"loc":{"start":{"line":199,"column":25},"end":{"line":200,"column":71}},"type":"if","locations":[{"start":{"line":199,"column":25},"end":{"line":200,"column":71}},{"start":{"line":199,"column":25},"end":{"line":200,"column":71}}],"line":199},"12":{"loc":{"start":{"line":214,"column":12},"end":{"line":219,"column":44}},"type":"if","locations":[{"start":{"line":214,"column":12},"end":{"line":219,"column":44}},{"start":{"line":214,"column":12},"end":{"line":219,"column":44}}],"line":214},"13":{"loc":{"start":{"line":231,"column":12},"end":{"line":236,"column":44}},"type":"if","locations":[{"start":{"line":231,"column":12},"end":{"line":236,"column":44}},{"start":{"line":231,"column":12},"end":{"line":236,"column":44}}],"line":231},"14":{"loc":{"start":{"line":246,"column":12},"end":{"line":251,"column":44}},"type":"if","locations":[{"start":{"line":246,"column":12},"end":{"line":251,"column":44}},{"start":{"line":246,"column":12},"end":{"line":251,"column":44}}],"line":246},"15":{"loc":{"start":{"line":263,"column":12},"end":{"line":271,"column":41}},"type":"if","locations":[{"start":{"line":263,"column":12},"end":{"line":271,"column":41}},{"start":{"line":263,"column":12},"end":{"line":271,"column":41}}],"line":263},"16":{"loc":{"start":{"line":265,"column":20},"end":{"line":268,"column":74}},"type":"if","locations":[{"start":{"line":265,"column":20},"end":{"line":268,"column":74}},{"start":{"line":265,"column":20},"end":{"line":268,"column":74}}],"line":265},"17":{"loc":{"start":{"line":278,"column":12},"end":{"line":278,"column":29}},"type":"if","locations":[{"start":{"line":278,"column":12},"end":{"line":278,"column":29}},{"start":{"line":278,"column":12},"end":{"line":278,"column":29}}],"line":278},"18":{"loc":{"start":{"line":279,"column":12},"end":{"line":282,"column":47}},"type":"if","locations":[{"start":{"line":279,"column":12},"end":{"line":282,"column":47}},{"start":{"line":279,"column":12},"end":{"line":282,"column":47}}],"line":279}},"s":{"0":1,"1":1,"2":1,"3":1,"4":1,"5":1,"6":1,"7":1,"8":1,"9":1,"10":1,"11":1,"12":1,"13":1,"14":1,"15":1,"16":1,"17":1,"18":1,"19":0,"20":1,"21":1,"22":1,"23":1,"24":0,"25":0,"26":1,"27":1,"28":1,"29":0,"30":0,"31":0,"32":0,"33":0,"34":0,"35":1,"36":0,"37":0,"38":0,"39":0,"40":0,"41":0,"42":0,"43":0,"44":0,"45":0,"46":0,"47":0,"48":0,"49":0,"50":1,"51":0,"52":0,"53":0,"54":0,"55":0,"56":0,"57":0,"58":0,"59":0,"60":0,"61":0,"62":1,"63":0,"64":0,"65":0,"66":0,"67":0,"68":0,"69":0,"70":1,"71":2,"72":2,"73":2,"74":1,"75":1,"76":1,"77":0,"78":1,"79":1,"80":2,"81":2,"82":2,"83":1,"84":1,"85":0,"86":1,"87":1,"88":1,"89":1,"90":2,"91":2,"92":2,"93":1,"94":1,"95":1,"96":1,"97":2,"98":2,"99":2,"100":1,"101":1,"102":1,"103":1,"104":2,"105":2,"106":2,"107":1,"108":1,"109":1,"110":1,"111":2,"112":2,"113":2,"114":1,"115":1,"116":1,"117":0,"118":1,"119":1,"120":1,"121":1,"122":0,"123":1,"124":1,"125":0,"126":1},"f":{"0":1,"1":1,"2":0,"3":0,"4":0,"5":0,"6":0,"7":0,"8":0,"9":0,"10":0,"11":0,"12":0,"13":0,"14":0,"15":0,"16":2,"17":2,"18":1,"19":2,"20":2,"21":1,"22":2,"23":2,"24":1,"25":2,"26":2,"27":1,"28":2,"29":2,"30":1,"31":2,"32":2,"33":1,"34":1,"35":1},"b":{"0":[0,1],"1":[0,0],"2":[0,0],"3":[0,0],"4":[0,0],"5":[0,0],"6":[0,0],"7":[1,1],"8":[1,0],"9":[1,1],"10":[0,1],"11":[1,0],"12":[1,1],"13":[1,1],"14":[1,1],"15":[1,1],"16":[1,0],"17":[0,1],"18":[1,0]},"_coverageSchema":"1a1c01bbd47fc00a2c39e90264f33305004495a9","hash":"afb854e398e1c9ace590f647ccc48a199a4ecb7c"}
}
