{"C:\\Users\\d976640\\Documents\\skillenhance_OAuth\\controllers\\answers.js": {"path":"C:\\Users\\d976640\\Documents\\skillenhance_OAuth\\controllers\\answers.js","statementMap":{"0":{"start":{"line":1,"column":16},"end":{"line":1,"column":34}},"1":{"start":{"line":2,"column":12},"end":{"line":2,"column":21}},"2":{"start":{"line":3,"column":0},"end":{"line":3,"column":44}},"3":{"start":{"line":4,"column":0},"end":{"line":4,"column":23}},"4":{"start":{"line":5,"column":0},"end":{"line":5,"column":44}},"5":{"start":{"line":6,"column":13},"end":{"line":6,"column":28}},"6":{"start":{"line":7,"column":0},"end":{"line":7,"column":15}},"7":{"start":{"line":9,"column":13},"end":{"line":9,"column":28}},"8":{"start":{"line":10,"column":18},"end":{"line":10,"column":47}},"9":{"start":{"line":11,"column":11},"end":{"line":11,"column":24}},"10":{"start":{"line":12,"column":15},"end":{"line":12,"column":33}},"11":{"start":{"line":13,"column":18},"end":{"line":13,"column":74}},"12":{"start":{"line":14,"column":13},"end":{"line":14,"column":47}},"13":{"start":{"line":15,"column":24},"end":{"line":15,"column":41}},"14":{"start":{"line":16,"column":0},"end":{"line":20,"column":2}},"15":{"start":{"line":23,"column":20},"end":{"line":23,"column":50}},"16":{"start":{"line":25,"column":0},"end":{"line":25,"column":26}},"17":{"start":{"line":27,"column":12},"end":{"line":27,"column":130}},"18":{"start":{"line":28,"column":16},"end":{"line":28,"column":34}},"19":{"start":{"line":29,"column":19},"end":{"line":29,"column":35}},"20":{"start":{"line":30,"column":19},"end":{"line":30,"column":26}},"21":{"start":{"line":33,"column":22},"end":{"line":33,"column":44}},"22":{"start":{"line":35,"column":16},"end":{"line":35,"column":34}},"23":{"start":{"line":37,"column":0},"end":{"line":363,"column":2}},"24":{"start":{"line":38,"column":4},"end":{"line":38,"column":20}},"25":{"start":{"line":38,"column":11},"end":{"line":38,"column":20}},"26":{"start":{"line":39,"column":16},"end":{"line":39,"column":30}},"27":{"start":{"line":45,"column":4},"end":{"line":361,"column":6}},"28":{"start":{"line":46,"column":8},"end":{"line":46,"column":35}},"29":{"start":{"line":47,"column":8},"end":{"line":47,"column":37}},"30":{"start":{"line":51,"column":12},"end":{"line":52,"column":14}},"31":{"start":{"line":56,"column":8},"end":{"line":61,"column":10}},"32":{"start":{"line":57,"column":12},"end":{"line":60,"column":14}},"33":{"start":{"line":58,"column":16},"end":{"line":58,"column":33}},"34":{"start":{"line":58,"column":24},"end":{"line":58,"column":33}},"35":{"start":{"line":59,"column":16},"end":{"line":59,"column":32}},"36":{"start":{"line":64,"column":8},"end":{"line":83,"column":10}},"37":{"start":{"line":65,"column":30},"end":{"line":65,"column":60}},"38":{"start":{"line":67,"column":12},"end":{"line":82,"column":14}},"39":{"start":{"line":68,"column":16},"end":{"line":68,"column":33}},"40":{"start":{"line":68,"column":24},"end":{"line":68,"column":33}},"41":{"start":{"line":69,"column":16},"end":{"line":81,"column":17}},"42":{"start":{"line":70,"column":35},"end":{"line":70,"column":44}},"43":{"start":{"line":71,"column":20},"end":{"line":76,"column":22}},"44":{"start":{"line":72,"column":24},"end":{"line":72,"column":41}},"45":{"start":{"line":72,"column":32},"end":{"line":72,"column":41}},"46":{"start":{"line":74,"column":24},"end":{"line":74,"column":43}},"47":{"start":{"line":75,"column":24},"end":{"line":75,"column":40}},"48":{"start":{"line":80,"column":20},"end":{"line":80,"column":49}},"49":{"start":{"line":86,"column":8},"end":{"line":168,"column":10}},"50":{"start":{"line":87,"column":30},"end":{"line":87,"column":60}},"51":{"start":{"line":88,"column":26},"end":{"line":88,"column":55}},"52":{"start":{"line":91,"column":12},"end":{"line":167,"column":13}},"53":{"start":{"line":92,"column":16},"end":{"line":92,"column":41}},"54":{"start":{"line":96,"column":16},"end":{"line":166,"column":18}},"55":{"start":{"line":97,"column":20},"end":{"line":165,"column":21}},"56":{"start":{"line":99,"column":37},"end":{"line":99,"column":46}},"57":{"start":{"line":100,"column":45},"end":{"line":100,"column":57}},"58":{"start":{"line":103,"column":24},"end":{"line":161,"column":26}},"59":{"start":{"line":104,"column":28},"end":{"line":104,"column":45}},"60":{"start":{"line":104,"column":36},"end":{"line":104,"column":45}},"61":{"start":{"line":105,"column":28},"end":{"line":160,"column":29}},"62":{"start":{"line":106,"column":52},"end":{"line":106,"column":73}},"63":{"start":{"line":107,"column":52},"end":{"line":107,"column":70}},"64":{"start":{"line":110,"column":32},"end":{"line":155,"column":34}},"65":{"start":{"line":111,"column":36},"end":{"line":111,"column":53}},"66":{"start":{"line":111,"column":44},"end":{"line":111,"column":53}},"67":{"start":{"line":113,"column":36},"end":{"line":154,"column":37}},"68":{"start":{"line":114,"column":40},"end":{"line":148,"column":41}},"69":{"start":{"line":115,"column":44},"end":{"line":115,"column":120}},"70":{"start":{"line":118,"column":45},"end":{"line":148,"column":41}},"71":{"start":{"line":120,"column":44},"end":{"line":144,"column":46}},"72":{"start":{"line":121,"column":48},"end":{"line":121,"column":65}},"73":{"start":{"line":121,"column":56},"end":{"line":121,"column":65}},"74":{"start":{"line":124,"column":48},"end":{"line":143,"column":50}},"75":{"start":{"line":125,"column":52},"end":{"line":138,"column":53}},"76":{"start":{"line":126,"column":56},"end":{"line":137,"column":58}},"77":{"start":{"line":135,"column":60},"end":{"line":135,"column":77}},"78":{"start":{"line":135,"column":68},"end":{"line":135,"column":77}},"79":{"start":{"line":139,"column":52},"end":{"line":139,"column":61}},"80":{"start":{"line":142,"column":52},"end":{"line":142,"column":89}},"81":{"start":{"line":147,"column":44},"end":{"line":147,"column":82}},"82":{"start":{"line":153,"column":40},"end":{"line":153,"column":69}},"83":{"start":{"line":159,"column":32},"end":{"line":159,"column":61}},"84":{"start":{"line":164,"column":24},"end":{"line":164,"column":48}},"85":{"start":{"line":171,"column":8},"end":{"line":232,"column":10}},"86":{"start":{"line":172,"column":30},"end":{"line":172,"column":60}},"87":{"start":{"line":173,"column":26},"end":{"line":173,"column":55}},"88":{"start":{"line":176,"column":12},"end":{"line":230,"column":13}},"89":{"start":{"line":177,"column":16},"end":{"line":177,"column":41}},"90":{"start":{"line":181,"column":16},"end":{"line":229,"column":18}},"91":{"start":{"line":182,"column":20},"end":{"line":228,"column":21}},"92":{"start":{"line":184,"column":37},"end":{"line":184,"column":46}},"93":{"start":{"line":186,"column":24},"end":{"line":224,"column":26}},"94":{"start":{"line":187,"column":28},"end":{"line":187,"column":45}},"95":{"start":{"line":187,"column":36},"end":{"line":187,"column":45}},"96":{"start":{"line":188,"column":28},"end":{"line":223,"column":29}},"97":{"start":{"line":190,"column":52},"end":{"line":190,"column":70}},"98":{"start":{"line":192,"column":32},"end":{"line":218,"column":34}},"99":{"start":{"line":193,"column":36},"end":{"line":193,"column":53}},"100":{"start":{"line":193,"column":44},"end":{"line":193,"column":53}},"101":{"start":{"line":196,"column":36},"end":{"line":217,"column":37}},"102":{"start":{"line":198,"column":40},"end":{"line":213,"column":86}},"103":{"start":{"line":199,"column":44},"end":{"line":199,"column":83}},"104":{"start":{"line":201,"column":45},"end":{"line":213,"column":86}},"105":{"start":{"line":202,"column":44},"end":{"line":202,"column":83}},"106":{"start":{"line":205,"column":45},"end":{"line":213,"column":86}},"107":{"start":{"line":207,"column":44},"end":{"line":210,"column":46}},"108":{"start":{"line":208,"column":48},"end":{"line":208,"column":65}},"109":{"start":{"line":208,"column":56},"end":{"line":208,"column":65}},"110":{"start":{"line":209,"column":48},"end":{"line":209,"column":85}},"111":{"start":{"line":213,"column":44},"end":{"line":213,"column":86}},"112":{"start":{"line":216,"column":40},"end":{"line":216,"column":71}},"113":{"start":{"line":222,"column":32},"end":{"line":222,"column":61}},"114":{"start":{"line":227,"column":24},"end":{"line":227,"column":48}},"115":{"start":{"line":235,"column":8},"end":{"line":287,"column":10}},"116":{"start":{"line":236,"column":30},"end":{"line":236,"column":60}},"117":{"start":{"line":237,"column":26},"end":{"line":237,"column":55}},"118":{"start":{"line":240,"column":12},"end":{"line":286,"column":13}},"119":{"start":{"line":241,"column":16},"end":{"line":241,"column":41}},"120":{"start":{"line":244,"column":16},"end":{"line":285,"column":18}},"121":{"start":{"line":247,"column":20},"end":{"line":284,"column":21}},"122":{"start":{"line":249,"column":37},"end":{"line":249,"column":46}},"123":{"start":{"line":252,"column":24},"end":{"line":280,"column":26}},"124":{"start":{"line":253,"column":28},"end":{"line":253,"column":45}},"125":{"start":{"line":253,"column":36},"end":{"line":253,"column":45}},"126":{"start":{"line":254,"column":28},"end":{"line":279,"column":29}},"127":{"start":{"line":257,"column":32},"end":{"line":275,"column":34}},"128":{"start":{"line":258,"column":36},"end":{"line":274,"column":37}},"129":{"start":{"line":259,"column":60},"end":{"line":259,"column":72}},"130":{"start":{"line":262,"column":40},"end":{"line":270,"column":41}},"131":{"start":{"line":263,"column":44},"end":{"line":263,"column":86}},"132":{"start":{"line":266,"column":44},"end":{"line":269,"column":46}},"133":{"start":{"line":267,"column":48},"end":{"line":267,"column":65}},"134":{"start":{"line":267,"column":56},"end":{"line":267,"column":65}},"135":{"start":{"line":268,"column":48},"end":{"line":268,"column":120}},"136":{"start":{"line":273,"column":40},"end":{"line":273,"column":71}},"137":{"start":{"line":278,"column":32},"end":{"line":278,"column":61}},"138":{"start":{"line":283,"column":24},"end":{"line":283,"column":48}},"139":{"start":{"line":290,"column":8},"end":{"line":311,"column":10}},"140":{"start":{"line":291,"column":30},"end":{"line":291,"column":60}},"141":{"start":{"line":292,"column":26},"end":{"line":292,"column":55}},"142":{"start":{"line":294,"column":12},"end":{"line":309,"column":14}},"143":{"start":{"line":302,"column":16},"end":{"line":303,"column":29}},"144":{"start":{"line":303,"column":20},"end":{"line":303,"column":29}},"145":{"start":{"line":304,"column":16},"end":{"line":308,"column":43}},"146":{"start":{"line":305,"column":20},"end":{"line":305,"column":57}},"147":{"start":{"line":308,"column":20},"end":{"line":308,"column":43}},"148":{"start":{"line":314,"column":8},"end":{"line":335,"column":10}},"149":{"start":{"line":315,"column":30},"end":{"line":315,"column":60}},"150":{"start":{"line":316,"column":25},"end":{"line":316,"column":40}},"151":{"start":{"line":317,"column":26},"end":{"line":317,"column":55}},"152":{"start":{"line":319,"column":12},"end":{"line":333,"column":14}},"153":{"start":{"line":326,"column":16},"end":{"line":327,"column":29}},"154":{"start":{"line":327,"column":20},"end":{"line":327,"column":29}},"155":{"start":{"line":328,"column":16},"end":{"line":332,"column":43}},"156":{"start":{"line":329,"column":20},"end":{"line":329,"column":57}},"157":{"start":{"line":332,"column":20},"end":{"line":332,"column":43}},"158":{"start":{"line":338,"column":8},"end":{"line":359,"column":10}},"159":{"start":{"line":339,"column":30},"end":{"line":339,"column":60}},"160":{"start":{"line":340,"column":25},"end":{"line":340,"column":40}},"161":{"start":{"line":341,"column":26},"end":{"line":341,"column":55}},"162":{"start":{"line":343,"column":12},"end":{"line":357,"column":14}},"163":{"start":{"line":350,"column":16},"end":{"line":351,"column":29}},"164":{"start":{"line":351,"column":20},"end":{"line":351,"column":29}},"165":{"start":{"line":352,"column":16},"end":{"line":356,"column":43}},"166":{"start":{"line":353,"column":20},"end":{"line":353,"column":57}},"167":{"start":{"line":356,"column":20},"end":{"line":356,"column":43}},"168":{"start":{"line":365,"column":0},"end":{"line":365,"column":20}}},"fnMap":{"0":{"name":"(anonymous_0)","decl":{"start":{"line":37,"column":24},"end":{"line":37,"column":25}},"loc":{"start":{"line":37,"column":34},"end":{"line":363,"column":1}},"line":37},"1":{"name":"(anonymous_1)","decl":{"start":{"line":45,"column":47},"end":{"line":45,"column":48}},"loc":{"start":{"line":45,"column":61},"end":{"line":361,"column":5}},"line":45},"2":{"name":"cleanup","decl":{"start":{"line":50,"column":17},"end":{"line":50,"column":24}},"loc":{"start":{"line":50,"column":26},"end":{"line":53,"column":9}},"line":50},"3":{"name":"(anonymous_3)","decl":{"start":{"line":51,"column":103},"end":{"line":51,"column":104}},"loc":{"start":{"line":51,"column":117},"end":{"line":52,"column":13}},"line":51},"4":{"name":"(anonymous_4)","decl":{"start":{"line":56,"column":27},"end":{"line":56,"column":28}},"loc":{"start":{"line":56,"column":38},"end":{"line":61,"column":9}},"line":56},"5":{"name":"(anonymous_5)","decl":{"start":{"line":57,"column":70},"end":{"line":57,"column":71}},"loc":{"start":{"line":57,"column":84},"end":{"line":60,"column":13}},"line":57},"6":{"name":"(anonymous_6)","decl":{"start":{"line":64,"column":38},"end":{"line":64,"column":39}},"loc":{"start":{"line":64,"column":49},"end":{"line":83,"column":9}},"line":64},"7":{"name":"(anonymous_7)","decl":{"start":{"line":67,"column":85},"end":{"line":67,"column":86}},"loc":{"start":{"line":67,"column":99},"end":{"line":82,"column":13}},"line":67},"8":{"name":"(anonymous_8)","decl":{"start":{"line":71,"column":112},"end":{"line":71,"column":113}},"loc":{"start":{"line":71,"column":126},"end":{"line":76,"column":21}},"line":71},"9":{"name":"(anonymous_9)","decl":{"start":{"line":86,"column":46},"end":{"line":86,"column":47}},"loc":{"start":{"line":86,"column":57},"end":{"line":168,"column":9}},"line":86},"10":{"name":"(anonymous_10)","decl":{"start":{"line":96,"column":73},"end":{"line":96,"column":74}},"loc":{"start":{"line":96,"column":93},"end":{"line":166,"column":17}},"line":96},"11":{"name":"(anonymous_11)","decl":{"start":{"line":103,"column":97},"end":{"line":103,"column":98}},"loc":{"start":{"line":103,"column":111},"end":{"line":161,"column":25}},"line":103},"12":{"name":"(anonymous_12)","decl":{"start":{"line":110,"column":107},"end":{"line":110,"column":108}},"loc":{"start":{"line":110,"column":121},"end":{"line":155,"column":33}},"line":110},"13":{"name":"(anonymous_13)","decl":{"start":{"line":120,"column":153},"end":{"line":120,"column":154}},"loc":{"start":{"line":120,"column":167},"end":{"line":144,"column":45}},"line":120},"14":{"name":"(anonymous_14)","decl":{"start":{"line":124,"column":60},"end":{"line":124,"column":61}},"loc":{"start":{"line":124,"column":78},"end":{"line":141,"column":49}},"line":124},"15":{"name":"(anonymous_15)","decl":{"start":{"line":134,"column":58},"end":{"line":134,"column":59}},"loc":{"start":{"line":134,"column":74},"end":{"line":137,"column":57}},"line":134},"16":{"name":"(anonymous_16)","decl":{"start":{"line":141,"column":56},"end":{"line":141,"column":57}},"loc":{"start":{"line":141,"column":60},"end":{"line":143,"column":49}},"line":141},"17":{"name":"(anonymous_17)","decl":{"start":{"line":171,"column":51},"end":{"line":171,"column":52}},"loc":{"start":{"line":171,"column":62},"end":{"line":232,"column":9}},"line":171},"18":{"name":"(anonymous_18)","decl":{"start":{"line":181,"column":73},"end":{"line":181,"column":74}},"loc":{"start":{"line":181,"column":93},"end":{"line":229,"column":17}},"line":181},"19":{"name":"(anonymous_19)","decl":{"start":{"line":186,"column":97},"end":{"line":186,"column":98}},"loc":{"start":{"line":186,"column":111},"end":{"line":224,"column":25}},"line":186},"20":{"name":"(anonymous_20)","decl":{"start":{"line":192,"column":107},"end":{"line":192,"column":108}},"loc":{"start":{"line":192,"column":121},"end":{"line":218,"column":33}},"line":192},"21":{"name":"(anonymous_21)","decl":{"start":{"line":207,"column":146},"end":{"line":207,"column":147}},"loc":{"start":{"line":207,"column":160},"end":{"line":210,"column":45}},"line":207},"22":{"name":"(anonymous_22)","decl":{"start":{"line":235,"column":46},"end":{"line":235,"column":47}},"loc":{"start":{"line":235,"column":57},"end":{"line":287,"column":9}},"line":235},"23":{"name":"(anonymous_23)","decl":{"start":{"line":244,"column":73},"end":{"line":244,"column":74}},"loc":{"start":{"line":244,"column":93},"end":{"line":285,"column":17}},"line":244},"24":{"name":"(anonymous_24)","decl":{"start":{"line":252,"column":97},"end":{"line":252,"column":98}},"loc":{"start":{"line":252,"column":111},"end":{"line":280,"column":25}},"line":252},"25":{"name":"(anonymous_25)","decl":{"start":{"line":257,"column":99},"end":{"line":257,"column":100}},"loc":{"start":{"line":257,"column":113},"end":{"line":275,"column":33}},"line":257},"26":{"name":"(anonymous_26)","decl":{"start":{"line":266,"column":113},"end":{"line":266,"column":114}},"loc":{"start":{"line":266,"column":127},"end":{"line":269,"column":45}},"line":266},"27":{"name":"(anonymous_27)","decl":{"start":{"line":290,"column":44},"end":{"line":290,"column":45}},"loc":{"start":{"line":290,"column":55},"end":{"line":311,"column":9}},"line":290},"28":{"name":"(anonymous_28)","decl":{"start":{"line":301,"column":14},"end":{"line":301,"column":15}},"loc":{"start":{"line":301,"column":30},"end":{"line":309,"column":13}},"line":301},"29":{"name":"(anonymous_29)","decl":{"start":{"line":314,"column":44},"end":{"line":314,"column":45}},"loc":{"start":{"line":314,"column":55},"end":{"line":335,"column":9}},"line":314},"30":{"name":"(anonymous_30)","decl":{"start":{"line":325,"column":14},"end":{"line":325,"column":15}},"loc":{"start":{"line":325,"column":30},"end":{"line":333,"column":13}},"line":325},"31":{"name":"(anonymous_31)","decl":{"start":{"line":338,"column":49},"end":{"line":338,"column":50}},"loc":{"start":{"line":338,"column":60},"end":{"line":359,"column":9}},"line":338},"32":{"name":"(anonymous_32)","decl":{"start":{"line":349,"column":14},"end":{"line":349,"column":15}},"loc":{"start":{"line":349,"column":30},"end":{"line":357,"column":13}},"line":349}},"branchMap":{"0":{"loc":{"start":{"line":38,"column":4},"end":{"line":38,"column":20}},"type":"if","locations":[{"start":{"line":38,"column":4},"end":{"line":38,"column":20}},{"start":{"line":38,"column":4},"end":{"line":38,"column":20}}],"line":38},"1":{"loc":{"start":{"line":58,"column":16},"end":{"line":58,"column":33}},"type":"if","locations":[{"start":{"line":58,"column":16},"end":{"line":58,"column":33}},{"start":{"line":58,"column":16},"end":{"line":58,"column":33}}],"line":58},"2":{"loc":{"start":{"line":68,"column":16},"end":{"line":68,"column":33}},"type":"if","locations":[{"start":{"line":68,"column":16},"end":{"line":68,"column":33}},{"start":{"line":68,"column":16},"end":{"line":68,"column":33}}],"line":68},"3":{"loc":{"start":{"line":69,"column":16},"end":{"line":81,"column":17}},"type":"if","locations":[{"start":{"line":69,"column":16},"end":{"line":81,"column":17}},{"start":{"line":69,"column":16},"end":{"line":81,"column":17}}],"line":69},"4":{"loc":{"start":{"line":72,"column":24},"end":{"line":72,"column":41}},"type":"if","locations":[{"start":{"line":72,"column":24},"end":{"line":72,"column":41}},{"start":{"line":72,"column":24},"end":{"line":72,"column":41}}],"line":72},"5":{"loc":{"start":{"line":91,"column":12},"end":{"line":167,"column":13}},"type":"if","locations":[{"start":{"line":91,"column":12},"end":{"line":167,"column":13}},{"start":{"line":91,"column":12},"end":{"line":167,"column":13}}],"line":91},"6":{"loc":{"start":{"line":97,"column":20},"end":{"line":165,"column":21}},"type":"if","locations":[{"start":{"line":97,"column":20},"end":{"line":165,"column":21}},{"start":{"line":97,"column":20},"end":{"line":165,"column":21}}],"line":97},"7":{"loc":{"start":{"line":97,"column":23},"end":{"line":97,"column":87}},"type":"binary-expr","locations":[{"start":{"line":97,"column":23},"end":{"line":97,"column":41}},{"start":{"line":97,"column":46},"end":{"line":97,"column":86}}],"line":97},"8":{"loc":{"start":{"line":104,"column":28},"end":{"line":104,"column":45}},"type":"if","locations":[{"start":{"line":104,"column":28},"end":{"line":104,"column":45}},{"start":{"line":104,"column":28},"end":{"line":104,"column":45}}],"line":104},"9":{"loc":{"start":{"line":105,"column":28},"end":{"line":160,"column":29}},"type":"if","locations":[{"start":{"line":105,"column":28},"end":{"line":160,"column":29}},{"start":{"line":105,"column":28},"end":{"line":160,"column":29}}],"line":105},"10":{"loc":{"start":{"line":111,"column":36},"end":{"line":111,"column":53}},"type":"if","locations":[{"start":{"line":111,"column":36},"end":{"line":111,"column":53}},{"start":{"line":111,"column":36},"end":{"line":111,"column":53}}],"line":111},"11":{"loc":{"start":{"line":113,"column":36},"end":{"line":154,"column":37}},"type":"if","locations":[{"start":{"line":113,"column":36},"end":{"line":154,"column":37}},{"start":{"line":113,"column":36},"end":{"line":154,"column":37}}],"line":113},"12":{"loc":{"start":{"line":113,"column":39},"end":{"line":113,"column":91}},"type":"binary-expr","locations":[{"start":{"line":113,"column":39},"end":{"line":113,"column":55}},{"start":{"line":113,"column":59},"end":{"line":113,"column":91}}],"line":113},"13":{"loc":{"start":{"line":114,"column":40},"end":{"line":148,"column":41}},"type":"if","locations":[{"start":{"line":114,"column":40},"end":{"line":148,"column":41}},{"start":{"line":114,"column":40},"end":{"line":148,"column":41}}],"line":114},"14":{"loc":{"start":{"line":118,"column":45},"end":{"line":148,"column":41}},"type":"if","locations":[{"start":{"line":118,"column":45},"end":{"line":148,"column":41}},{"start":{"line":118,"column":45},"end":{"line":148,"column":41}}],"line":118},"15":{"loc":{"start":{"line":121,"column":48},"end":{"line":121,"column":65}},"type":"if","locations":[{"start":{"line":121,"column":48},"end":{"line":121,"column":65}},{"start":{"line":121,"column":48},"end":{"line":121,"column":65}}],"line":121},"16":{"loc":{"start":{"line":125,"column":52},"end":{"line":138,"column":53}},"type":"if","locations":[{"start":{"line":125,"column":52},"end":{"line":138,"column":53}},{"start":{"line":125,"column":52},"end":{"line":138,"column":53}}],"line":125},"17":{"loc":{"start":{"line":135,"column":60},"end":{"line":135,"column":77}},"type":"if","locations":[{"start":{"line":135,"column":60},"end":{"line":135,"column":77}},{"start":{"line":135,"column":60},"end":{"line":135,"column":77}}],"line":135},"18":{"loc":{"start":{"line":176,"column":12},"end":{"line":230,"column":13}},"type":"if","locations":[{"start":{"line":176,"column":12},"end":{"line":230,"column":13}},{"start":{"line":176,"column":12},"end":{"line":230,"column":13}}],"line":176},"19":{"loc":{"start":{"line":182,"column":20},"end":{"line":228,"column":21}},"type":"if","locations":[{"start":{"line":182,"column":20},"end":{"line":228,"column":21}},{"start":{"line":182,"column":20},"end":{"line":228,"column":21}}],"line":182},"20":{"loc":{"start":{"line":182,"column":23},"end":{"line":182,"column":87}},"type":"binary-expr","locations":[{"start":{"line":182,"column":23},"end":{"line":182,"column":41}},{"start":{"line":182,"column":46},"end":{"line":182,"column":86}}],"line":182},"21":{"loc":{"start":{"line":187,"column":28},"end":{"line":187,"column":45}},"type":"if","locations":[{"start":{"line":187,"column":28},"end":{"line":187,"column":45}},{"start":{"line":187,"column":28},"end":{"line":187,"column":45}}],"line":187},"22":{"loc":{"start":{"line":188,"column":28},"end":{"line":223,"column":29}},"type":"if","locations":[{"start":{"line":188,"column":28},"end":{"line":223,"column":29}},{"start":{"line":188,"column":28},"end":{"line":223,"column":29}}],"line":188},"23":{"loc":{"start":{"line":193,"column":36},"end":{"line":193,"column":53}},"type":"if","locations":[{"start":{"line":193,"column":36},"end":{"line":193,"column":53}},{"start":{"line":193,"column":36},"end":{"line":193,"column":53}}],"line":193},"24":{"loc":{"start":{"line":196,"column":36},"end":{"line":217,"column":37}},"type":"if","locations":[{"start":{"line":196,"column":36},"end":{"line":217,"column":37}},{"start":{"line":196,"column":36},"end":{"line":217,"column":37}}],"line":196},"25":{"loc":{"start":{"line":196,"column":39},"end":{"line":196,"column":91}},"type":"binary-expr","locations":[{"start":{"line":196,"column":39},"end":{"line":196,"column":55}},{"start":{"line":196,"column":59},"end":{"line":196,"column":91}}],"line":196},"26":{"loc":{"start":{"line":198,"column":40},"end":{"line":213,"column":86}},"type":"if","locations":[{"start":{"line":198,"column":40},"end":{"line":213,"column":86}},{"start":{"line":198,"column":40},"end":{"line":213,"column":86}}],"line":198},"27":{"loc":{"start":{"line":201,"column":45},"end":{"line":213,"column":86}},"type":"if","locations":[{"start":{"line":201,"column":45},"end":{"line":213,"column":86}},{"start":{"line":201,"column":45},"end":{"line":213,"column":86}}],"line":201},"28":{"loc":{"start":{"line":205,"column":45},"end":{"line":213,"column":86}},"type":"if","locations":[{"start":{"line":205,"column":45},"end":{"line":213,"column":86}},{"start":{"line":205,"column":45},"end":{"line":213,"column":86}}],"line":205},"29":{"loc":{"start":{"line":208,"column":48},"end":{"line":208,"column":65}},"type":"if","locations":[{"start":{"line":208,"column":48},"end":{"line":208,"column":65}},{"start":{"line":208,"column":48},"end":{"line":208,"column":65}}],"line":208},"30":{"loc":{"start":{"line":240,"column":12},"end":{"line":286,"column":13}},"type":"if","locations":[{"start":{"line":240,"column":12},"end":{"line":286,"column":13}},{"start":{"line":240,"column":12},"end":{"line":286,"column":13}}],"line":240},"31":{"loc":{"start":{"line":247,"column":20},"end":{"line":284,"column":21}},"type":"if","locations":[{"start":{"line":247,"column":20},"end":{"line":284,"column":21}},{"start":{"line":247,"column":20},"end":{"line":284,"column":21}}],"line":247},"32":{"loc":{"start":{"line":247,"column":23},"end":{"line":247,"column":87}},"type":"binary-expr","locations":[{"start":{"line":247,"column":23},"end":{"line":247,"column":41}},{"start":{"line":247,"column":46},"end":{"line":247,"column":86}}],"line":247},"33":{"loc":{"start":{"line":253,"column":28},"end":{"line":253,"column":45}},"type":"if","locations":[{"start":{"line":253,"column":28},"end":{"line":253,"column":45}},{"start":{"line":253,"column":28},"end":{"line":253,"column":45}}],"line":253},"34":{"loc":{"start":{"line":254,"column":28},"end":{"line":279,"column":29}},"type":"if","locations":[{"start":{"line":254,"column":28},"end":{"line":279,"column":29}},{"start":{"line":254,"column":28},"end":{"line":279,"column":29}}],"line":254},"35":{"loc":{"start":{"line":254,"column":31},"end":{"line":254,"column":85}},"type":"binary-expr","locations":[{"start":{"line":254,"column":31},"end":{"line":254,"column":49}},{"start":{"line":254,"column":53},"end":{"line":254,"column":85}}],"line":254},"36":{"loc":{"start":{"line":258,"column":36},"end":{"line":274,"column":37}},"type":"if","locations":[{"start":{"line":258,"column":36},"end":{"line":274,"column":37}},{"start":{"line":258,"column":36},"end":{"line":274,"column":37}}],"line":258},"37":{"loc":{"start":{"line":262,"column":40},"end":{"line":270,"column":41}},"type":"if","locations":[{"start":{"line":262,"column":40},"end":{"line":270,"column":41}},{"start":{"line":262,"column":40},"end":{"line":270,"column":41}}],"line":262},"38":{"loc":{"start":{"line":267,"column":48},"end":{"line":267,"column":65}},"type":"if","locations":[{"start":{"line":267,"column":48},"end":{"line":267,"column":65}},{"start":{"line":267,"column":48},"end":{"line":267,"column":65}}],"line":267},"39":{"loc":{"start":{"line":302,"column":16},"end":{"line":303,"column":29}},"type":"if","locations":[{"start":{"line":302,"column":16},"end":{"line":303,"column":29}},{"start":{"line":302,"column":16},"end":{"line":303,"column":29}}],"line":302},"40":{"loc":{"start":{"line":304,"column":16},"end":{"line":308,"column":43}},"type":"if","locations":[{"start":{"line":304,"column":16},"end":{"line":308,"column":43}},{"start":{"line":304,"column":16},"end":{"line":308,"column":43}}],"line":304},"41":{"loc":{"start":{"line":326,"column":16},"end":{"line":327,"column":29}},"type":"if","locations":[{"start":{"line":326,"column":16},"end":{"line":327,"column":29}},{"start":{"line":326,"column":16},"end":{"line":327,"column":29}}],"line":326},"42":{"loc":{"start":{"line":328,"column":16},"end":{"line":332,"column":43}},"type":"if","locations":[{"start":{"line":328,"column":16},"end":{"line":332,"column":43}},{"start":{"line":328,"column":16},"end":{"line":332,"column":43}}],"line":328},"43":{"loc":{"start":{"line":350,"column":16},"end":{"line":351,"column":29}},"type":"if","locations":[{"start":{"line":350,"column":16},"end":{"line":351,"column":29}},{"start":{"line":350,"column":16},"end":{"line":351,"column":29}}],"line":350},"44":{"loc":{"start":{"line":352,"column":16},"end":{"line":356,"column":43}},"type":"if","locations":[{"start":{"line":352,"column":16},"end":{"line":356,"column":43}},{"start":{"line":352,"column":16},"end":{"line":356,"column":43}}],"line":352}},"s":{"0":3,"1":3,"2":3,"3":3,"4":3,"5":3,"6":3,"7":3,"8":3,"9":3,"10":3,"11":3,"12":3,"13":3,"14":3,"15":3,"16":3,"17":3,"18":3,"19":3,"20":3,"21":3,"22":3,"23":3,"24":3,"25":0,"26":3,"27":3,"28":3,"29":3,"30":0,"31":3,"32":0,"33":0,"34":0,"35":0,"36":3,"37":2,"38":2,"39":2,"40":0,"41":2,"42":1,"43":1,"44":1,"45":0,"46":1,"47":1,"48":1,"49":3,"50":8,"51":8,"52":8,"53":1,"54":7,"55":7,"56":6,"57":6,"58":6,"59":6,"60":0,"61":6,"62":5,"63":5,"64":5,"65":5,"66":0,"67":5,"68":3,"69":1,"70":2,"71":1,"72":1,"73":0,"74":1,"75":1,"76":1,"77":1,"78":0,"79":1,"80":1,"81":1,"82":2,"83":1,"84":1,"85":3,"86":9,"87":9,"88":9,"89":1,"90":8,"91":8,"92":7,"93":7,"94":7,"95":0,"96":7,"97":6,"98":6,"99":6,"100":0,"101":6,"102":4,"103":1,"104":3,"105":1,"106":2,"107":1,"108":1,"109":0,"110":1,"111":1,"112":2,"113":1,"114":1,"115":3,"116":7,"117":7,"118":7,"119":1,"120":6,"121":6,"122":5,"123":5,"124":5,"125":0,"126":5,"127":3,"128":3,"129":2,"130":2,"131":1,"132":1,"133":1,"134":0,"135":1,"136":1,"137":2,"138":1,"139":3,"140":5,"141":5,"142":5,"143":5,"144":0,"145":5,"146":1,"147":4,"148":3,"149":5,"150":5,"151":5,"152":5,"153":5,"154":0,"155":5,"156":2,"157":3,"158":3,"159":2,"160":2,"161":2,"162":2,"163":2,"164":0,"165":2,"166":2,"167":0,"168":3},"f":{"0":3,"1":3,"2":0,"3":0,"4":0,"5":0,"6":2,"7":2,"8":1,"9":8,"10":7,"11":6,"12":5,"13":1,"14":1,"15":1,"16":1,"17":9,"18":8,"19":7,"20":6,"21":1,"22":7,"23":6,"24":5,"25":3,"26":1,"27":5,"28":5,"29":5,"30":5,"31":2,"32":2},"b":{"0":[0,3],"1":[0,0],"2":[0,2],"3":[1,1],"4":[0,1],"5":[1,7],"6":[6,1],"7":[7,6],"8":[0,6],"9":[5,1],"10":[0,5],"11":[3,2],"12":[5,4],"13":[1,2],"14":[1,1],"15":[0,1],"16":[1,0],"17":[0,1],"18":[1,8],"19":[7,1],"20":[8,7],"21":[0,7],"22":[6,1],"23":[0,6],"24":[4,2],"25":[6,5],"26":[1,3],"27":[1,2],"28":[1,1],"29":[0,1],"30":[1,6],"31":[5,1],"32":[6,5],"33":[0,5],"34":[3,2],"35":[5,4],"36":[2,1],"37":[1,1],"38":[0,1],"39":[0,5],"40":[1,4],"41":[0,5],"42":[2,3],"43":[0,2],"44":[2,0]},"_coverageSchema":"1a1c01bbd47fc00a2c39e90264f33305004495a9","hash":"718ddc8f0fe02c84cd4aa32e7f00a545dd0cd72d"}
,"C:\\Users\\d976640\\Documents\\skillenhance_OAuth\\controllers\\authorize.js": {"path":"C:\\Users\\d976640\\Documents\\skillenhance_OAuth\\controllers\\authorize.js","statementMap":{"0":{"start":{"line":1,"column":12},"end":{"line":1,"column":35}},"1":{"start":{"line":2,"column":16},"end":{"line":2,"column":34}},"2":{"start":{"line":5,"column":0},"end":{"line":7,"column":1}},"3":{"start":{"line":6,"column":4},"end":{"line":6,"column":25}},"4":{"start":{"line":10,"column":0},"end":{"line":41,"column":1}},"5":{"start":{"line":13,"column":4},"end":{"line":40,"column":5}},"6":{"start":{"line":14,"column":8},"end":{"line":14,"column":19}},"7":{"start":{"line":17,"column":8},"end":{"line":39,"column":10}},"8":{"start":{"line":18,"column":12},"end":{"line":38,"column":14}},"9":{"start":{"line":22,"column":16},"end":{"line":22,"column":33}},"10":{"start":{"line":22,"column":24},"end":{"line":22,"column":33}},"11":{"start":{"line":23,"column":16},"end":{"line":23,"column":37}},"12":{"start":{"line":24,"column":16},"end":{"line":36,"column":17}},"13":{"start":{"line":27,"column":20},"end":{"line":27,"column":38}},"14":{"start":{"line":28,"column":20},"end":{"line":28,"column":28}},"15":{"start":{"line":29,"column":20},"end":{"line":29,"column":32}},"16":{"start":{"line":33,"column":20},"end":{"line":33,"column":37}},"17":{"start":{"line":34,"column":20},"end":{"line":34,"column":29}},"18":{"start":{"line":35,"column":20},"end":{"line":35,"column":32}}},"fnMap":{"0":{"name":"get_token","decl":{"start":{"line":5,"column":26},"end":{"line":5,"column":35}},"loc":{"start":{"line":5,"column":41},"end":{"line":7,"column":1}},"line":5},"1":{"name":"validate_user","decl":{"start":{"line":10,"column":26},"end":{"line":10,"column":39}},"loc":{"start":{"line":10,"column":55},"end":{"line":41,"column":1}},"line":10},"2":{"name":"(anonymous_2)","decl":{"start":{"line":17,"column":27},"end":{"line":17,"column":28}},"loc":{"start":{"line":17,"column":45},"end":{"line":39,"column":9}},"line":17},"3":{"name":"(anonymous_3)","decl":{"start":{"line":21,"column":14},"end":{"line":21,"column":15}},"loc":{"start":{"line":21,"column":35},"end":{"line":38,"column":13}},"line":21}},"branchMap":{"0":{"loc":{"start":{"line":13,"column":4},"end":{"line":40,"column":5}},"type":"if","locations":[{"start":{"line":13,"column":4},"end":{"line":40,"column":5}},{"start":{"line":13,"column":4},"end":{"line":40,"column":5}}],"line":13},"1":{"loc":{"start":{"line":22,"column":16},"end":{"line":22,"column":33}},"type":"if","locations":[{"start":{"line":22,"column":16},"end":{"line":22,"column":33}},{"start":{"line":22,"column":16},"end":{"line":22,"column":33}}],"line":22},"2":{"loc":{"start":{"line":24,"column":16},"end":{"line":36,"column":17}},"type":"if","locations":[{"start":{"line":24,"column":16},"end":{"line":36,"column":17}},{"start":{"line":24,"column":16},"end":{"line":36,"column":17}}],"line":24}},"s":{"0":10,"1":10,"2":10,"3":0,"4":10,"5":65,"6":65,"7":0,"8":0,"9":0,"10":0,"11":0,"12":0,"13":0,"14":0,"15":0,"16":0,"17":0,"18":0},"f":{"0":0,"1":65,"2":0,"3":0},"b":{"0":[65,0],"1":[0,0],"2":[0,0]},"_coverageSchema":"1a1c01bbd47fc00a2c39e90264f33305004495a9","hash":"e2a40861047a99d2aad0f17ae3c93279d88d3b43"}
,"C:\\Users\\d976640\\Documents\\skillenhance_OAuth\\controllers\\comments.js": {"path":"C:\\Users\\d976640\\Documents\\skillenhance_OAuth\\controllers\\comments.js","statementMap":{"0":{"start":{"line":1,"column":18},"end":{"line":1,"column":48}},"1":{"start":{"line":2,"column":10},"end":{"line":2,"column":88}},"2":{"start":{"line":3,"column":11},"end":{"line":3,"column":29}},"3":{"start":{"line":4,"column":24},"end":{"line":4,"column":34}},"4":{"start":{"line":5,"column":24},"end":{"line":5,"column":40}},"5":{"start":{"line":6,"column":23},"end":{"line":6,"column":30}},"6":{"start":{"line":7,"column":19},"end":{"line":7,"column":28}},"7":{"start":{"line":10,"column":14},"end":{"line":10,"column":32}},"8":{"start":{"line":11,"column":12},"end":{"line":11,"column":21}},"9":{"start":{"line":12,"column":19},"end":{"line":12,"column":41}},"10":{"start":{"line":13,"column":0},"end":{"line":13,"column":23}},"11":{"start":{"line":14,"column":0},"end":{"line":14,"column":44}},"12":{"start":{"line":15,"column":0},"end":{"line":15,"column":33}},"13":{"start":{"line":17,"column":13},"end":{"line":17,"column":28}},"14":{"start":{"line":18,"column":18},"end":{"line":18,"column":47}},"15":{"start":{"line":19,"column":11},"end":{"line":19,"column":24}},"16":{"start":{"line":20,"column":15},"end":{"line":20,"column":33}},"17":{"start":{"line":21,"column":18},"end":{"line":21,"column":75}},"18":{"start":{"line":22,"column":13},"end":{"line":22,"column":47}},"19":{"start":{"line":23,"column":24},"end":{"line":23,"column":41}},"20":{"start":{"line":24,"column":0},"end":{"line":28,"column":2}},"21":{"start":{"line":30,"column":0},"end":{"line":30,"column":26}},"22":{"start":{"line":34,"column":14},"end":{"line":34,"column":16}},"23":{"start":{"line":38,"column":16},"end":{"line":38,"column":34}},"24":{"start":{"line":39,"column":22},"end":{"line":39,"column":44}},"25":{"start":{"line":40,"column":18},"end":{"line":40,"column":40}},"26":{"start":{"line":43,"column":0},"end":{"line":263,"column":2}},"27":{"start":{"line":44,"column":4},"end":{"line":44,"column":21}},"28":{"start":{"line":44,"column":12},"end":{"line":44,"column":21}},"29":{"start":{"line":45,"column":14},"end":{"line":45,"column":25}},"30":{"start":{"line":46,"column":4},"end":{"line":262,"column":6}},"31":{"start":{"line":47,"column":8},"end":{"line":47,"column":38}},"32":{"start":{"line":48,"column":8},"end":{"line":48,"column":37}},"33":{"start":{"line":51,"column":12},"end":{"line":52,"column":14}},"34":{"start":{"line":56,"column":8},"end":{"line":62,"column":10}},"35":{"start":{"line":57,"column":23},"end":{"line":57,"column":47}},"36":{"start":{"line":58,"column":12},"end":{"line":61,"column":14}},"37":{"start":{"line":59,"column":16},"end":{"line":60,"column":40}},"38":{"start":{"line":59,"column":37},"end":{"line":59,"column":67}},"39":{"start":{"line":60,"column":21},"end":{"line":60,"column":40}},"40":{"start":{"line":65,"column":8},"end":{"line":71,"column":10}},"41":{"start":{"line":66,"column":23},"end":{"line":66,"column":47}},"42":{"start":{"line":67,"column":12},"end":{"line":70,"column":14}},"43":{"start":{"line":68,"column":16},"end":{"line":69,"column":37}},"44":{"start":{"line":68,"column":25},"end":{"line":68,"column":34}},"45":{"start":{"line":69,"column":21},"end":{"line":69,"column":37}},"46":{"start":{"line":74,"column":8},"end":{"line":131,"column":10}},"47":{"start":{"line":77,"column":26},"end":{"line":77,"column":55}},"48":{"start":{"line":78,"column":12},"end":{"line":130,"column":13}},"49":{"start":{"line":78,"column":28},"end":{"line":78,"column":53}},"50":{"start":{"line":80,"column":27},"end":{"line":80,"column":51}},"51":{"start":{"line":81,"column":16},"end":{"line":129,"column":18}},"52":{"start":{"line":82,"column":20},"end":{"line":128,"column":61}},"53":{"start":{"line":83,"column":37},"end":{"line":83,"column":46}},"54":{"start":{"line":84,"column":24},"end":{"line":126,"column":26}},"55":{"start":{"line":85,"column":28},"end":{"line":125,"column":60}},"56":{"start":{"line":86,"column":32},"end":{"line":123,"column":33}},"57":{"start":{"line":86,"column":63},"end":{"line":86,"column":97}},"58":{"start":{"line":88,"column":53},"end":{"line":97,"column":37}},"59":{"start":{"line":98,"column":36},"end":{"line":98,"column":51}},"60":{"start":{"line":99,"column":36},"end":{"line":99,"column":73}},"61":{"start":{"line":100,"column":36},"end":{"line":122,"column":38}},"62":{"start":{"line":101,"column":40},"end":{"line":101,"column":58}},"63":{"start":{"line":101,"column":49},"end":{"line":101,"column":58}},"64":{"start":{"line":103,"column":40},"end":{"line":121,"column":42}},"65":{"start":{"line":104,"column":44},"end":{"line":116,"column":45}},"66":{"start":{"line":105,"column":48},"end":{"line":115,"column":50}},"67":{"start":{"line":114,"column":52},"end":{"line":114,"column":69}},"68":{"start":{"line":114,"column":60},"end":{"line":114,"column":69}},"69":{"start":{"line":117,"column":44},"end":{"line":117,"column":53}},"70":{"start":{"line":120,"column":44},"end":{"line":120,"column":86}},"71":{"start":{"line":125,"column":33},"end":{"line":125,"column":60}},"72":{"start":{"line":128,"column":25},"end":{"line":128,"column":61}},"73":{"start":{"line":134,"column":8},"end":{"line":167,"column":10}},"74":{"start":{"line":137,"column":26},"end":{"line":137,"column":55}},"75":{"start":{"line":138,"column":23},"end":{"line":138,"column":47}},"76":{"start":{"line":139,"column":12},"end":{"line":166,"column":13}},"77":{"start":{"line":139,"column":31},"end":{"line":139,"column":56}},"78":{"start":{"line":141,"column":16},"end":{"line":165,"column":18}},"79":{"start":{"line":142,"column":20},"end":{"line":164,"column":49}},"80":{"start":{"line":142,"column":29},"end":{"line":142,"column":38}},"81":{"start":{"line":143,"column":25},"end":{"line":164,"column":49}},"82":{"start":{"line":144,"column":24},"end":{"line":144,"column":40}},"83":{"start":{"line":145,"column":24},"end":{"line":162,"column":26}},"84":{"start":{"line":146,"column":28},"end":{"line":161,"column":74}},"85":{"start":{"line":147,"column":32},"end":{"line":159,"column":34}},"86":{"start":{"line":148,"column":36},"end":{"line":158,"column":68}},"87":{"start":{"line":149,"column":40},"end":{"line":156,"column":41}},"88":{"start":{"line":149,"column":70},"end":{"line":149,"column":104}},"89":{"start":{"line":151,"column":44},"end":{"line":151,"column":160}},"90":{"start":{"line":152,"column":44},"end":{"line":155,"column":97}},"91":{"start":{"line":153,"column":48},"end":{"line":153,"column":99}},"92":{"start":{"line":154,"column":49},"end":{"line":155,"column":97}},"93":{"start":{"line":155,"column":48},"end":{"line":155,"column":97}},"94":{"start":{"line":158,"column":41},"end":{"line":158,"column":68}},"95":{"start":{"line":161,"column":33},"end":{"line":161,"column":74}},"96":{"start":{"line":164,"column":25},"end":{"line":164,"column":49}},"97":{"start":{"line":170,"column":8},"end":{"line":195,"column":10}},"98":{"start":{"line":173,"column":26},"end":{"line":173,"column":55}},"99":{"start":{"line":174,"column":23},"end":{"line":174,"column":47}},"100":{"start":{"line":175,"column":12},"end":{"line":194,"column":13}},"101":{"start":{"line":175,"column":31},"end":{"line":175,"column":56}},"102":{"start":{"line":177,"column":16},"end":{"line":193,"column":18}},"103":{"start":{"line":178,"column":20},"end":{"line":192,"column":49}},"104":{"start":{"line":178,"column":29},"end":{"line":178,"column":38}},"105":{"start":{"line":179,"column":25},"end":{"line":192,"column":49}},"106":{"start":{"line":180,"column":24},"end":{"line":180,"column":40}},"107":{"start":{"line":181,"column":24},"end":{"line":190,"column":26}},"108":{"start":{"line":182,"column":28},"end":{"line":189,"column":63}},"109":{"start":{"line":183,"column":32},"end":{"line":187,"column":80}},"110":{"start":{"line":184,"column":36},"end":{"line":184,"column":88}},"111":{"start":{"line":185,"column":36},"end":{"line":185,"column":89}},"112":{"start":{"line":187,"column":37},"end":{"line":187,"column":80}},"113":{"start":{"line":189,"column":33},"end":{"line":189,"column":63}},"114":{"start":{"line":192,"column":25},"end":{"line":192,"column":49}},"115":{"start":{"line":198,"column":8},"end":{"line":221,"column":10}},"116":{"start":{"line":200,"column":26},"end":{"line":200,"column":55}},"117":{"start":{"line":201,"column":23},"end":{"line":201,"column":47}},"118":{"start":{"line":202,"column":12},"end":{"line":220,"column":13}},"119":{"start":{"line":202,"column":31},"end":{"line":202,"column":56}},"120":{"start":{"line":204,"column":16},"end":{"line":219,"column":18}},"121":{"start":{"line":205,"column":20},"end":{"line":218,"column":49}},"122":{"start":{"line":205,"column":29},"end":{"line":205,"column":38}},"123":{"start":{"line":206,"column":25},"end":{"line":218,"column":49}},"124":{"start":{"line":207,"column":24},"end":{"line":216,"column":26}},"125":{"start":{"line":208,"column":28},"end":{"line":215,"column":63}},"126":{"start":{"line":209,"column":46},"end":{"line":209,"column":64}},"127":{"start":{"line":210,"column":32},"end":{"line":213,"column":34}},"128":{"start":{"line":211,"column":36},"end":{"line":211,"column":53}},"129":{"start":{"line":211,"column":44},"end":{"line":211,"column":53}},"130":{"start":{"line":212,"column":36},"end":{"line":212,"column":67}},"131":{"start":{"line":215,"column":33},"end":{"line":215,"column":63}},"132":{"start":{"line":218,"column":25},"end":{"line":218,"column":49}},"133":{"start":{"line":224,"column":8},"end":{"line":247,"column":10}},"134":{"start":{"line":226,"column":26},"end":{"line":226,"column":55}},"135":{"start":{"line":227,"column":23},"end":{"line":227,"column":47}},"136":{"start":{"line":228,"column":12},"end":{"line":246,"column":13}},"137":{"start":{"line":228,"column":31},"end":{"line":228,"column":56}},"138":{"start":{"line":230,"column":16},"end":{"line":245,"column":18}},"139":{"start":{"line":231,"column":20},"end":{"line":244,"column":49}},"140":{"start":{"line":231,"column":29},"end":{"line":231,"column":38}},"141":{"start":{"line":232,"column":25},"end":{"line":244,"column":49}},"142":{"start":{"line":233,"column":24},"end":{"line":242,"column":26}},"143":{"start":{"line":234,"column":28},"end":{"line":241,"column":63}},"144":{"start":{"line":235,"column":46},"end":{"line":235,"column":64}},"145":{"start":{"line":236,"column":32},"end":{"line":239,"column":34}},"146":{"start":{"line":237,"column":36},"end":{"line":237,"column":53}},"147":{"start":{"line":237,"column":44},"end":{"line":237,"column":53}},"148":{"start":{"line":238,"column":36},"end":{"line":238,"column":67}},"149":{"start":{"line":241,"column":33},"end":{"line":241,"column":63}},"150":{"start":{"line":244,"column":25},"end":{"line":244,"column":49}},"151":{"start":{"line":250,"column":8},"end":{"line":261,"column":10}},"152":{"start":{"line":251,"column":23},"end":{"line":251,"column":47}},"153":{"start":{"line":252,"column":12},"end":{"line":260,"column":14}},"154":{"start":{"line":253,"column":16},"end":{"line":259,"column":48}},"155":{"start":{"line":254,"column":20},"end":{"line":257,"column":22}},"156":{"start":{"line":255,"column":24},"end":{"line":256,"column":45}},"157":{"start":{"line":255,"column":33},"end":{"line":255,"column":42}},"158":{"start":{"line":256,"column":29},"end":{"line":256,"column":45}},"159":{"start":{"line":259,"column":21},"end":{"line":259,"column":48}},"160":{"start":{"line":265,"column":0},"end":{"line":265,"column":20}}},"fnMap":{"0":{"name":"(anonymous_0)","decl":{"start":{"line":43,"column":24},"end":{"line":43,"column":25}},"loc":{"start":{"line":43,"column":40},"end":{"line":263,"column":1}},"line":43},"1":{"name":"(anonymous_1)","decl":{"start":{"line":46,"column":48},"end":{"line":46,"column":49}},"loc":{"start":{"line":46,"column":68},"end":{"line":262,"column":5}},"line":46},"2":{"name":"cleanup","decl":{"start":{"line":50,"column":23},"end":{"line":50,"column":30}},"loc":{"start":{"line":50,"column":32},"end":{"line":53,"column":9}},"line":50},"3":{"name":"(anonymous_3)","decl":{"start":{"line":51,"column":103},"end":{"line":51,"column":104}},"loc":{"start":{"line":51,"column":117},"end":{"line":52,"column":13}},"line":51},"4":{"name":"(anonymous_4)","decl":{"start":{"line":56,"column":32},"end":{"line":56,"column":33}},"loc":{"start":{"line":56,"column":43},"end":{"line":62,"column":9}},"line":56},"5":{"name":"(anonymous_5)","decl":{"start":{"line":58,"column":68},"end":{"line":58,"column":69}},"loc":{"start":{"line":58,"column":82},"end":{"line":61,"column":13}},"line":58},"6":{"name":"(anonymous_6)","decl":{"start":{"line":65,"column":68},"end":{"line":65,"column":69}},"loc":{"start":{"line":65,"column":79},"end":{"line":71,"column":9}},"line":65},"7":{"name":"(anonymous_7)","decl":{"start":{"line":67,"column":72},"end":{"line":67,"column":73}},"loc":{"start":{"line":67,"column":92},"end":{"line":70,"column":13}},"line":67},"8":{"name":"(anonymous_8)","decl":{"start":{"line":74,"column":77},"end":{"line":74,"column":78}},"loc":{"start":{"line":74,"column":88},"end":{"line":131,"column":9}},"line":74},"9":{"name":"(anonymous_9)","decl":{"start":{"line":81,"column":75},"end":{"line":81,"column":76}},"loc":{"start":{"line":81,"column":95},"end":{"line":129,"column":17}},"line":81},"10":{"name":"(anonymous_10)","decl":{"start":{"line":84,"column":80},"end":{"line":84,"column":81}},"loc":{"start":{"line":84,"column":100},"end":{"line":126,"column":25}},"line":84},"11":{"name":"(anonymous_11)","decl":{"start":{"line":100,"column":91},"end":{"line":100,"column":92}},"loc":{"start":{"line":100,"column":111},"end":{"line":122,"column":37}},"line":100},"12":{"name":"(anonymous_12)","decl":{"start":{"line":103,"column":52},"end":{"line":103,"column":53}},"loc":{"start":{"line":103,"column":70},"end":{"line":119,"column":41}},"line":103},"13":{"name":"(anonymous_13)","decl":{"start":{"line":113,"column":50},"end":{"line":113,"column":51}},"loc":{"start":{"line":113,"column":66},"end":{"line":115,"column":49}},"line":113},"14":{"name":"(anonymous_14)","decl":{"start":{"line":119,"column":48},"end":{"line":119,"column":49}},"loc":{"start":{"line":119,"column":52},"end":{"line":121,"column":41}},"line":119},"15":{"name":"(anonymous_15)","decl":{"start":{"line":134,"column":39},"end":{"line":134,"column":40}},"loc":{"start":{"line":134,"column":50},"end":{"line":167,"column":9}},"line":134},"16":{"name":"(anonymous_16)","decl":{"start":{"line":141,"column":77},"end":{"line":141,"column":78}},"loc":{"start":{"line":141,"column":103},"end":{"line":165,"column":17}},"line":141},"17":{"name":"(anonymous_17)","decl":{"start":{"line":145,"column":82},"end":{"line":145,"column":83}},"loc":{"start":{"line":145,"column":102},"end":{"line":162,"column":25}},"line":145},"18":{"name":"(anonymous_18)","decl":{"start":{"line":147,"column":102},"end":{"line":147,"column":103}},"loc":{"start":{"line":147,"column":122},"end":{"line":159,"column":33}},"line":147},"19":{"name":"(anonymous_19)","decl":{"start":{"line":170,"column":42},"end":{"line":170,"column":43}},"loc":{"start":{"line":170,"column":53},"end":{"line":195,"column":9}},"line":170},"20":{"name":"(anonymous_20)","decl":{"start":{"line":177,"column":77},"end":{"line":177,"column":78}},"loc":{"start":{"line":177,"column":103},"end":{"line":193,"column":17}},"line":177},"21":{"name":"(anonymous_21)","decl":{"start":{"line":181,"column":82},"end":{"line":181,"column":83}},"loc":{"start":{"line":181,"column":102},"end":{"line":190,"column":25}},"line":181},"22":{"name":"(anonymous_22)","decl":{"start":{"line":198,"column":73},"end":{"line":198,"column":74}},"loc":{"start":{"line":198,"column":84},"end":{"line":221,"column":9}},"line":198},"23":{"name":"(anonymous_23)","decl":{"start":{"line":204,"column":77},"end":{"line":204,"column":78}},"loc":{"start":{"line":204,"column":103},"end":{"line":219,"column":17}},"line":204},"24":{"name":"(anonymous_24)","decl":{"start":{"line":207,"column":80},"end":{"line":207,"column":81}},"loc":{"start":{"line":207,"column":100},"end":{"line":216,"column":25}},"line":207},"25":{"name":"(anonymous_25)","decl":{"start":{"line":210,"column":119},"end":{"line":210,"column":120}},"loc":{"start":{"line":210,"column":133},"end":{"line":213,"column":33}},"line":210},"26":{"name":"(anonymous_26)","decl":{"start":{"line":224,"column":74},"end":{"line":224,"column":75}},"loc":{"start":{"line":224,"column":85},"end":{"line":247,"column":9}},"line":224},"27":{"name":"(anonymous_27)","decl":{"start":{"line":230,"column":77},"end":{"line":230,"column":78}},"loc":{"start":{"line":230,"column":103},"end":{"line":245,"column":17}},"line":230},"28":{"name":"(anonymous_28)","decl":{"start":{"line":233,"column":80},"end":{"line":233,"column":81}},"loc":{"start":{"line":233,"column":100},"end":{"line":242,"column":25}},"line":233},"29":{"name":"(anonymous_29)","decl":{"start":{"line":236,"column":119},"end":{"line":236,"column":120}},"loc":{"start":{"line":236,"column":133},"end":{"line":239,"column":33}},"line":236},"30":{"name":"(anonymous_30)","decl":{"start":{"line":250,"column":40},"end":{"line":250,"column":41}},"loc":{"start":{"line":250,"column":51},"end":{"line":261,"column":9}},"line":250},"31":{"name":"(anonymous_31)","decl":{"start":{"line":252,"column":67},"end":{"line":252,"column":68}},"loc":{"start":{"line":252,"column":81},"end":{"line":260,"column":13}},"line":252},"32":{"name":"(anonymous_32)","decl":{"start":{"line":254,"column":80},"end":{"line":254,"column":81}},"loc":{"start":{"line":254,"column":100},"end":{"line":257,"column":21}},"line":254}},"branchMap":{"0":{"loc":{"start":{"line":44,"column":4},"end":{"line":44,"column":21}},"type":"if","locations":[{"start":{"line":44,"column":4},"end":{"line":44,"column":21}},{"start":{"line":44,"column":4},"end":{"line":44,"column":21}}],"line":44},"1":{"loc":{"start":{"line":59,"column":16},"end":{"line":60,"column":40}},"type":"if","locations":[{"start":{"line":59,"column":16},"end":{"line":60,"column":40}},{"start":{"line":59,"column":16},"end":{"line":60,"column":40}}],"line":59},"2":{"loc":{"start":{"line":68,"column":16},"end":{"line":69,"column":37}},"type":"if","locations":[{"start":{"line":68,"column":16},"end":{"line":69,"column":37}},{"start":{"line":68,"column":16},"end":{"line":69,"column":37}}],"line":68},"3":{"loc":{"start":{"line":78,"column":12},"end":{"line":130,"column":13}},"type":"if","locations":[{"start":{"line":78,"column":12},"end":{"line":130,"column":13}},{"start":{"line":78,"column":12},"end":{"line":130,"column":13}}],"line":78},"4":{"loc":{"start":{"line":82,"column":20},"end":{"line":128,"column":61}},"type":"if","locations":[{"start":{"line":82,"column":20},"end":{"line":128,"column":61}},{"start":{"line":82,"column":20},"end":{"line":128,"column":61}}],"line":82},"5":{"loc":{"start":{"line":82,"column":23},"end":{"line":82,"column":87}},"type":"binary-expr","locations":[{"start":{"line":82,"column":23},"end":{"line":82,"column":39}},{"start":{"line":82,"column":44},"end":{"line":82,"column":86}}],"line":82},"6":{"loc":{"start":{"line":85,"column":28},"end":{"line":125,"column":60}},"type":"if","locations":[{"start":{"line":85,"column":28},"end":{"line":125,"column":60}},{"start":{"line":85,"column":28},"end":{"line":125,"column":60}}],"line":85},"7":{"loc":{"start":{"line":86,"column":32},"end":{"line":123,"column":33}},"type":"if","locations":[{"start":{"line":86,"column":32},"end":{"line":123,"column":33}},{"start":{"line":86,"column":32},"end":{"line":123,"column":33}}],"line":86},"8":{"loc":{"start":{"line":101,"column":40},"end":{"line":101,"column":58}},"type":"if","locations":[{"start":{"line":101,"column":40},"end":{"line":101,"column":58}},{"start":{"line":101,"column":40},"end":{"line":101,"column":58}}],"line":101},"9":{"loc":{"start":{"line":104,"column":44},"end":{"line":116,"column":45}},"type":"if","locations":[{"start":{"line":104,"column":44},"end":{"line":116,"column":45}},{"start":{"line":104,"column":44},"end":{"line":116,"column":45}}],"line":104},"10":{"loc":{"start":{"line":114,"column":52},"end":{"line":114,"column":69}},"type":"if","locations":[{"start":{"line":114,"column":52},"end":{"line":114,"column":69}},{"start":{"line":114,"column":52},"end":{"line":114,"column":69}}],"line":114},"11":{"loc":{"start":{"line":139,"column":12},"end":{"line":166,"column":13}},"type":"if","locations":[{"start":{"line":139,"column":12},"end":{"line":166,"column":13}},{"start":{"line":139,"column":12},"end":{"line":166,"column":13}}],"line":139},"12":{"loc":{"start":{"line":142,"column":20},"end":{"line":164,"column":49}},"type":"if","locations":[{"start":{"line":142,"column":20},"end":{"line":164,"column":49}},{"start":{"line":142,"column":20},"end":{"line":164,"column":49}}],"line":142},"13":{"loc":{"start":{"line":143,"column":25},"end":{"line":164,"column":49}},"type":"if","locations":[{"start":{"line":143,"column":25},"end":{"line":164,"column":49}},{"start":{"line":143,"column":25},"end":{"line":164,"column":49}}],"line":143},"14":{"loc":{"start":{"line":143,"column":28},"end":{"line":143,"column":93}},"type":"binary-expr","locations":[{"start":{"line":143,"column":28},"end":{"line":143,"column":46}},{"start":{"line":143,"column":51},"end":{"line":143,"column":92}}],"line":143},"15":{"loc":{"start":{"line":146,"column":28},"end":{"line":161,"column":74}},"type":"if","locations":[{"start":{"line":146,"column":28},"end":{"line":161,"column":74}},{"start":{"line":146,"column":28},"end":{"line":161,"column":74}}],"line":146},"16":{"loc":{"start":{"line":146,"column":32},"end":{"line":146,"column":79}},"type":"binary-expr","locations":[{"start":{"line":146,"column":32},"end":{"line":146,"column":48}},{"start":{"line":146,"column":52},"end":{"line":146,"column":79}}],"line":146},"17":{"loc":{"start":{"line":148,"column":36},"end":{"line":158,"column":68}},"type":"if","locations":[{"start":{"line":148,"column":36},"end":{"line":158,"column":68}},{"start":{"line":148,"column":36},"end":{"line":158,"column":68}}],"line":148},"18":{"loc":{"start":{"line":149,"column":40},"end":{"line":156,"column":41}},"type":"if","locations":[{"start":{"line":149,"column":40},"end":{"line":156,"column":41}},{"start":{"line":149,"column":40},"end":{"line":156,"column":41}}],"line":149},"19":{"loc":{"start":{"line":152,"column":44},"end":{"line":155,"column":97}},"type":"if","locations":[{"start":{"line":152,"column":44},"end":{"line":155,"column":97}},{"start":{"line":152,"column":44},"end":{"line":155,"column":97}}],"line":152},"20":{"loc":{"start":{"line":154,"column":49},"end":{"line":155,"column":97}},"type":"if","locations":[{"start":{"line":154,"column":49},"end":{"line":155,"column":97}},{"start":{"line":154,"column":49},"end":{"line":155,"column":97}}],"line":154},"21":{"loc":{"start":{"line":175,"column":12},"end":{"line":194,"column":13}},"type":"if","locations":[{"start":{"line":175,"column":12},"end":{"line":194,"column":13}},{"start":{"line":175,"column":12},"end":{"line":194,"column":13}}],"line":175},"22":{"loc":{"start":{"line":178,"column":20},"end":{"line":192,"column":49}},"type":"if","locations":[{"start":{"line":178,"column":20},"end":{"line":192,"column":49}},{"start":{"line":178,"column":20},"end":{"line":192,"column":49}}],"line":178},"23":{"loc":{"start":{"line":179,"column":25},"end":{"line":192,"column":49}},"type":"if","locations":[{"start":{"line":179,"column":25},"end":{"line":192,"column":49}},{"start":{"line":179,"column":25},"end":{"line":192,"column":49}}],"line":179},"24":{"loc":{"start":{"line":179,"column":28},"end":{"line":179,"column":93}},"type":"binary-expr","locations":[{"start":{"line":179,"column":28},"end":{"line":179,"column":46}},{"start":{"line":179,"column":51},"end":{"line":179,"column":92}}],"line":179},"25":{"loc":{"start":{"line":182,"column":28},"end":{"line":189,"column":63}},"type":"if","locations":[{"start":{"line":182,"column":28},"end":{"line":189,"column":63}},{"start":{"line":182,"column":28},"end":{"line":189,"column":63}}],"line":182},"26":{"loc":{"start":{"line":183,"column":32},"end":{"line":187,"column":80}},"type":"if","locations":[{"start":{"line":183,"column":32},"end":{"line":187,"column":80}},{"start":{"line":183,"column":32},"end":{"line":187,"column":80}}],"line":183},"27":{"loc":{"start":{"line":202,"column":12},"end":{"line":220,"column":13}},"type":"if","locations":[{"start":{"line":202,"column":12},"end":{"line":220,"column":13}},{"start":{"line":202,"column":12},"end":{"line":220,"column":13}}],"line":202},"28":{"loc":{"start":{"line":205,"column":20},"end":{"line":218,"column":49}},"type":"if","locations":[{"start":{"line":205,"column":20},"end":{"line":218,"column":49}},{"start":{"line":205,"column":20},"end":{"line":218,"column":49}}],"line":205},"29":{"loc":{"start":{"line":206,"column":25},"end":{"line":218,"column":49}},"type":"if","locations":[{"start":{"line":206,"column":25},"end":{"line":218,"column":49}},{"start":{"line":206,"column":25},"end":{"line":218,"column":49}}],"line":206},"30":{"loc":{"start":{"line":206,"column":28},"end":{"line":206,"column":93}},"type":"binary-expr","locations":[{"start":{"line":206,"column":28},"end":{"line":206,"column":46}},{"start":{"line":206,"column":51},"end":{"line":206,"column":92}}],"line":206},"31":{"loc":{"start":{"line":208,"column":28},"end":{"line":215,"column":63}},"type":"if","locations":[{"start":{"line":208,"column":28},"end":{"line":215,"column":63}},{"start":{"line":208,"column":28},"end":{"line":215,"column":63}}],"line":208},"32":{"loc":{"start":{"line":211,"column":36},"end":{"line":211,"column":53}},"type":"if","locations":[{"start":{"line":211,"column":36},"end":{"line":211,"column":53}},{"start":{"line":211,"column":36},"end":{"line":211,"column":53}}],"line":211},"33":{"loc":{"start":{"line":228,"column":12},"end":{"line":246,"column":13}},"type":"if","locations":[{"start":{"line":228,"column":12},"end":{"line":246,"column":13}},{"start":{"line":228,"column":12},"end":{"line":246,"column":13}}],"line":228},"34":{"loc":{"start":{"line":231,"column":20},"end":{"line":244,"column":49}},"type":"if","locations":[{"start":{"line":231,"column":20},"end":{"line":244,"column":49}},{"start":{"line":231,"column":20},"end":{"line":244,"column":49}}],"line":231},"35":{"loc":{"start":{"line":232,"column":25},"end":{"line":244,"column":49}},"type":"if","locations":[{"start":{"line":232,"column":25},"end":{"line":244,"column":49}},{"start":{"line":232,"column":25},"end":{"line":244,"column":49}}],"line":232},"36":{"loc":{"start":{"line":232,"column":28},"end":{"line":232,"column":93}},"type":"binary-expr","locations":[{"start":{"line":232,"column":28},"end":{"line":232,"column":46}},{"start":{"line":232,"column":51},"end":{"line":232,"column":92}}],"line":232},"37":{"loc":{"start":{"line":234,"column":28},"end":{"line":241,"column":63}},"type":"if","locations":[{"start":{"line":234,"column":28},"end":{"line":241,"column":63}},{"start":{"line":234,"column":28},"end":{"line":241,"column":63}}],"line":234},"38":{"loc":{"start":{"line":237,"column":36},"end":{"line":237,"column":53}},"type":"if","locations":[{"start":{"line":237,"column":36},"end":{"line":237,"column":53}},{"start":{"line":237,"column":36},"end":{"line":237,"column":53}}],"line":237},"39":{"loc":{"start":{"line":253,"column":16},"end":{"line":259,"column":48}},"type":"if","locations":[{"start":{"line":253,"column":16},"end":{"line":259,"column":48}},{"start":{"line":253,"column":16},"end":{"line":259,"column":48}}],"line":253},"40":{"loc":{"start":{"line":255,"column":24},"end":{"line":256,"column":45}},"type":"if","locations":[{"start":{"line":255,"column":24},"end":{"line":256,"column":45}},{"start":{"line":255,"column":24},"end":{"line":256,"column":45}}],"line":255}},"s":{"0":3,"1":3,"2":3,"3":3,"4":3,"5":3,"6":3,"7":3,"8":3,"9":3,"10":3,"11":3,"12":3,"13":3,"14":3,"15":3,"16":3,"17":3,"18":3,"19":3,"20":3,"21":3,"22":3,"23":3,"24":3,"25":3,"26":3,"27":3,"28":0,"29":3,"30":3,"31":3,"32":3,"33":1,"34":3,"35":2,"36":2,"37":2,"38":1,"39":1,"40":3,"41":0,"42":0,"43":0,"44":0,"45":0,"46":3,"47":6,"48":6,"49":1,"50":5,"51":5,"52":5,"53":3,"54":3,"55":3,"56":2,"57":1,"58":1,"59":1,"60":1,"61":1,"62":1,"63":0,"64":1,"65":1,"66":1,"67":1,"68":0,"69":1,"70":1,"71":1,"72":2,"73":3,"74":6,"75":6,"76":6,"77":1,"78":5,"79":5,"80":0,"81":5,"82":4,"83":4,"84":4,"85":2,"86":2,"87":2,"88":1,"89":1,"90":1,"91":1,"92":0,"93":0,"94":0,"95":2,"96":1,"97":3,"98":5,"99":5,"100":5,"101":1,"102":4,"103":4,"104":0,"105":4,"106":3,"107":3,"108":3,"109":2,"110":1,"111":1,"112":1,"113":1,"114":1,"115":3,"116":5,"117":5,"118":5,"119":1,"120":4,"121":4,"122":0,"123":4,"124":3,"125":3,"126":2,"127":2,"128":2,"129":0,"130":2,"131":1,"132":1,"133":3,"134":2,"135":2,"136":2,"137":0,"138":2,"139":2,"140":0,"141":2,"142":2,"143":2,"144":2,"145":2,"146":2,"147":0,"148":2,"149":0,"150":0,"151":3,"152":0,"153":0,"154":0,"155":0,"156":0,"157":0,"158":0,"159":0,"160":3},"f":{"0":3,"1":3,"2":1,"3":1,"4":2,"5":2,"6":0,"7":0,"8":6,"9":5,"10":3,"11":1,"12":1,"13":1,"14":1,"15":6,"16":5,"17":4,"18":2,"19":5,"20":4,"21":3,"22":5,"23":4,"24":3,"25":2,"26":2,"27":2,"28":2,"29":2,"30":0,"31":0,"32":0},"b":{"0":[0,3],"1":[1,1],"2":[0,0],"3":[1,5],"4":[3,2],"5":[5,3],"6":[2,1],"7":[1,1],"8":[0,1],"9":[1,0],"10":[0,1],"11":[1,5],"12":[0,5],"13":[4,1],"14":[5,4],"15":[2,2],"16":[4,3],"17":[2,0],"18":[1,1],"19":[1,0],"20":[0,0],"21":[1,4],"22":[0,4],"23":[3,1],"24":[4,3],"25":[2,1],"26":[1,1],"27":[1,4],"28":[0,4],"29":[3,1],"30":[4,3],"31":[2,1],"32":[0,2],"33":[0,2],"34":[0,2],"35":[2,0],"36":[2,2],"37":[2,0],"38":[0,2],"39":[0,0],"40":[0,0]},"_coverageSchema":"1a1c01bbd47fc00a2c39e90264f33305004495a9","hash":"24495e25545e3cac9bfd7597ce2e287a53256180"}
,"C:\\Users\\d976640\\Documents\\skillenhance_OAuth\\controllers\\dashboard.js": {"path":"C:\\Users\\d976640\\Documents\\skillenhance_OAuth\\controllers\\dashboard.js","statementMap":{"0":{"start":{"line":3,"column":18},"end":{"line":3,"column":48}},"1":{"start":{"line":4,"column":14},"end":{"line":4,"column":32}},"2":{"start":{"line":5,"column":16},"end":{"line":5,"column":34}},"3":{"start":{"line":6,"column":12},"end":{"line":6,"column":21}},"4":{"start":{"line":7,"column":19},"end":{"line":7,"column":41}},"5":{"start":{"line":8,"column":9},"end":{"line":8,"column":25}},"6":{"start":{"line":9,"column":10},"end":{"line":9,"column":128}},"7":{"start":{"line":10,"column":11},"end":{"line":10,"column":26}},"8":{"start":{"line":11,"column":11},"end":{"line":11,"column":29}},"9":{"start":{"line":12,"column":17},"end":{"line":12,"column":33}},"10":{"start":{"line":13,"column":18},"end":{"line":13,"column":25}},"11":{"start":{"line":14,"column":18},"end":{"line":14,"column":28}},"12":{"start":{"line":15,"column":0},"end":{"line":15,"column":23}},"13":{"start":{"line":16,"column":0},"end":{"line":16,"column":44}},"14":{"start":{"line":17,"column":0},"end":{"line":17,"column":33}},"15":{"start":{"line":18,"column":0},"end":{"line":18,"column":15}},"16":{"start":{"line":19,"column":0},"end":{"line":22,"column":3}},"17":{"start":{"line":20,"column":4},"end":{"line":20,"column":51}},"18":{"start":{"line":21,"column":4},"end":{"line":21,"column":11}},"19":{"start":{"line":24,"column":13},"end":{"line":24,"column":28}},"20":{"start":{"line":25,"column":18},"end":{"line":25,"column":47}},"21":{"start":{"line":26,"column":11},"end":{"line":26,"column":24}},"22":{"start":{"line":27,"column":15},"end":{"line":27,"column":33}},"23":{"start":{"line":28,"column":18},"end":{"line":28,"column":77}},"24":{"start":{"line":29,"column":13},"end":{"line":29,"column":47}},"25":{"start":{"line":30,"column":0},"end":{"line":30,"column":36}},"26":{"start":{"line":31,"column":0},"end":{"line":35,"column":2}},"27":{"start":{"line":37,"column":0},"end":{"line":37,"column":26}},"28":{"start":{"line":39,"column":0},"end":{"line":241,"column":2}},"29":{"start":{"line":40,"column":4},"end":{"line":41,"column":17}},"30":{"start":{"line":41,"column":8},"end":{"line":41,"column":17}},"31":{"start":{"line":42,"column":4},"end":{"line":42,"column":19}},"32":{"start":{"line":45,"column":4},"end":{"line":55,"column":6}},"33":{"start":{"line":46,"column":8},"end":{"line":54,"column":10}},"34":{"start":{"line":47,"column":24},"end":{"line":49,"column":13}},"35":{"start":{"line":50,"column":12},"end":{"line":53,"column":14}},"36":{"start":{"line":51,"column":16},"end":{"line":51,"column":36}},"37":{"start":{"line":52,"column":16},"end":{"line":52,"column":29}},"38":{"start":{"line":58,"column":4},"end":{"line":107,"column":6}},"39":{"start":{"line":59,"column":30},"end":{"line":59,"column":66}},"40":{"start":{"line":60,"column":29},"end":{"line":60,"column":62}},"41":{"start":{"line":61,"column":24},"end":{"line":61,"column":41}},"42":{"start":{"line":62,"column":27},"end":{"line":62,"column":1030}},"43":{"start":{"line":64,"column":8},"end":{"line":106,"column":10}},"44":{"start":{"line":65,"column":12},"end":{"line":65,"column":59}},"45":{"start":{"line":65,"column":35},"end":{"line":65,"column":58}},"46":{"start":{"line":66,"column":12},"end":{"line":69,"column":25}},"47":{"start":{"line":67,"column":16},"end":{"line":67,"column":59}},"48":{"start":{"line":69,"column":16},"end":{"line":69,"column":25}},"49":{"start":{"line":71,"column":26},"end":{"line":71,"column":35}},"50":{"start":{"line":72,"column":26},"end":{"line":72,"column":35}},"51":{"start":{"line":73,"column":12},"end":{"line":105,"column":14}},"52":{"start":{"line":77,"column":16},"end":{"line":77,"column":33}},"53":{"start":{"line":77,"column":24},"end":{"line":77,"column":33}},"54":{"start":{"line":78,"column":16},"end":{"line":104,"column":18}},"55":{"start":{"line":79,"column":20},"end":{"line":81,"column":22}},"56":{"start":{"line":80,"column":24},"end":{"line":80,"column":228}},"57":{"start":{"line":80,"column":63},"end":{"line":80,"column":169}},"58":{"start":{"line":80,"column":191},"end":{"line":80,"column":226}},"59":{"start":{"line":82,"column":20},"end":{"line":82,"column":29}},"60":{"start":{"line":85,"column":20},"end":{"line":103,"column":22}},"61":{"start":{"line":86,"column":24},"end":{"line":95,"column":26}},"62":{"start":{"line":90,"column":28},"end":{"line":90,"column":45}},"63":{"start":{"line":90,"column":36},"end":{"line":90,"column":45}},"64":{"start":{"line":91,"column":28},"end":{"line":93,"column":30}},"65":{"start":{"line":92,"column":32},"end":{"line":92,"column":153}},"66":{"start":{"line":92,"column":67},"end":{"line":92,"column":102}},"67":{"start":{"line":92,"column":119},"end":{"line":92,"column":152}},"68":{"start":{"line":94,"column":28},"end":{"line":94,"column":37}},"69":{"start":{"line":98,"column":35},"end":{"line":101,"column":25}},"70":{"start":{"line":99,"column":74},"end":{"line":99,"column":94}},"71":{"start":{"line":99,"column":110},"end":{"line":99,"column":135}},"72":{"start":{"line":100,"column":70},"end":{"line":100,"column":88}},"73":{"start":{"line":100,"column":104},"end":{"line":100,"column":129}},"74":{"start":{"line":102,"column":24},"end":{"line":102,"column":37}},"75":{"start":{"line":110,"column":4},"end":{"line":138,"column":6}},"76":{"start":{"line":111,"column":30},"end":{"line":111,"column":52}},"77":{"start":{"line":112,"column":8},"end":{"line":136,"column":10}},"78":{"start":{"line":113,"column":12},"end":{"line":115,"column":14}},"79":{"start":{"line":114,"column":16},"end":{"line":114,"column":25}},"80":{"start":{"line":117,"column":12},"end":{"line":135,"column":14}},"81":{"start":{"line":118,"column":16},"end":{"line":118,"column":33}},"82":{"start":{"line":118,"column":24},"end":{"line":118,"column":33}},"83":{"start":{"line":119,"column":26},"end":{"line":122,"column":17}},"84":{"start":{"line":123,"column":16},"end":{"line":133,"column":18}},"85":{"start":{"line":124,"column":20},"end":{"line":129,"column":22}},"86":{"start":{"line":125,"column":24},"end":{"line":128,"column":47}},"87":{"start":{"line":126,"column":28},"end":{"line":126,"column":49}},"88":{"start":{"line":128,"column":28},"end":{"line":128,"column":47}},"89":{"start":{"line":130,"column":20},"end":{"line":130,"column":29}},"90":{"start":{"line":132,"column":20},"end":{"line":132,"column":33}},"91":{"start":{"line":141,"column":4},"end":{"line":152,"column":6}},"92":{"start":{"line":142,"column":21},"end":{"line":142,"column":29}},"93":{"start":{"line":143,"column":8},"end":{"line":151,"column":10}},"94":{"start":{"line":149,"column":12},"end":{"line":149,"column":29}},"95":{"start":{"line":149,"column":20},"end":{"line":149,"column":29}},"96":{"start":{"line":150,"column":12},"end":{"line":150,"column":57}},"97":{"start":{"line":155,"column":4},"end":{"line":182,"column":6}},"98":{"start":{"line":156,"column":21},"end":{"line":156,"column":29}},"99":{"start":{"line":157,"column":22},"end":{"line":157,"column":31}},"100":{"start":{"line":158,"column":8},"end":{"line":180,"column":10}},"101":{"start":{"line":159,"column":25},"end":{"line":159,"column":34}},"102":{"start":{"line":160,"column":12},"end":{"line":160,"column":21}},"103":{"start":{"line":162,"column":12},"end":{"line":179,"column":14}},"104":{"start":{"line":166,"column":16},"end":{"line":166,"column":33}},"105":{"start":{"line":166,"column":24},"end":{"line":166,"column":33}},"106":{"start":{"line":167,"column":16},"end":{"line":178,"column":18}},"107":{"start":{"line":168,"column":20},"end":{"line":170,"column":22}},"108":{"start":{"line":169,"column":24},"end":{"line":169,"column":173}},"109":{"start":{"line":169,"column":63},"end":{"line":169,"column":114}},"110":{"start":{"line":169,"column":136},"end":{"line":169,"column":171}},"111":{"start":{"line":171,"column":20},"end":{"line":171,"column":29}},"112":{"start":{"line":173,"column":31},"end":{"line":175,"column":21}},"113":{"start":{"line":174,"column":70},"end":{"line":174,"column":90}},"114":{"start":{"line":174,"column":106},"end":{"line":174,"column":131}},"115":{"start":{"line":176,"column":20},"end":{"line":176,"column":33}},"116":{"start":{"line":193,"column":4},"end":{"line":220,"column":6}},"117":{"start":{"line":194,"column":21},"end":{"line":194,"column":36}},"118":{"start":{"line":195,"column":21},"end":{"line":195,"column":36}},"119":{"start":{"line":196,"column":22},"end":{"line":196,"column":38}},"120":{"start":{"line":198,"column":8},"end":{"line":201,"column":62}},"121":{"start":{"line":199,"column":12},"end":{"line":199,"column":64}},"122":{"start":{"line":200,"column":13},"end":{"line":201,"column":62}},"123":{"start":{"line":201,"column":12},"end":{"line":201,"column":62}},"124":{"start":{"line":202,"column":8},"end":{"line":219,"column":10}},"125":{"start":{"line":206,"column":30},"end":{"line":206,"column":46}},"126":{"start":{"line":207,"column":12},"end":{"line":207,"column":29}},"127":{"start":{"line":207,"column":20},"end":{"line":207,"column":29}},"128":{"start":{"line":208,"column":12},"end":{"line":218,"column":14}},"129":{"start":{"line":209,"column":16},"end":{"line":212,"column":64}},"130":{"start":{"line":210,"column":20},"end":{"line":210,"column":64}},"131":{"start":{"line":210,"column":44},"end":{"line":210,"column":63}},"132":{"start":{"line":211,"column":21},"end":{"line":212,"column":64}},"133":{"start":{"line":212,"column":20},"end":{"line":212,"column":64}},"134":{"start":{"line":212,"column":44},"end":{"line":212,"column":63}},"135":{"start":{"line":215,"column":16},"end":{"line":215,"column":25}},"136":{"start":{"line":217,"column":16},"end":{"line":217,"column":35}},"137":{"start":{"line":223,"column":4},"end":{"line":230,"column":6}},"138":{"start":{"line":224,"column":8},"end":{"line":229,"column":10}},"139":{"start":{"line":228,"column":12},"end":{"line":228,"column":38}},"140":{"start":{"line":233,"column":4},"end":{"line":240,"column":6}},"141":{"start":{"line":234,"column":28},"end":{"line":234,"column":62}},"142":{"start":{"line":235,"column":19},"end":{"line":235,"column":21}},"143":{"start":{"line":236,"column":8},"end":{"line":239,"column":10}},"144":{"start":{"line":237,"column":12},"end":{"line":238,"column":74}},"145":{"start":{"line":238,"column":16},"end":{"line":238,"column":71}},"146":{"start":{"line":243,"column":0},"end":{"line":243,"column":20}}},"fnMap":{"0":{"name":"(anonymous_0)","decl":{"start":{"line":19,"column":8},"end":{"line":19,"column":9}},"loc":{"start":{"line":19,"column":28},"end":{"line":22,"column":1}},"line":19},"1":{"name":"(anonymous_1)","decl":{"start":{"line":39,"column":24},"end":{"line":39,"column":25}},"loc":{"start":{"line":39,"column":40},"end":{"line":241,"column":1}},"line":39},"2":{"name":"(anonymous_2)","decl":{"start":{"line":45,"column":26},"end":{"line":45,"column":27}},"loc":{"start":{"line":45,"column":37},"end":{"line":55,"column":5}},"line":45},"3":{"name":"(anonymous_3)","decl":{"start":{"line":46,"column":66},"end":{"line":46,"column":67}},"loc":{"start":{"line":46,"column":80},"end":{"line":54,"column":9}},"line":46},"4":{"name":"(anonymous_4)","decl":{"start":{"line":50,"column":70},"end":{"line":50,"column":71}},"loc":{"start":{"line":50,"column":84},"end":{"line":53,"column":13}},"line":50},"5":{"name":"(anonymous_5)","decl":{"start":{"line":58,"column":29},"end":{"line":58,"column":30}},"loc":{"start":{"line":58,"column":40},"end":{"line":107,"column":5}},"line":58},"6":{"name":"(anonymous_6)","decl":{"start":{"line":64,"column":20},"end":{"line":64,"column":21}},"loc":{"start":{"line":64,"column":38},"end":{"line":70,"column":9}},"line":64},"7":{"name":"(anonymous_7)","decl":{"start":{"line":65,"column":31},"end":{"line":65,"column":32}},"loc":{"start":{"line":65,"column":35},"end":{"line":65,"column":58}},"line":65},"8":{"name":"(anonymous_8)","decl":{"start":{"line":70,"column":16},"end":{"line":70,"column":17}},"loc":{"start":{"line":70,"column":20},"end":{"line":106,"column":9}},"line":70},"9":{"name":"(anonymous_9)","decl":{"start":{"line":76,"column":14},"end":{"line":76,"column":15}},"loc":{"start":{"line":76,"column":35},"end":{"line":105,"column":13}},"line":76},"10":{"name":"(anonymous_10)","decl":{"start":{"line":78,"column":28},"end":{"line":78,"column":29}},"loc":{"start":{"line":78,"column":46},"end":{"line":83,"column":17}},"line":78},"11":{"name":"(anonymous_11)","decl":{"start":{"line":79,"column":41},"end":{"line":79,"column":42}},"loc":{"start":{"line":79,"column":49},"end":{"line":81,"column":21}},"line":79},"12":{"name":"(anonymous_12)","decl":{"start":{"line":80,"column":48},"end":{"line":80,"column":49}},"loc":{"start":{"line":80,"column":62},"end":{"line":80,"column":170}},"line":80},"13":{"name":"(anonymous_13)","decl":{"start":{"line":80,"column":176},"end":{"line":80,"column":177}},"loc":{"start":{"line":80,"column":190},"end":{"line":80,"column":227}},"line":80},"14":{"name":"(anonymous_14)","decl":{"start":{"line":83,"column":24},"end":{"line":83,"column":25}},"loc":{"start":{"line":83,"column":28},"end":{"line":104,"column":17}},"line":83},"15":{"name":"(anonymous_15)","decl":{"start":{"line":85,"column":32},"end":{"line":85,"column":33}},"loc":{"start":{"line":85,"column":50},"end":{"line":97,"column":21}},"line":85},"16":{"name":"(anonymous_16)","decl":{"start":{"line":89,"column":26},"end":{"line":89,"column":27}},"loc":{"start":{"line":89,"column":47},"end":{"line":95,"column":25}},"line":89},"17":{"name":"(anonymous_17)","decl":{"start":{"line":91,"column":49},"end":{"line":91,"column":50}},"loc":{"start":{"line":91,"column":55},"end":{"line":93,"column":29}},"line":91},"18":{"name":"(anonymous_18)","decl":{"start":{"line":92,"column":56},"end":{"line":92,"column":57}},"loc":{"start":{"line":92,"column":66},"end":{"line":92,"column":103}},"line":92},"19":{"name":"(anonymous_19)","decl":{"start":{"line":92,"column":109},"end":{"line":92,"column":110}},"loc":{"start":{"line":92,"column":119},"end":{"line":92,"column":152}},"line":92},"20":{"name":"(anonymous_20)","decl":{"start":{"line":97,"column":28},"end":{"line":97,"column":29}},"loc":{"start":{"line":97,"column":32},"end":{"line":103,"column":21}},"line":97},"21":{"name":"(anonymous_21)","decl":{"start":{"line":99,"column":62},"end":{"line":99,"column":63}},"loc":{"start":{"line":99,"column":74},"end":{"line":99,"column":94}},"line":99},"22":{"name":"(anonymous_22)","decl":{"start":{"line":99,"column":101},"end":{"line":99,"column":102}},"loc":{"start":{"line":99,"column":110},"end":{"line":99,"column":135}},"line":99},"23":{"name":"(anonymous_23)","decl":{"start":{"line":100,"column":60},"end":{"line":100,"column":61}},"loc":{"start":{"line":100,"column":70},"end":{"line":100,"column":88}},"line":100},"24":{"name":"(anonymous_24)","decl":{"start":{"line":100,"column":95},"end":{"line":100,"column":96}},"loc":{"start":{"line":100,"column":104},"end":{"line":100,"column":129}},"line":100},"25":{"name":"(anonymous_25)","decl":{"start":{"line":110,"column":28},"end":{"line":110,"column":29}},"loc":{"start":{"line":110,"column":39},"end":{"line":138,"column":5}},"line":110},"26":{"name":"(anonymous_26)","decl":{"start":{"line":112,"column":20},"end":{"line":112,"column":21}},"loc":{"start":{"line":112,"column":38},"end":{"line":116,"column":9}},"line":112},"27":{"name":"(anonymous_27)","decl":{"start":{"line":113,"column":82},"end":{"line":113,"column":83}},"loc":{
[...]
art":{"line":2,"column":14},"end":{"line":2,"column":32}},"1":{"start":{"line":3,"column":17},"end":{"line":3,"column":39}},"2":{"start":{"line":4,"column":12},"end":{"line":4,"column":30}},"3":{"start":{"line":5,"column":12},"end":{"line":5,"column":21}},"4":{"start":{"line":6,"column":17},"end":{"line":6,"column":39}},"5":{"start":{"line":7,"column":0},"end":{"line":7,"column":23}},"6":{"start":{"line":8,"column":0},"end":{"line":8,"column":44}},"7":{"start":{"line":9,"column":0},"end":{"line":9,"column":33}},"8":{"start":{"line":10,"column":11},"end":{"line":10,"column":26}},"9":{"start":{"line":11,"column":0},"end":{"line":11,"column":15}},"10":{"start":{"line":12,"column":23},"end":{"line":12,"column":46}},"11":{"start":{"line":13,"column":24},"end":{"line":13,"column":47}},"12":{"start":{"line":15,"column":0},"end":{"line":17,"column":4}},"13":{"start":{"line":19,"column":20},"end":{"line":19,"column":50}},"14":{"start":{"line":20,"column":12},"end":{"line":20,"column":130}},"15":{"start":{"line":21,"column":16},"end":{"line":21,"column":34}},"16":{"start":{"line":22,"column":19},"end":{"line":22,"column":35}},"17":{"start":{"line":23,"column":19},"end":{"line":23,"column":26}},"18":{"start":{"line":26,"column":20},"end":{"line":26,"column":38}},"19":{"start":{"line":28,"column":13},"end":{"line":28,"column":28}},"20":{"start":{"line":29,"column":18},"end":{"line":29,"column":47}},"21":{"start":{"line":30,"column":11},"end":{"line":30,"column":24}},"22":{"start":{"line":31,"column":15},"end":{"line":31,"column":33}},"23":{"start":{"line":32,"column":18},"end":{"line":32,"column":72}},"24":{"start":{"line":33,"column":13},"end":{"line":33,"column":47}},"25":{"start":{"line":34,"column":24},"end":{"line":34,"column":41}},"26":{"start":{"line":35,"column":0},"end":{"line":39,"column":2}},"27":{"start":{"line":41,"column":0},"end":{"line":41,"column":26}},"28":{"start":{"line":43,"column":0},"end":{"line":248,"column":2}},"29":{"start":{"line":44,"column":4},"end":{"line":44,"column":20}},"30":{"start":{"line":44,"column":11},"end":{"line":44,"column":20}},"31":{"start":{"line":45,"column":16},"end":{"line":45,"column":30}},"32":{"start":{"line":51,"column":4},"end":{"line":247,"column":6}},"33":{"start":{"line":53,"column":8},"end":{"line":53,"column":36}},"34":{"start":{"line":54,"column":8},"end":{"line":54,"column":37}},"35":{"start":{"line":58,"column":12},"end":{"line":60,"column":14}},"36":{"start":{"line":64,"column":8},"end":{"line":79,"column":10}},"37":{"start":{"line":67,"column":28},"end":{"line":67,"column":54}},"38":{"start":{"line":69,"column":12},"end":{"line":78,"column":14}},"39":{"start":{"line":70,"column":16},"end":{"line":77,"column":17}},"40":{"start":{"line":72,"column":20},"end":{"line":72,"column":39}},"41":{"start":{"line":76,"column":20},"end":{"line":76,"column":44}},"42":{"start":{"line":83,"column":8},"end":{"line":112,"column":10}},"43":{"start":{"line":86,"column":28},"end":{"line":86,"column":54}},"44":{"start":{"line":89,"column":23},"end":{"line":89,"column":38}},"45":{"start":{"line":90,"column":23},"end":{"line":90,"column":42}},"46":{"start":{"line":91,"column":12},"end":{"line":110,"column":14}},"47":{"start":{"line":92,"column":16},"end":{"line":109,"column":45}},"48":{"start":{"line":93,"column":20},"end":{"line":107,"column":22}},"49":{"start":{"line":94,"column":24},"end":{"line":106,"column":25}},"50":{"start":{"line":96,"column":40},"end":{"line":100,"column":29}},"51":{"start":{"line":101,"column":28},"end":{"line":104,"column":30}},"52":{"start":{"line":102,"column":32},"end":{"line":102,"column":65}},"53":{"start":{"line":109,"column":21},"end":{"line":109,"column":45}},"54":{"start":{"line":116,"column":8},"end":{"line":130,"column":10}},"55":{"start":{"line":117,"column":28},"end":{"line":117,"column":54}},"56":{"start":{"line":119,"column":12},"end":{"line":129,"column":14}},"57":{"start":{"line":121,"column":16},"end":{"line":128,"column":45}},"58":{"start":{"line":123,"column":30},"end":{"line":123,"column":39}},"59":{"start":{"line":124,"column":20},"end":{"line":126,"column":22}},"60":{"start":{"line":125,"column":24},"end":{"line":125,"column":65}},"61":{"start":{"line":128,"column":21},"end":{"line":128,"column":45}},"62":{"start":{"line":134,"column":8},"end":{"line":149,"column":10}},"63":{"start":{"line":135,"column":28},"end":{"line":135,"column":54}},"64":{"start":{"line":137,"column":12},"end":{"line":147,"column":14}},"65":{"start":{"line":138,"column":16},"end":{"line":146,"column":45}},"66":{"start":{"line":139,"column":20},"end":{"line":144,"column":22}},"67":{"start":{"line":140,"column":24},"end":{"line":143,"column":76}},"68":{"start":{"line":141,"column":28},"end":{"line":141,"column":44}},"69":{"start":{"line":143,"column":28},"end":{"line":143,"column":76}},"70":{"start":{"line":146,"column":21},"end":{"line":146,"column":45}},"71":{"start":{"line":153,"column":8},"end":{"line":170,"column":10}},"72":{"start":{"line":154,"column":28},"end":{"line":154,"column":54}},"73":{"start":{"line":156,"column":12},"end":{"line":167,"column":14}},"74":{"start":{"line":157,"column":16},"end":{"line":166,"column":45}},"75":{"start":{"line":159,"column":20},"end":{"line":164,"column":22}},"76":{"start":{"line":160,"column":24},"end":{"line":163,"column":76}},"77":{"start":{"line":161,"column":28},"end":{"line":161,"column":44}},"78":{"start":{"line":162,"column":29},"end":{"line":163,"column":76}},"79":{"start":{"line":163,"column":28},"end":{"line":163,"column":76}},"80":{"start":{"line":166,"column":21},"end":{"line":166,"column":45}},"81":{"start":{"line":173,"column":8},"end":{"line":187,"column":10}},"82":{"start":{"line":174,"column":28},"end":{"line":174,"column":54}},"83":{"start":{"line":176,"column":12},"end":{"line":184,"column":14}},"84":{"start":{"line":177,"column":16},"end":{"line":182,"column":48}},"85":{"start":{"line":178,"column":20},"end":{"line":180,"column":22}},"86":{"start":{"line":179,"column":24},"end":{"line":179,"column":63}},"87":{"start":{"line":182,"column":21},"end":{"line":182,"column":48}},"88":{"start":{"line":190,"column":8},"end":{"line":203,"column":10}},"89":{"start":{"line":191,"column":28},"end":{"line":191,"column":54}},"90":{"start":{"line":193,"column":12},"end":{"line":201,"column":14}},"91":{"start":{"line":194,"column":16},"end":{"line":199,"column":48}},"92":{"start":{"line":195,"column":20},"end":{"line":197,"column":22}},"93":{"start":{"line":196,"column":24},"end":{"line":196,"column":63}},"94":{"start":{"line":199,"column":21},"end":{"line":199,"column":48}},"95":{"start":{"line":206,"column":8},"end":{"line":217,"column":10}},"96":{"start":{"line":207,"column":28},"end":{"line":207,"column":54}},"97":{"start":{"line":208,"column":12},"end":{"line":215,"column":14}},"98":{"start":{"line":209,"column":16},"end":{"line":214,"column":48}},"99":{"start":{"line":210,"column":20},"end":{"line":212,"column":22}},"100":{"start":{"line":211,"column":24},"end":{"line":211,"column":63}},"101":{"start":{"line":214,"column":21},"end":{"line":214,"column":48}},"102":{"start":{"line":221,"column":8},"end":{"line":235,"column":10}},"103":{"start":{"line":222,"column":28},"end":{"line":222,"column":54}},"104":{"start":{"line":223,"column":12},"end":{"line":233,"column":14}},"105":{"start":{"line":224,"column":16},"end":{"line":232,"column":45}},"106":{"start":{"line":225,"column":20},"end":{"line":230,"column":22}},"107":{"start":{"line":226,"column":24},"end":{"line":229,"column":78}},"108":{"start":{"line":227,"column":28},"end":{"line":227,"column":44}},"109":{"start":{"line":229,"column":28},"end":{"line":229,"column":78}},"110":{"start":{"line":232,"column":21},"end":{"line":232,"column":45}},"111":{"start":{"line":237,"column":8},"end":{"line":245,"column":10}},"112":{"start":{"line":238,"column":12},"end":{"line":244,"column":14}},"113":{"start":{"line":239,"column":16},"end":{"line":239,"column":33}},"114":{"start":{"line":239,"column":24},"end":{"line":239,"column":33}},"115":{"start":{"line":240,"column":16},"end":{"line":243,"column":51}},"116":{"start":{"line":241,"column":20},"end":{"line":241,"column":36}},"117":{"start":{"line":243,"column":20},"end":{"line":243,"column":51}},"118":{"start":{"line":250,"column":0},"end":{"line":250,"column":20}}},"fnMap":{"0":{"name":"(anonymous_0)","decl":{"start":{"line":43,"column":24},"end":{"line":43,"column":25}},"loc":{"start":{"line":43,"column":34},"end":{"line":248,"column":1}},"line":43},"1":{"name":"(anonymous_1)","decl":{"start":{"line":51,"column":47},"end":{"line":51,"column":48}},"loc":{"start":{"line":51,"column":61},"end":{"line":247,"column":5}},"line":51},"2":{"name":"cleanup","decl":{"start":{"line":57,"column":17},"end":{"line":57,"column":24}},"loc":{"start":{"line":57,"column":26},"end":{"line":61,"column":9}},"line":57},"3":{"name":"(anonymous_3)","decl":{"start":{"line":58,"column":105},"end":{"line":58,"column":106}},"loc":{"start":{"line":58,"column":119},"end":{"line":60,"column":13}},"line":58},"4":{"name":"(anonymous_4)","decl":{"start":{"line":64,"column":34},"end":{"line":64,"column":35}},"loc":{"start":{"line":64,"column":51},"end":{"line":79,"column":9}},"line":64},"5":{"name":"(anonymous_5)","decl":{"start":{"line":69,"column":65},"end":{"line":69,"column":66}},"loc":{"start":{"line":69,"column":79},"end":{"line":78,"column":13}},"line":69},"6":{"name":"(anonymous_6)","decl":{"start":{"line":83,"column":61},"end":{"line":83,"column":62}},"loc":{"start":{"line":83,"column":72},"end":{"line":112,"column":9}},"line":83},"7":{"name":"(anonymous_7)","decl":{"start":{"line":91,"column":65},"end":{"line":91,"column":66}},"loc":{"start":{"line":91,"column":79},"end":{"line":110,"column":13}},"line":91},"8":{"name":"(anonymous_8)","decl":{"start":{"line":93,"column":73},"end":{"line":93,"column":74}},"loc":{"start":{"line":93,"column":87},"end":{"line":107,"column":21}},"line":93},"9":{"name":"(anonymous_9)","decl":{"start":{"line":101,"column":98},"end":{"line":101,"column":99}},"loc":{"start":{"line":101,"column":112},"end":{"line":104,"column":29}},"line":101},"10":{"name":"(anonymous_10)","decl":{"start":{"line":116,"column":57},"end":{"line":116,"column":58}},"loc":{"start":{"line":116,"column":68},"end":{"line":130,"column":9}},"line":116},"11":{"name":"(anonymous_11)","decl":{"start":{"line":119,"column":65},"end":{"line":119,"column":66}},"loc":{"start":{"line":119,"column":79},"end":{"line":129,"column":13}},"line":119},"12":{"name":"(anonymous_12)","decl":{"start":{"line":124,"column":69},"end":{"line":124,"column":70}},"loc":{"start":{"line":124,"column":83},"end":{"line":126,"column":21}},"line":124},"13":{"name":"(anonymous_13)","decl":{"start":{"line":134,"column":45},"end":{"line":134,"column":46}},"loc":{"start":{"line":134,"column":56},"end":{"line":149,"column":9}},"line":134},"14":{"name":"(anonymous_14)","decl":{"start":{"line":137,"column":63},"end":{"line":137,"column":64}},"loc":{"start":{"line":137,"column":77},"end":{"line":147,"column":13}},"line":137},"15":{"name":"(anonymous_15)","decl":{"start":{"line":139,"column":107},"end":{"line":139,"column":108}},"loc":{"start":{"line":139,"column":121},"end":{"line":144,"column":21}},"line":139},"16":{"name":"(anonymous_16)","decl":{"start":{"line":153,"column":44},"end":{"line":153,"column":45}},"loc":{"start":{"line":153,"column":55},"end":{"line":170,"column":9}},"line":153},"17":{"name":"(anonymous_17)","decl":{"start":{"line":156,"column":63},"end":{"line":156,"column":64}},"loc":{"start":{"line":156,"column":77},"end":{"line":167,"column":13}},"line":156},"18":{"name":"(anonymous_18)","decl":{"start":{"line":159,"column":80},"end":{"line":159,"column":81}},"loc":{"start":{"line":159,"column":94},"end":{"line":164,"column":21}},"line":159},"19":{"name":"(anonymous_19)","decl":{"start":{"line":173,"column":50},"end":{"line":173,"column":51}},"loc":{"start":{"line":173,"column":61},"end":{"line":187,"column":9}},"line":173},"20":{"name":"(anonymous_20)","decl":{"start":{"line":176,"column":63},"end":{"line":176,"column":64}},"loc":{"start":{"line":176,"column":77},"end":{"line":184,"column":13}},"line":176},"21":{"name":"(anonymous_21)","decl":{"start":{"line":178,"column":107},"end":{"line":178,"column":108}},"loc":{"start":{"line":178,"column":121},"end":{"line":180,"column":21}},"line":178},"22":{"name":"(anonymous_22)","decl":{"start":{"line":190,"column":49},"end":{"line":190,"column":50}},"loc":{"start":{"line":190,"column":60},"end":{"line":203,"column":9}},"line":190},"23":{"name":"(anonymous_23)","decl":{"start":{"line":193,"column":65},"end":{"line":193,"column":66}},"loc":{"start":{"line":193,"column":79},"end":{"line":201,"column":13}},"line":193},"24":{"name":"(anonymous_24)","decl":{"start":{"line":195,"column":80},"end":{"line":195,"column":81}},"loc":{"start":{"line":195,"column":94},"end":{"line":197,"column":21}},"line":195},"25":{"name":"(anonymous_25)","decl":{"start":{"line":206,"column":48},"end":{"line":206,"column":49}},"loc":{"start":{"line":206,"column":59},"end":{"line":217,"column":9}},"line":206},"26":{"name":"(anonymous_26)","decl":{"start":{"line":208,"column":65},"end":{"line":208,"column":66}},"loc":{"start":{"line":208,"column":79},"end":{"line":215,"column":13}},"line":208},"27":{"name":"(anonymous_27)","decl":{"start":{"line":210,"column":107},"end":{"line":210,"column":108}},"loc":{"start":{"line":210,"column":121},"end":{"line":212,"column":21}},"line":210},"28":{"name":"(anonymous_28)","decl":{"start":{"line":221,"column":43},"end":{"line":221,"column":44}},"loc":{"start":{"line":221,"column":54},"end":{"line":235,"column":9}},"line":221},"29":{"name":"(anonymous_29)","decl":{"start":{"line":223,"column":65},"end":{"line":223,"column":66}},"loc":{"start":{"line":223,"column":79},"end":{"line":233,"column":13}},"line":223},"30":{"name":"(anonymous_30)","decl":{"start":{"line":225,"column":107},"end":{"line":225,"column":108}},"loc":{"start":{"line":225,"column":121},"end":{"line":230,"column":21}},"line":225},"31":{"name":"(anonymous_31)","decl":{"start":{"line":237,"column":26},"end":{"line":237,"column":27}},"loc":{"start":{"line":237,"column":37},"end":{"line":245,"column":9}},"line":237},"32":{"name":"(anonymous_32)","decl":{"start":{"line":238,"column":51},"end":{"line":238,"column":52}},"loc":{"start":{"line":238,"column":65},"end":{"line":244,"column":13}},"line":238}},"branchMap":{"0":{"loc":{"start":{"line":44,"column":4},"end":{"line":44,"column":20}},"type":"if","locations":[{"start":{"line":44,"column":4},"end":{"line":44,"column":20}},{"start":{"line":44,"column":4},"end":{"line":44,"column":20}}],"line":44},"1":{"loc":{"start":{"line":70,"column":16},"end":{"line":77,"column":17}},"type":"if","locations":[{"start":{"line":70,"column":16},"end":{"line":77,"column":17}},{"start":{"line":70,"column":16},"end":{"line":77,"column":17}}],"line":70},"2":{"loc":{"start":{"line":92,"column":16},"end":{"line":109,"column":45}},"type":"if","locations":[{"start":{"line":92,"column":16},"end":{"line":109,"column":45}},{"start":{"line":92,"column":16},"end":{"line":109,"column":45}}],"line":92},"3":{"loc":{"start":{"line":94,"column":24},"end":{"line":106,"column":25}},"type":"if","locations":[{"start":{"line":94,"column":24},"end":{"line":106,"column":25}},{"start":{"line":94,"column":24},"end":{"line":106,"column":25}}],"line":94},"4":{"loc":{"start":{"line":121,"column":16},"end":{"line":128,"column":45}},"type":"if","locations":[{"start":{"line":121,"column":16},"end":{"line":128,"column":45}},{"start":{"line":121,"column":16},"end":{"line":128,"column":45}}],"line":121},"5":{"loc":{"start":{"line":138,"column":16},"end":{"line":146,"column":45}},"type":"if","locations":[{"start":{"line":138,"column":16},"end":{"line":146,"column":45}},{"start":{"line":138,"column":16},"end":{"line":146,"column":45}}],"line":138},"6":{"loc":{"start":{"line":140,"column":24},"end":{"line":143,"column":76}},"type":"if","locations":[{"start":{"line":140,"column":24},"end":{"line":143,"column":76}},{"start":{"line":140,"column":24},"end":{"line":143,"column":76}}],"line":140},"7":{"loc":{"start":{"line":157,"column":16},"end":{"line":166,"column":45}},"type":"if","locations":[{"start":{"line":157,"column":16},"end":{"line":166,"column":45}},{"start":{"line":157,"column":16},"end":{"line":166,"column":45}}],"line":157},"8":{"loc":{"start":{"line":160,"column":24},"end":{"line":163,"column":76}},"type":"if","locations":[{"start":{"line":160,"column":24},"end":{"line":163,"column":76}},{"start":{"line":160,"column":24},"end":{"line":163,"column":76}}],"line":160},"9":{"loc":{"start":{"line":162,"column":29},"end":{"line":163,"column":76}},"type":"if","locations":[{"start":{"line":162,"column":29},"end":{"line":163,"column":76}},{"start":{"line":162,"column":29},"end":{"line":163,"column":76}}],"line":162},"10":{"loc":{"start":{"line":177,"column":16},"end":{"line":182,"column":48}},"type":"if","locations":[{"start":{"line":177,"column":16},"end":{"line":182,"column":48}},{"start":{"line":177,"column":16},"end":{"line":182,"column":48}}],"line":177},"11":{"loc":{"start":{"line":194,"column":16},"end":{"line":199,"column":48}},"type":"if","locations":[{"start":{"line":194,"column":16},"end":{"line":199,"column":48}},{"start":{"line":194,"column":16},"end":{"line":199,"column":48}}],"line":194},"12":{"loc":{"start":{"line":209,"column":16},"end":{"line":214,"column":48}},"type":"if","locations":[{"start":{"line":209,"column":16},"end":{"line":214,"column":48}},{"start":{"line":209,"column":16},"end":{"line":214,"column":48}}],"line":209},"13":{"loc":{"start":{"line":224,"column":16},"end":{"line":232,"column":45}},"type":"if","locations":[{"start":{"line":224,"column":16},"end":{"line":232,"column":45}},{"start":{"line":224,"column":16},"end":{"line":232,"column":45}}],"line":224},"14":{"loc":{"start":{"line":226,"column":24},"end":{"line":229,"column":78}},"type":"if","locations":[{"start":{"line":226,"column":24},"end":{"line":229,"column":78}},{"start":{"line":226,"column":24},"end":{"line":229,"column":78}}],"line":226},"15":{"loc":{"start":{"line":239,"column":16},"end":{"line":239,"column":33}},"type":"if","locations":[{"start":{"line":239,"column":16},"end":{"line":239,"column":33}},{"start":{"line":239,"column":16},"end":{"line":239,"column":33}}],"line":239},"16":{"loc":{"start":{"line":240,"column":16},"end":{"line":243,"column":51}},"type":"if","locations":[{"start":{"line":240,"column":16},"end":{"line":243,"column":51}},{"start":{"line":240,"column":16},"end":{"line":243,"column":51}}],"line":240}},"s":{"0":1,"1":1,"2":1,"3":1,"4":1,"5":1,"6":1,"7":1,"8":1,"9":1,"10":1,"11":1,"12":1,"13":1,"14":1,"15":1,"16":1,"17":1,"18":1,"19":1,"20":1,"21":1,"22":1,"23":1,"24":1,"25":1,"26":1,"27":1,"28":1,"29":1,"30":0,"31":1,"32":1,"33":1,"34":1,"35":0,"36":1,"37":2,"38":2,"39":2,"40":0,"41":2,"42":1,"43":2,"44":2,"45":2,"46":2,"47":2,"48":1,"49":1,"50":1,"51":1,"52":1,"53":1,"54":1,"55":1,"56":1,"57":1,"58":1,"59":1,"60":1,"61":0,"62":1,"63":2,"64":2,"65":2,"66":1,"67":1,"68":1,"69":0,"70":1,"71":1,"72":2,"73":2,"74":2,"75":1,"76":1,"77":0,"78":1,"79":1,"80":1,"81":1,"82":2,"83":2,"84":2,"85":1,"86":1,"87":1,"88":1,"89":2,"90":2,"91":2,"92":1,"93":1,"94":1,"95":1,"96":2,"97":2,"98":2,"99":1,"100":1,"101":1,"102":1,"103":2,"104":2,"105":2,"106":1,"107":1,"108":1,"109":0,"110":1,"111":1,"112":1,"113":1,"114":0,"115":1,"116":1,"117":0,"118":1},"f":{"0":1,"1":1,"2":0,"3":0,"4":2,"5":2,"6":2,"7":2,"8":1,"9":1,"10":1,"11":1,"12":1,"13":2,"14":2,"15":1,"16":2,"17":2,"18":1,"19":2,"20":2,"21":1,"22":2,"23":2,"24":1,"25":2,"26":2,"27":1,"28":2,"29":2,"30":1,"31":1,"32":1},"b":{"0":[0,1],"1":[0,2],"2":[1,1],"3":[1,0],"4":[1,0],"5":[1,1],"6":[1,0],"7":[1,1],"8":[0,1],"9":[1,0],"10":[1,1],"11":[1,1],"12":[1,1],"13":[1,1],"14":[1,0],"15":[0,1],"16":[1,0]},"_coverageSchema":"1a1c01bbd47fc00a2c39e90264f33305004495a9","hash":"1a2ac545f12756910e01da5a9d321cc5baa09f5b"}
}
