TN:
SF:controllers\answers.js
FN:37,(anonymous_0)
FN:45,(anonymous_1)
FN:50,cleanup
FN:51,(anonymous_3)
FN:56,(anonymous_4)
FN:57,(anonymous_5)
FN:64,(anonymous_6)
FN:67,(anonymous_7)
FN:71,(anonymous_8)
FN:86,(anonymous_9)
FN:96,(anonymous_10)
FN:103,(anonymous_11)
FN:110,(anonymous_12)
FN:120,(anonymous_13)
FN:124,(anonymous_14)
FN:134,(anonymous_15)
FN:141,(anonymous_16)
FN:171,(anonymous_17)
FN:181,(anonymous_18)
FN:186,(anonymous_19)
FN:192,(anonymous_20)
FN:207,(anonymous_21)
FN:235,(anonymous_22)
FN:244,(anonymous_23)
FN:252,(anonymous_24)
FN:257,(anonymous_25)
FN:266,(anonymous_26)
FN:290,(anonymous_27)
FN:301,(anonymous_28)
FN:314,(anonymous_29)
FN:325,(anonymous_30)
FN:338,(anonymous_31)
FN:349,(anonymous_32)
FNF:33
FNH:29
FNDA:3,(anonymous_0)
FNDA:3,(anonymous_1)
FNDA:0,cleanup
FNDA:0,(anonymous_3)
FNDA:0,(anonymous_4)
FNDA:0,(anonymous_5)
FNDA:2,(anonymous_6)
FNDA:2,(anonymous_7)
FNDA:1,(anonymous_8)
FNDA:8,(anonymous_9)
FNDA:7,(anonymous_10)
FNDA:6,(anonymous_11)
FNDA:5,(anonymous_12)
FNDA:1,(anonymous_13)
FNDA:1,(anonymous_14)
FNDA:1,(anonymous_15)
FNDA:1,(anonymous_16)
FNDA:9,(anonymous_17)
FNDA:8,(anonymous_18)
FNDA:7,(anonymous_19)
FNDA:6,(anonymous_20)
FNDA:1,(anonymous_21)
FNDA:7,(anonymous_22)
FNDA:6,(anonymous_23)
FNDA:5,(anonymous_24)
FNDA:3,(anonymous_25)
FNDA:1,(anonymous_26)
FNDA:5,(anonymous_27)
FNDA:5,(anonymous_28)
FNDA:5,(anonymous_29)
FNDA:5,(anonymous_30)
FNDA:2,(anonymous_31)
FNDA:2,(anonymous_32)
DA:1,3
DA:2,3
DA:3,3
DA:4,3
DA:5,3
DA:6,3
DA:7,3
DA:9,3
DA:10,3
DA:11,3
DA:12,3
DA:13,3
DA:14,3
DA:15,3
DA:16,3
DA:23,3
DA:25,3
DA:27,3
DA:28,3
DA:29,3
DA:30,3
DA:33,3
DA:35,3
DA:37,3
DA:38,3
DA:39,3
DA:45,3
DA:46,3
DA:47,3
DA:51,0
DA:56,3
DA:57,0
DA:58,0
DA:59,0
DA:64,3
DA:65,2
DA:67,2
DA:68,2
DA:69,2
DA:70,1
DA:71,1
DA:72,1
DA:74,1
DA:75,1
DA:80,1
DA:86,3
DA:87,8
DA:88,8
DA:91,8
DA:92,1
DA:96,7
DA:97,7
DA:99,6
DA:100,6
DA:103,6
DA:104,6
DA:105,6
DA:106,5
DA:107,5
DA:110,5
DA:111,5
DA:113,5
DA:114,3
DA:115,1
DA:118,2
DA:120,1
DA:121,1
DA:124,1
DA:125,1
DA:126,1
DA:135,1
DA:139,1
DA:142,1
DA:147,1
DA:153,2
DA:159,1
DA:164,1
DA:171,3
DA:172,9
DA:173,9
DA:176,9
DA:177,1
DA:181,8
DA:182,8
DA:184,7
DA:186,7
DA:187,7
DA:188,7
DA:190,6
DA:192,6
DA:193,6
DA:196,6
DA:198,4
DA:199,1
DA:201,3
DA:202,1
DA:205,2
DA:207,1
DA:208,1
DA:209,1
DA:213,1
DA:216,2
DA:222,1
DA:227,1
DA:235,3
DA:236,7
DA:237,7
DA:240,7
DA:241,1
DA:244,6
DA:247,6
DA:249,5
DA:252,5
DA:253,5
DA:254,5
DA:257,3
DA:258,3
DA:259,2
DA:262,2
DA:263,1
DA:266,1
DA:267,1
DA:268,1
DA:273,1
DA:278,2
DA:283,1
DA:290,3
DA:291,5
DA:292,5
DA:294,5
DA:302,5
DA:303,0
DA:304,5
DA:305,1
DA:308,4
DA:314,3
DA:315,5
DA:316,5
DA:317,5
DA:319,5
DA:326,5
DA:327,0
DA:328,5
DA:329,2
DA:332,3
DA:338,3
DA:339,2
DA:340,2
DA:341,2
DA:343,2
DA:350,2
DA:351,0
DA:352,2
DA:353,2
DA:356,0
DA:365,3
LF:156
LH:148
BRDA:38,0,0,0
BRDA:38,0,1,3
BRDA:58,1,0,0
BRDA:58,1,1,0
BRDA:68,2,0,0
BRDA:68,2,1,2
BRDA:69,3,0,1
BRDA:69,3,1,1
BRDA:72,4,0,0
BRDA:72,4,1,1
BRDA:91,5,0,1
BRDA:91,5,1,7
BRDA:97,6,0,6
BRDA:97,6,1,1
BRDA:97,7,0,7
BRDA:97,7,1,6
BRDA:104,8,0,0
BRDA:104,8,1,6
BRDA:105,9,0,5
BRDA:105,9,1,1
BRDA:111,10,0,0
BRDA:111,10,1,5
BRDA:113,11,0,3
BRDA:113,11,1,2
BRDA:113,12,0,5
BRDA:113,12,1,4
BRDA:114,13,0,1
BRDA:114,13,1,2
BRDA:118,14,0,1
BRDA:118,14,1,1
BRDA:121,15,0,0
BRDA:121,15,1,1
BRDA:125,16,0,1
BRDA:125,16,1,0
BRDA:135,17,0,0
BRDA:135,17,1,1
BRDA:176,18,0,1
BRDA:176,18,1,8
BRDA:182,19,0,7
BRDA:182,19,1,1
BRDA:182,20,0,8
BRDA:182,20,1,7
BRDA:187,21,0,0
BRDA:187,21,1,7
BRDA:188,22,0,6
BRDA:188,22,1,1
BRDA:193,23,0,0
BRDA:193,23,1,6
BRDA:196,24,0,4
BRDA:196,24,1,2
BRDA:196,25,0,6
BRDA:196,25,1,5
BRDA:198,26,0,1
BRDA:198,26,1,3
BRDA:201,27,0,1
BRDA:201,27,1,2
BRDA:205,28,0,1
BRDA:205,28,1,1
BRDA:208,29,0,0
BRDA:208,29,1,1
BRDA:240,30,0,1
BRDA:240,30,1,6
BRDA:247,31,0,5
BRDA:247,31,1,1
BRDA:247,32,0,6
BRDA:247,32,1,5
BRDA:253,33,0,0
BRDA:253,33,1,5
BRDA:254,34,0,3
BRDA:254,34,1,2
BRDA:254,35,0,5
BRDA:254,35,1,4
BRDA:258,36,0,2
BRDA:258,36,1,1
BRDA:262,37,0,1
BRDA:262,37,1,1
BRDA:267,38,0,0
BRDA:267,38,1,1
BRDA:302,39,0,0
BRDA:302,39,1,5
BRDA:304,40,0,1
BRDA:304,40,1,4
BRDA:326,41,0,0
BRDA:326,41,1,5
BRDA:328,42,0,2
BRDA:328,42,1,3
BRDA:350,43,0,0
BRDA:350,43,1,2
BRDA:352,44,0,2
BRDA:352,44,1,0
BRF:90
BRH:71
end_of_record
TN:
SF:controllers\authorize.js
FN:5,get_token
FN:10,validate_user
FN:17,(anonymous_2)
FN:21,(anonymous_3)
FNF:4
FNH:1
FNDA:0,get_token
FNDA:65,validate_user
FNDA:0,(anonymous_2)
FNDA:0,(anonymous_3)
DA:1,10
DA:2,10
DA:5,10
DA:6,0
DA:10,10
DA:13,65
DA:14,65
DA:17,0
DA:18,0
DA:22,0
DA:23,0
DA:24,0
DA:27,0
DA:28,0
DA:29,0
DA:33,0
DA:34,0
DA:35,0
LF:18
LH:6
BRDA:13,0,0,65
BRDA:13,0,1,0
BRDA:22,1,0,0
BRDA:22,1,1,0
BRDA:24,2,0,0
BRDA:24,2,1,0
BRF:6
BRH:1
end_of_record
TN:
SF:controllers\comments.js
FN:43,(anonymous_0)
FN:46,(anonymous_1)
FN:50,cleanup
FN:51,(anonymous_3)
FN:56,(anonymous_4)
FN:58,(anonymous_5)
FN:65,(anonymous_6)
FN:67,(anonymous_7)
FN:74,(anonymous_8)
FN:81,(anonymous_9)
FN:84,(anonymous_10)
FN:100,(anonymous_11)
FN:103,(anonymous_12)
FN:113,(anonymous_13)
FN:119,(anonymous_14)
FN:134,(anonymous_15)
FN:141,(anonymous_16)
FN:145,(anonymous_17)
FN:147,(anonymous_18)
FN:170,(anonymous_19)
FN:177,(anonymous_20)
FN:181,(anonymous_21)
FN:198,(anonymous_22)
FN:204,(anonymous_23)
FN:207,(anonymous_24)
FN:210,(anonymous_25)
FN:224,(anonymous_26)
FN:230,(anonymous_27)
FN:233,(anonymous_28)
FN:236,(anonymous_29)
FN:250,(anonymous_30)
FN:252,(anonymous_31)
FN:254,(anonymous_32)
FNF:33
FNH:28
FNDA:3,(anonymous_0)
FNDA:3,(anonymous_1)
FNDA:1,cleanup
FNDA:1,(anonymous_3)
FNDA:2,(anonymous_4)
FNDA:2,(anonymous_5)
FNDA:0,(anonymous_6)
FNDA:0,(anonymous_7)
FNDA:6,(anonymous_8)
FNDA:5,(anonymous_9)
FNDA:3,(anonymous_10)
FNDA:1,(anonymous_11)
FNDA:1,(anonymous_12)
FNDA:1,(anonymous_13)
FNDA:1,(anonymous_14)
FNDA:6,(anonymous_15)
FNDA:5,(anonymous_16)
FNDA:4,(anonymous_17)
FNDA:2,(anonymous_18)
FNDA:5,(anonymous_19)
FNDA:4,(anonymous_20)
FNDA:3,(anonymous_21)
FNDA:5,(anonymous_22)
FNDA:4,(anonymous_23)
FNDA:3,(anonymous_24)
FNDA:2,(anonymous_25)
FNDA:2,(anonymous_26)
FNDA:2,(anonymous_27)
FNDA:2,(anonymous_28)
FNDA:2,(anonymous_29)
FNDA:0,(anonymous_30)
FNDA:0,(anonymous_31)
FNDA:0,(anonymous_32)
DA:1,3
DA:2,3
DA:3,3
DA:4,3
DA:5,3
DA:6,3
DA:7,3
DA:10,3
DA:11,3
DA:12,3
DA:13,3
DA:14,3
DA:15,3
DA:17,3
DA:18,3
DA:19,3
DA:20,3
DA:21,3
DA:22,3
DA:23,3
DA:24,3
DA:30,3
DA:34,3
DA:38,3
DA:39,3
DA:40,3
DA:43,3
DA:44,3
DA:45,3
DA:46,3
DA:47,3
DA:48,3
DA:51,1
DA:56,3
DA:57,2
DA:58,2
DA:59,2
DA:60,1
DA:65,3
DA:66,0
DA:67,0
DA:68,0
DA:69,0
DA:74,3
DA:77,6
DA:78,6
DA:80,5
DA:81,5
DA:82,5
DA:83,3
DA:84,3
DA:85,3
DA:86,2
DA:88,1
DA:98,1
DA:99,1
DA:100,1
DA:101,1
DA:103,1
DA:104,1
DA:105,1
DA:114,1
DA:117,1
DA:120,1
DA:125,1
DA:128,2
DA:134,3
DA:137,6
DA:138,6
DA:139,6
DA:141,5
DA:142,5
DA:143,5
DA:144,4
DA:145,4
DA:146,4
DA:147,2
DA:148,2
DA:149,2
DA:151,1
DA:152,1
DA:153,1
DA:154,0
DA:155,0
DA:158,0
DA:161,2
DA:164,1
DA:170,3
DA:173,5
DA:174,5
DA:175,5
DA:177,4
DA:178,4
DA:179,4
DA:180,3
DA:181,3
DA:182,3
DA:183,2
DA:184,1
DA:185,1
DA:187,1
DA:189,1
DA:192,1
DA:198,3
DA:200,5
DA:201,5
DA:202,5
DA:204,4
DA:205,4
DA:206,4
DA:207,3
DA:208,3
DA:209,2
DA:210,2
DA:211,2
DA:212,2
DA:215,1
DA:218,1
DA:224,3
DA:226,2
DA:227,2
DA:228,2
DA:230,2
DA:231,2
DA:232,2
DA:233,2
DA:234,2
DA:235,2
DA:236,2
DA:237,2
DA:238,2
DA:241,0
DA:244,0
DA:250,3
DA:251,0
DA:252,0
DA:253,0
DA:254,0
DA:255,0
DA:256,0
DA:259,0
DA:265,3
LF:142
LH:126
BRDA:44,0,0,0
BRDA:44,0,1,3
BRDA:59,1,0,1
BRDA:59,1,1,1
BRDA:68,2,0,0
BRDA:68,2,1,0
BRDA:78,3,0,1
BRDA:78,3,1,5
BRDA:82,4,0,3
BRDA:82,4,1,2
BRDA:82,5,0,5
BRDA:82,5,1,3
BRDA:85,6,0,2
BRDA:85,6,1,1
BRDA:86,7,0,1
BRDA:86,7,1,1
BRDA:101,8,0,0
BRDA:101,8,1,1
BRDA:104,9,0,1
BRDA:104,9,1,0
BRDA:114,10,0,0
BRDA:114,10,1,1
BRDA:139,11,0,1
BRDA:139,11,1,5
BRDA:142,12,0,0
BRDA:142,12,1,5
BRDA:143,13,0,4
BRDA:143,13,1,1
BRDA:143,14,0,5
BRDA:143,14,1,4
BRDA:146,15,0,2
BRDA:146,15,1,2
BRDA:146,16,0,4
BRDA:146,16,1,3
BRDA:148,17,0,2
BRDA:148,17,1,0
BRDA:149,18,0,1
BRDA:149,18,1,1
BRDA:152,19,0,1
BRDA:152,19,1,0
BRDA:154,20,0,0
BRDA:154,20,1,0
BRDA:175,21,0,1
BRDA:175,21,1,4
BRDA:178,22,0,0
BRDA:178,22,1,4
BRDA:179,23,0,3
BRDA:179,23,1,1
BRDA:179,24,0,4
BRDA:179,24,1,3
BRDA:182,25,0,2
BRDA:182,25,1,1
BRDA:183,26,0,1
BRDA:183,26,1,1
BRDA:202,27,0,1
BRDA:202,27,1,4
BRDA:205,28,0,0
BRDA:205,28,1,4
BRDA:206,29,0,3
BRDA:206,29,1,1
BRDA:206,30,0,4
BRDA:206,30,1,3
BRDA:208,31,0,2
BRDA:208,31,1,1
BRDA:211,32,0,0
BRDA:211,32,1,2
BRDA:228,33,0,0
BRDA:228,33,1,2
BRDA:231,34,0,0
BRDA:231,34,1,2
BRDA:232,35,0,2
BRDA:232,35,1,0
BRDA:232,36,0,2
BRDA:232,36,1,2
BRDA:234,37,0,2
BRDA:234,37,1,0
BRDA:237,38,0,0
BRDA:237,38,1,2
BRDA:253,39,0,0
BRDA:253,39,1,0
BRDA:255,40,0,0
BRDA:255,40,1,0
BRF:82
BRH:59
end_of_record
TN:
SF:controllers\dashboard.js
FN:19,(anonymous_0)
FN:39,(anonymous_1)
FN:45,(anonymous_2)
FN:46,(anonymous_3)
FN:50,(anonymous_4)
FN:58,(anonymous_5)
FN:64,(anonymous_6)
FN:65,(anonymous_7)
FN:70,(anonymous_8)
FN:76,(anonymous_9)
FN:78,(anonymous_10)
FN:79,(anonymous_11)
FN:80,(anonymous_12)
FN:80,(anonymous_13)
FN:83,(anonymous_14)
FN:85,(anonymous_15)
FN:89,(anonymous_16)
FN:91,(anonymous_17)
FN:92,(anonymous_18)
FN:92,(anonymous_19)
FN:97,(anonymous_20)
FN:99,(anonymous_21)
FN:99,(anonymous_22)
FN:100,(anonymous_23)
FN:100,(anonymous_24)
FN:110,(anonymous_25)
FN:112,(anonymous_26)
FN:113,(anonymous_27)
FN:116,(anonymous_28)
FN:117,(anonymous_29)
FN:123,(anonymous_30)
FN:124,(anonymous_31)
FN:131,(anonymous_32)
FN:141,(anonymous_33)
FN:148,(anonymous_34)
FN:155,(anonymous_35)
FN:158,(anonymous_36)
FN:161,(anonymous_37)
FN:165,(anonymous_38)
FN:167,(anonymous_39)
FN:168,(anonymous_40)
FN:169,(anonymous_41)
FN:169,(anonymous_42)
FN:172,(anonymous_43)
FN:174,(anonymous_44)
FN:174,(anonymous_45)
FN:193,(anonymous_46)
FN:205,(anonymous_47)
FN:208,(anonymous_48)
FN:210,(anonymous_49)
FN:212,(anonymous_50)
FN:216,(anonymous_51)
FN:223,(anonymous_52)
FN:227,(anonymous_53)
FN:233,(anonymous_54)
FN:236,(anonymous_55)
FN:237,(anonymous_56)
FNF:57
FNH:42
FNDA:10,(anonymous_0)
FNDA:1,(anonymous_1)
FNDA:1,(anonymous_2)
FNDA:1,(anonymous_3)
FNDA:1,(anonymous_4)
FNDA:1,(anonymous_5)
FNDA:1,(anonymous_6)
FNDA:127,(anonymous_7)
FNDA:1,(anonymous_8)
FNDA:1,(anonymous_9)
FNDA:1,(anonymous_10)
FNDA:1,(anonymous_11)
FNDA:72,(anonymous_12)
FNDA:1,(anonymous_13)
FNDA:1,(anonymous_14)
FNDA:1,(anonymous_15)
FNDA:1,(anonymous_16)
FNDA:1,(anonymous_17)
FNDA:28,(anonymous_18)
FNDA:0,(anonymous_19)
FNDA:1,(anonymous_20)
FNDA:1,(anonymous_21)
FNDA:0,(anonymous_22)
FNDA:0,(anonymous_23)
FNDA:0,(anonymous_24)
FNDA:1,(anonymous_25)
FNDA:1,(anonymous_26)
FNDA:1,(anonymous_27)
FNDA:1,(anonymous_28)
FNDA:1,(anonymous_29)
FNDA:1,(anonymous_30)
FNDA:1,(anonymous_31)
FNDA:1,(anonymous_32)
FNDA:1,(anonymous_33)
FNDA:1,(anonymous_34)
FNDA:0,(anonymous_35)
FNDA:0,(anonymous_36)
FNDA:0,(anonymous_37)
FNDA:0,(anonymous_38)
FNDA:0,(anonymous_39)
FNDA:0,(anonymous_40)
FNDA:0,(anonymous_41)
FNDA:0,(anonymous_42)
FNDA:0,(anonymous_43)
FNDA:0,(anonymous_44)
FNDA:0,(anonymous_45)
FNDA:4,(anonymous_46)
FNDA:4,(anonymous_47)
FNDA:4,(anonymous_48)
FNDA:172,(anonymous_49)
FNDA:503,(anonymous_50)
FNDA:4,(anonymous_51)
FNDA:1,(anonymous_52)
FNDA:1,(anonymous_53)
FNDA:1,(anonymous_54)
FNDA:1,(anonymous_55)
FNDA:11,(anonymous_56)
DA:3,1
DA:4,1
DA:5,1
DA:6,1
DA:7,1
DA:8,1
DA:9,1
DA:10,1
DA:11,1
DA:12,1
DA:13,1
DA:14,1
DA:15,1
DA:16,1
DA:17,1
DA:18,1
DA:19,1
DA:20,10
DA:21,10
DA:24,1
DA:25,1
DA:26,1
DA:27,1
DA:28,1
DA:29,1
DA:30,1
DA:31,1
DA:37,1
DA:39,1
DA:40,1
DA:41,0
DA:42,1
DA:45,1
DA:46,1
DA:47,1
DA:50,1
DA:51,1
DA:52,1
DA:58,1
DA:59,1
DA:60,1
DA:61,1
DA:62,1
DA:64,1
DA:65,127
DA:66,1
DA:67,0
DA:69,1
DA:71,1
DA:72,1
DA:73,1
DA:77,1
DA:78,1
DA:79,1
DA:80,72
DA:82,1
DA:85,1
DA:86,1
DA:90,1
DA:91,1
DA:92,28
DA:94,1
DA:98,1
DA:99,1
DA:100,0
DA:102,1
DA:110,1
DA:111,1
DA:112,1
DA:113,1
DA:114,1
DA:117,1
DA:118,1
DA:119,1
DA:123,1
DA:124,1
DA:125,1
DA:126,1
DA:128,0
DA:130,1
DA:132,1
DA:141,1
DA:142,1
DA:143,1
DA:149,1
DA:150,1
DA:155,1
DA:156,0
DA:157,0
DA:158,0
DA:159,0
DA:160,0
DA:162,0
DA:166,0
DA:167,0
DA:168,0
DA:169,0
DA:171,0
DA:173,0
DA:174,0
DA:176,0
DA:193,1
DA:194,4
DA:195,4
DA:196,4
DA:198,4
DA:199,3
DA:200,1
DA:201,1
DA:202,4
DA:206,4
DA:207,4
DA:208,4
DA:209,4
DA:210,172
DA:211,3
DA:212,503
DA:215,4
DA:217,4
DA:223,1
DA:224,1
DA:228,1
DA:233,1
DA:234,1
DA:235,1
DA:236,1
DA:237,1
DA:238,11
DA:243,1
LF:129
LH:111
BRDA:40,0,0,0
BRDA:40,0,1,1
BRDA:66,1,0,0
BRDA:66,1,1,1
BRDA:77,2,0,0
BRDA:77,2,1,1
BRDA:80,3,0,72
BRDA:80,3,1,71
BRDA:90,4,0,0
BRDA:90,4,1,1
BRDA:118,5,0,0
BRDA:118,5,1,1
BRDA:125,6,0,1
BRDA:125,6,1,0
BRDA:149,7,0,0
BRDA:149,7,1,1
BRDA:166,8,0,0
BRDA:166,8,1,0
BRDA:198,9,0,3
BRDA:198,9,1,1
BRDA:200,10,0,1
BRDA:200,10,1,0
BRDA:207,11,0,0
BRDA:207,11,1,4
BRDA:209,12,0,1
BRDA:209,12,1,3
BRDA:211,13,0,3
BRDA:211,13,1,0
BRF:28
BRH:16
end_of_record
TN:
SF:controllers\notifications.js
FN:46,(anonymous_0)
FN:52,(anonymous_1)
FN:60,cleanup
FN:61,(anonymous_3)
FN:67,(anonymous_4)
FN:78,(anonymous_5)
FN:84,(anonymous_6)
FN:103,(anonymous_7)
FN:115,(anonymous_8)
FN:121,(anonymous_9)
FN:125,(anonymous_10)
FN:146,(anonymous_11)
FN:157,(anonymous_12)
FN:163,(anonymous_13)
FN:179,(anonymous_14)
FN:191,(anonymous_15)
FN:197,(anonymous_16)
FNF:17
FNH:17
FNDA:1,(anonymous_0)
FNDA:1,(anonymous_1)
FNDA:1,cleanup
FNDA:1,(anonymous_3)
FNDA:5,(anonymous_4)
FNDA:4,(anonymous_5)
FNDA:2,(anonymous_6)
FNDA:3,(anonymous_7)
FNDA:3,(anonymous_8)
FNDA:2,(anonymous_9)
FNDA:1,(anonymous_10)
FNDA:2,(anonymous_11)
FNDA:2,(anonymous_12)
FNDA:1,(anonymous_13)
FNDA:3,(anonymous_14)
FNDA:2,(anonymous_15)
FNDA:1,(anonymous_16)
DA:3,1
DA:4,1
DA:5,1
DA:6,1
DA:7,1
DA:8,1
DA:9,1
DA:19,1
DA:20,1
DA:21,1
DA:22,1
DA:23,1
DA:24,1
DA:25,1
DA:26,1
DA:32,1
DA:34,1
DA:37,1
DA:38,1
DA:39,1
DA:40,1
DA:41,1
DA:44,1
DA:46,1
DA:47,1
DA:48,1
DA:52,1
DA:53,1
DA:54,1
DA:56,1
DA:57,1
DA:61,1
DA:67,1
DA:68,5
DA:70,5
DA:71,5
DA:72,4
DA:74,5
DA:75,1
DA:78,4
DA:80,4
DA:81,2
DA:84,2
DA:85,2
DA:86,0
DA:87,2
DA:88,1
DA:90,1
DA:95,2
DA:103,1
DA:104,3
DA:105,3
DA:107,3
DA:108,3
DA:109,2
DA:111,3
DA:112,0
DA:115,3
DA:117,3
DA:118,2
DA:121,2
DA:122,2
DA:123,0
DA:124,2
DA:125,1
DA:126,1
DA:127,0
DA:128,1
DA:132,1
DA:138,1
DA:146,1
DA:147,2
DA:149,2
DA:150,2
DA:151,1
DA:153,2
DA:154,0
DA:157,2
DA:159,2
DA:160,1
DA:163,1
DA:164,1
DA:165,0
DA:166,1
DA:171,1
DA:179,1
DA:180,3
DA:181,3
DA:183,3
DA:184,3
DA:185,3
DA:187,3
DA:188,1
DA:191,2
DA:193,2
DA:194,1
DA:195,1
DA:197,1
DA:198,1
DA:199,0
DA:200,1
DA:201,1
DA:206,1
DA:216,1
LF:104
LH:97
BRDA:47,0,0,0
BRDA:47,0,1,1
BRDA:71,1,0,4
BRDA:71,1,1,1
BRDA:74,2,0,1
BRDA:74,2,1,4
BRDA:74,3,0,5
BRDA:74,3,1,4
BRDA:80,4,0,2
BRDA:80,4,1,2
BRDA:80,5,0,4
BRDA:80,5,1,3
BRDA:80,5,2,3
BRDA:85,6,0,0
BRDA:85,6,1,2
BRDA:87,7,0,1
BRDA:87,7,1,1
BRDA:108,8,0,2
BRDA:108,8,1,1
BRDA:111,9,0,0
BRDA:111,9,1,3
BRDA:111,10,0,3
BRDA:111,10,1,3
BRDA:117,11,0,2
BRDA:117,11,1,1
BRDA:117,12,0,3
BRDA:117,12,1,3
BRDA:117,12,2,3
BRDA:122,13,0,0
BRDA:122,13,1,2
BRDA:124,14,0,1
BRDA:124,14,1,1
BRDA:124,15,0,2
BRDA:124,15,1,1
BRDA:126,16,0,0
BRDA:126,16,1,1
BRDA:150,17,0,1
BRDA:150,17,1,1
BRDA:153,18,0,0
BRDA:153,18,1,2
BRDA:153,19,0,2
BRDA:153,19,1,2
BRDA:159,20,0,1
BRDA:159,20,1,1
BRDA:159,21,0,2
BRDA:159,21,1,2
BRDA:159,21,2,2
BRDA:164,22,0,0
BRDA:164,22,1,1
BRDA:184,23,0,3
BRDA:184,23,1,0
BRDA:187,24,0,1
BRDA:187,24,1,2
BRDA:187,25,0,3
BRDA:187,25,1,2
BRDA:193,26,0,1
BRDA:193,26,1,1
BRDA:193,27,0,2
BRDA:193,27,1,1
BRDA:198,28,0,0
BRDA:198,28,1,1
BRF:61
BRH:52
end_of_record
TN:
SF:controllers\pauthorize.js
FN:4,(anonymous_0)
FN:17,(anonymous_1)
FN:26,(anonymous_2)
FN:35,(anonymous_3)
FN:45,(anonymous_4)
FNF:5
FNH:1
FNDA:3,(anonymous_0)
FNDA:0,(anonymous_1)
FNDA:0,(anonymous_2)
FNDA:0,(anonymous_3)
FNDA:0,(anonymous_4)
DA:1,1
DA:3,1
DA:6,3
DA:7,3
DA:8,3
DA:9,3
DA:12,0
DA:13,0
DA:14,0
DA:15,0
DA:16,0
DA:17,0
DA:18,0
DA:19,0
DA:20,0
DA:23,0
DA:28,0
DA:30,0
DA:31,0
DA:32,0
DA:33,0
DA:34,0
DA:35,0
DA:36,0
DA:37,0
DA:39,0
DA:40,0
DA:46,0
LF:28
LH:6
BRDA:8,0,0,3
BRDA:8,0,1,0
BRDA:8,1,0,3
BRDA:8,1,1,2
BRDA:8,1,2,2
BRDA:12,2,0,0
BRDA:12,2,1,0
BRDA:15,3,0,0
BRDA:15,3,1,0
BRDA:17,4,0,0
BRDA:17,4,1,0
BRDA:18,5,0,0
BRDA:18,5,1,0
BRDA:18,6,0,0
BRDA:18,6,1,0
BRDA:20,7,0,0
BRDA:20,7,1,0
BRDA:30,8,0,0
BRDA:30,8,1,0
BRDA:33,9,0,0
BRDA:33,9,1,0
BRDA:35,10,0,0
BRDA:35,10,1,0
BRDA:36,11,0,0
BRDA:36,11,1,0
BRDA:39,12,0,0
BRDA:39,12,1,0
BRF:27
BRH:4
end_of_record
TN:
SF:controllers\questions.js
FN:40,(anonymous_0)
FN:49,(anonymous_1)
FN:55,cleanup
FN:56,(anonymous_3)
FN:63,(anonymous_4)
FN:67,(anonymous_5)
FN:71,(anonymous_6)
FN:90,(anonymous_7)
FN:92,(anonymous_8)
FN:99,(anonymous_9)
FN:110,(anonymous_10)
FN:132,(anonymous_11)
FN:150,(anonymous_12)
FN:161,(anonymous_13)
FN:171,(anonymous_14)
FN:226,(anonymous_15)
FN:230,(anonymous_16)
FN:240,(anonymous_17)
FN:247,(anonymous_18)
FN:275,(anonymous_19)
FN:286,(anonymous_20)
FN:296,(anonymous_21)
FN:324,(anonymous_22)
FN:328,(anonymous_23)
FN:338,(anonymous_24)
FN:345,(anonymous_25)
FN:372,(anonymous_26)
FN:382,(anonymous_27)
FN:390,(anonymous_28)
FN:397,(anonymous_29)
FN:401,(anonymous_30)
FN:404,(anonymous_31)
FN:405,(anonymous_32)
FN:407,(anonymous_33)
FN:408,(anonymous_34)
FN:409,(anonymous_35)
FN:411,(anonymous_36)
FN:420,(anonymous_37)
FN:425,(anonymous_38)
FN:430,(anonymous_39)
FN:461,(anonymous_40)
FN:473,(anonymous_41)
FN:481,(anonymous_42)
FN:516,(anonymous_43)
FN:520,(anonymous_44)
FN:523,(anonymous_45)
FN:524,(anonymous_46)
FN:526,(anonymous_47)
FN:527,(anonymous_48)
FN:528,(anonymous_49)
FN:530,(anonymous_50)
FN:539,(anonymous_51)
FN:544,(anonymous_52)
FN:550,(anonymous_53)
FN:584,(anonymous_54)
FN:587,(anonymous_55)
FN:589,(anonymous_56)
FN:601,(anonymous_57)
FN:610,(anonymous_58)
FN:620,(anonymous_59)
FN:641,(anonymous_60)
FN:654,(anonymous_61)
FN:688,(anonymous_62)
FN:696,(anonymous_63)
FN:702,(anonymous_64)
FN:710,(anonymous_65)
FN:713,(anonymous_66)
FN:716,(anonymous_67)
FN:717,(anonymous_68)
FN:719,(anonymous_69)
FN:720,(anonymous_70)
FN:721,(anonymous_71)
FN:724,(anonymous_72)
FN:733,(anonymous_73)
FN:738,(anonymous_74)
FN:744,(anonymous_75)
FN:775,(anonymous_76)
FN:783,(anonymous_77)
FN:789,(anonymous_78)
FN:797,(anonymous_79)
FN:800,(anonymous_80)
FN:803,(anonymous_81)
FN:804,(anonymous_82)
FN:806,(anonymous_83)
FN:807,(anonymous_84)
FN:808,(anonymous_85)
FN:810,(anonymous_86)
FN:819,(anonymous_87)
FN:824,(anonymous_88)
FN:830,(anonymous_89)
FNF:90
FNH:85
FNDA:3,(anonymous_0)
FNDA:3,(anonymous_1)
FNDA:2,cleanup
FNDA:2,(anonymous_3)
FNDA:2,(anonymous_4)
FNDA:2,(anonymous_5)
FNDA:1,(anonymous_6)
FNDA:0,(anonymous_7)
FNDA:0,(anonymous_8)
FNDA:3,(anonymous_9)
FNDA:2,(anonymous_10)
FNDA:1,(anonymous_11)
FNDA:3,(anonymous_12)
FNDA:2,(anonymous_13)
FNDA:2,(anonymous_14)
FNDA:2,(anonymous_15)
FNDA:2,(anonymous_16)
FNDA:2,(anonymous_17)
FNDA:2,(anonymous_18)
FNDA:2,(anonymous_19)
FNDA:2,(anonymous_20)
FNDA:2,(anonymous_21)
FNDA:2,(anonymous_22)
FNDA:2,(anonymous_23)
FNDA:2,(anonymous_24)
FNDA:2,(anonymous_25)
FNDA:5,(anonymous_26)
FNDA:4,(anonymous_27)
FNDA:3,(anonymous_28)
FNDA:1,(anonymous_29)
FNDA:1,(anonymous_30)
FNDA:1,(anonymous_31)
FNDA:1,(anonymous_32)
FNDA:1,(anonymous_33)
FNDA:1,(anonymous_34)
FNDA:1,(anonymous_35)
FNDA:1,(anonymous_36)
FNDA:1,(anonymous_37)
FNDA:1,(anonymous_38)
FNDA:1,(anonymous_39)
FNDA:6,(anonymous_40)
FNDA:5,(anonymous_41)
FNDA:4,(anonymous_42)
FNDA:1,(anonymous_43)
FNDA:1,(anonymous_44)
FNDA:1,(anonymous_45)
FNDA:1,(anonymous_46)
FNDA:1,(anonymous_47)
FNDA:1,(anonymous_48)
FNDA:1,(anonymous_49)
FNDA:1,(anonymous_50)
FNDA:1,(anonymous_51)
FNDA:1,(anonymous_52)
FNDA:1,(anonymous_53)
FNDA:0,(anonymous_54)
FNDA:0,(anonymous_55)
FNDA:0,(anonymous_56)
FNDA:4,(anonymous_57)
FNDA:4,(anonymous_58)
FNDA:3,(anonymous_59)
FNDA:1,(anonymous_60)
FNDA:1,(anonymous_61)
FNDA:5,(anonymous_62)
FNDA:4,(anonymous_63)
FNDA:4,(anonymous_64)
FNDA:1,(anonymous_65)
FNDA:1,(anonymous_66)
FNDA:1,(anonymous_67)
FNDA:1,(anonymous_68)
FNDA:1,(anonymous_69)
FNDA:1,(anonymous_70)
FNDA:1,(anonymous_71)
FNDA:1,(anonymous_72)
FNDA:1,(anonymous_73)
FNDA:1,(anonymous_74)
FNDA:1,(anonymous_75)
FNDA:5,(anonymous_76)
FNDA:4,(anonymous_77)
FNDA:4,(anonymous_78)
FNDA:1,(anonymous_79)
FNDA:1,(anonymous_80)
FNDA:1,(anonymous_81)
FNDA:1,(anonymous_82)
FNDA:1,(anonymous_83)
FNDA:1,(anonymous_84)
FNDA:1,(anonymous_85)
FNDA:1,(anonymous_86)
FNDA:1,(anonymous_87)
FNDA:1,(anonymous_88)
FNDA:1,(anonymous_89)
DA:1,3
DA:2,3
DA:3,3
DA:4,3
DA:5,3
DA:6,3
DA:7,3
DA:9,3
DA:10,3
DA:11,3
DA:12,3
DA:13,3
DA:14,3
DA:15,3
DA:16,3
DA:22,3
DA:24,3
DA:27,3
DA:30,3
DA:31,3
DA:32,3
DA:33,3
DA:36,3
DA:37,3
DA:40,3
DA:41,3
DA:42,3
DA:49,3
DA:50,3
DA:51,3
DA:56,2
DA:63,3
DA:64,2
DA:67,2
DA:68,2
DA:70,1
DA:71,1
DA:72,1
DA:74,1
DA:75,1
DA:81,1
DA:90,3
DA:92,0
DA:93,0
DA:99,3
DA:101,3
DA:102,3
DA:105,3
DA:106,1
DA:110,2
DA:111,2
DA:114,2
DA:116,1
DA:130,1
DA:132,1
DA:133,1
DA:135,1
DA:142,1
DA:150,3
DA:152,3
DA:153,3
DA:154,3
DA:157,3
DA:158,1
DA:161,2
DA:162,2
DA:165,2
DA:167,2
DA:168,2
DA:171,2
DA:172,2
DA:173,2
DA:174,2
DA:177,2
DA:178,2
DA:179,2
DA:180,2
DA:183,0
DA:184,0
DA:186,0
DA:188,0
DA:189,0
DA:190,0
DA:192,0
DA:193,0
DA:194,0
DA:197,0
DA:199,0
DA:201,0
DA:202,0
DA:203,0
DA:205,0
DA:206,0
DA:207,0
DA:212,2
DA:213,2
DA:215,2
DA:219,2
DA:226,2
DA:227,2
DA:230,2
DA:231,2
DA:232,2
DA:241,2
DA:245,2
DA:248,2
DA:249,2
DA:251,0
DA:252,0
DA:262,0
DA:268,0
DA:275,3
DA:277,2
DA:278,2
DA:279,2
DA:282,2
DA:283,0
DA:286,2
DA:287,2
DA:290,2
DA:292,2
DA:293,2
DA:296,2
DA:297,2
DA:298,2
DA:300,2
DA:303,2
DA:308,2
DA:309,1
DA:315,1
DA:316,1
DA:324,2
DA:325,2
DA:328,2
DA:329,2
DA:330,2
DA:339,2
DA:343,2
DA:346,2
DA:347,2
DA:349,0
DA:350,0
DA:358,0
DA:364,0
DA:372,3
DA:374,5
DA:375,5
DA:378,5
DA:379,1
DA:382,4
DA:385,4
DA:387,3
DA:390,3
DA:393,3
DA:394,1
DA:397,1
DA:398,1
DA:401,1
DA:402,1
DA:404,1
DA:405,1
DA:406,1
DA:408,1
DA:409,1
DA:410,1
DA:411,1
DA:412,1
DA:421,1
DA:424,1
DA:429,1
DA:431,1
DA:432,1
DA:434,0
DA:435,0
DA:447,2
DA:453,1
DA:461,3
DA:464,6
DA:465,6
DA:466,6
DA:469,6
DA:470,1
DA:473,5
DA:476,5
DA:478,4
DA:481,4
DA:484,4
DA:485,2
DA:486,1
DA:489,1
DA:491,1
DA:494,1
DA:495,1
DA:496,1
DA:498,1
DA:499,1
DA:507,0
DA:508,0
DA:516,1
DA:517,1
DA:520,1
DA:522,1
DA:523,1
DA:524,1
DA:525,1
DA:527,1
DA:528,1
DA:529,1
DA:530,1
DA:531,1
DA:540,1
DA:543,1
DA:548,1
DA:551,1
DA:552,1
DA:554,0
DA:555,0
DA:568,2
DA:574,1
DA:584,3
DA:586,0
DA:587,0
DA:588,0
DA:589,0
DA:590,0
DA:591,0
DA:594,0
DA:601,3
DA:602,4
DA:603,4
DA:604,4
DA:606,4
DA:607,0
DA:610,4
DA:612,4
DA:614,4
DA:616,3
DA:618,3
DA:620,3
DA:621,3
DA:622,3
DA:624,2
DA:626,1
DA:628,1
DA:639,1
DA:641,1
DA:642,1
DA:645,1
DA:646,1
DA:655,1
DA:656,1
DA:662,0
DA:667,1
DA:672,1
DA:678,1
DA:688,3
DA:689,5
DA:690,5
DA:692,5
DA:693,1
DA:696,4
DA:698,4
DA:700,4
DA:702,4
DA:703,4
DA:704,2
DA:705,1
DA:708,1
DA:710,1
DA:711,1
DA:713,1
DA:715,1
DA:716,1
DA:717,1
DA:718,1
DA:720,1
DA:721,1
DA:722,1
DA:723,1
DA:724,1
DA:725,1
DA:734,1
DA:737,1
DA:742,1
DA:746,1
DA:760,2
DA:766,0
DA:775,3
DA:776,5
DA:777,5
DA:779,5
DA:780,1
DA:783,4
DA:785,4
DA:787,4
DA:789,4
DA:790,4
DA:791,2
DA:792,1
DA:795,1
DA:797,1
DA:798,1
DA:800,1
DA:802,1
DA:803,1
DA:804,1
DA:805,1
DA:807,1
DA:808,1
DA:809,1
DA:810,1
DA:811,1
DA:820,1
DA:823,1
DA:828,1
DA:832,1
DA:846,2
DA:852,0
DA:865,3
LF:319
LH:274
BRDA:41,0,0,0
BRDA:41,0,1,3
BRDA:68,1,0,1
BRDA:68,1,1,1
BRDA:72,2,0,0
BRDA:72,2,1,1
BRDA:105,3,0,1
BRDA:105,3,1,2
BRDA:105,4,0,3
BRDA:105,4,1,2
BRDA:111,5,0,0
BRDA:111,5,1,2
BRDA:114,6,0,1
BRDA:114,6,1,1
BRDA:114,7,0,2
BRDA:114,7,1,1
BRDA:133,8,0,0
BRDA:133,8,1,1
BRDA:157,9,0,1
BRDA:157,9,1,2
BRDA:157,10,0,3
BRDA:157,10,1,2
BRDA:162,11,0,0
BRDA:162,11,1,2
BRDA:165,12,0,2
BRDA:165,12,1,0
BRDA:165,13,0,2
BRDA:165,13,1,2
BRDA:172,14,0,2
BRDA:172,14,1,0
BRDA:178,15,0,2
BRDA:178,15,1,0
BRDA:179,16,0,1
BRDA:179,16,1,1
BRDA:184,17,0,0
BRDA:184,17,1,0
BRDA:186,18,0,0
BRDA:186,18,1,0
BRDA:192,19,0,0
BRDA:192,19,1,0
BRDA:197,20,0,0
BRDA:197,20,1,0
BRDA:199,21,0,0
BRDA:199,21,1,0
BRDA:205,22,0,0
BRDA:205,22,1,0
BRDA:212,23,0,2
BRDA:212,23,1,0
BRDA:227,24,0,0
BRDA:227,24,1,2
BRDA:231,25,0,2
BRDA:231,25,1,0
BRDA:241,26,0,0
BRDA:241,26,1,2
BRDA:248,27,0,2
BRDA:248,27,1,0
BRDA:251,28,0,0
BRDA:251,28,1,0
BRDA:282,29,0,0
BRDA:282,29,1,2
BRDA:282,30,0,2
BRDA:282,30,1,2
BRDA:287,31,0,0
BRDA:287,31,1,2
BRDA:290,32,0,2
BRDA:290,32,1,0
BRDA:290,33,0,2
BRDA:290,33,1,2
BRDA:297,34,0,2
BRDA:297,34,1,0
BRDA:308,35,0,1
BRDA:308,35,1,1
BRDA:315,36,0,1
BRDA:315,36,1,0
BRDA:325,37,0,0
BRDA:325,37,1,2
BRDA:329,38,0,2
BRDA:329,38,1,0
BRDA:339,39,0,0
BRDA:339,39,1,2
BRDA:346,40,0,2
BRDA:346,40,1,0
BRDA:349,41,0,0
BRDA:349,41,1,0
BRDA:378,42,0,1
BRDA:378,42,1,4
BRDA:378,43,0,5
BRDA:378,43,1,4
BRDA:385,44,0,3
BRDA:385,44,1,1
BRDA:385,45,0,4
BRDA:385,45,1,3
BRDA:393,46,0,1
BRDA:393,46,1,2
BRDA:393,47,0,3
BRDA:393,47,1,2
BRDA:398,48,0,0
BRDA:398,48,1,1
BRDA:410,49,0,1
BRDA:410,49,1,0
BRDA:421,50,0,0
BRDA:421,50,1,1
BRDA:431,51,0,1
BRDA:431,51,1,0
BRDA:434,52,0,0
BRDA:434,52,1,0
BRDA:469,53,0,1
BRDA:469,53,1,5
BRDA:469,54,0,6
BRDA:469,54,1,5
BRDA:476,55,0,4
BRDA:476,55,1,1
BRDA:476,56,0,5
BRDA:476,56,1,4
BRDA:484,57,0,2
BRDA:484,57,1,2
BRDA:484,58,0,4
BRDA:484,58,1,3
BRDA:485,59,0,1
BRDA:485,59,1,1
BRDA:494,60,0,1
BRDA:494,60,1,0
BRDA:495,61,0,0
BRDA:495,61,1,1
BRDA:496,62,0,1
BRDA:496,62,1,0
BRDA:498,63,0,1
BRDA:498,63,1,0
BRDA:507,64,0,0
BRDA:507,64,1,0
BRDA:517,65,0,0
BRDA:517,65,1,1
BRDA:529,66,0,1
BRDA:529,66,1,0
BRDA:540,67,0,0
BRDA:540,67,1,1
BRDA:551,68,0,1
BRDA:551,68,1,0
BRDA:554,69,0,0
BRDA:554,69,1,0
BRDA:588,70,0,0
BRDA:588,70,1,0
BRDA:590,71,0,0
BRDA:590,71,1,0
BRDA:606,72,0,0
BRDA:606,72,1,4
BRDA:606,73,0,4
BRDA:606,73,1,4
BRDA:612,74,0,0
BRDA:612,74,1,4
BRDA:614,75,0,3
BRDA:614,75,1,1
BRDA:614,76,0,4
BRDA:614,76,1,3
BRDA:621,77,0,0
BRDA:621,77,1,3
BRDA:622,78,0,2
BRDA:622,78,1,1
BRDA:624,79,0,1
BRDA:624,79,1,1
BRDA:642,80,0,0
BRDA:642,80,1,1
BRDA:645,81,0,1
BRDA:645,81,1,0
BRDA:655,82,0,0
BRDA:655,82,1,1
BRDA:692,83,0,1
BRDA:692,83,1,4
BRDA:692,84,0,5
BRDA:692,84,1,4
BRDA:698,85,0,4
BRDA:698,85,1,0
BRDA:698,86,0,4
BRDA:698,86,1,4
BRDA:703,87,0,2
BRDA:703,87,1,2
BRDA:703,88,0,4
BRDA:703,88,1,3
BRDA:704,89,0,1
BRDA:704,89,1,1
BRDA:711,90,0,0
BRDA:711,90,1,1
BRDA:723,91,0,1
BRDA:723,91,1,0
BRDA:734,92,0,0
BRDA:734,92,1,1
BRDA:779,93,0,1
BRDA:779,93,1,4
BRDA:779,94,0,5
BRDA:779,94,1,4
BRDA:785,95,0,4
BRDA:785,95,1,0
BRDA:785,96,0,4
BRDA:785,96,1,4
BRDA:790,97,0,2
BRDA:790,97,1,2
BRDA:790,98,0,4
BRDA:790,98,1,3
BRDA:791,99,0,1
BRDA:791,99,1,1
BRDA:798,100,0,0
BRDA:798,100,1,1
BRDA:809,101,0,1
BRDA:809,101,1,0
BRDA:820,102,0,0
BRDA:820,102,1,1
BRF:206
BRH:132
end_of_record
TN:
SF:controllers\users.js
FN:43,(anonymous_0)
FN:51,(anonymous_1)
FN:57,cleanup
FN:58,(anonymous_3)
FN:64,(anonymous_4)
FN:69,(anonymous_5)
FN:83,(anonymous_6)
FN:91,(anonymous_7)
FN:93,(anonymous_8)
FN:101,(anonymous_9)
FN:116,(anonymous_10)
FN:119,(anonymous_11)
FN:124,(anonymous_12)
FN:134,(anonymous_13)
FN:137,(anonymous_14)
FN:139,(anonymous_15)
FN:153,(anonymous_16)
FN:156,(anonymous_17)
FN:159,(anonymous_18)
FN:173,(anonymous_19)
FN:176,(anonymous_20)
FN:178,(anonymous_21)
FN:190,(anonymous_22)
FN:193,(anonymous_23)
FN:195,(anonymous_24)
FN:206,(anonymous_25)
FN:208,(anonymous_26)
FN:210,(anonymous_27)
FN:221,(anonymous_28)
FN:223,(anonymous_29)
FN:225,(anonymous_30)
FN:237,(anonymous_31)
FN:238,(anonymous_32)
FNF:33
FNH:31
FNDA:1,(anonymous_0)
FNDA:1,(anonymous_1)
FNDA:0,cleanup
FNDA:0,(anonymous_3)
FNDA:2,(anonymous_4)
FNDA:2,(anonymous_5)
FNDA:2,(anonymous_6)
FNDA:2,(anonymous_7)
FNDA:1,(anonymous_8)
FNDA:1,(anonymous_9)
FNDA:1,(anonymous_10)
FNDA:1,(anonymous_11)
FNDA:1,(anonymous_12)
FNDA:2,(anonymous_13)
FNDA:2,(anonymous_14)
FNDA:1,(anonymous_15)
FNDA:2,(anonymous_16)
FNDA:2,(anonymous_17)
FNDA:1,(anonymous_18)
FNDA:2,(anonymous_19)
FNDA:2,(anonymous_20)
FNDA:1,(anonymous_21)
FNDA:2,(anonymous_22)
FNDA:2,(anonymous_23)
FNDA:1,(anonymous_24)
FNDA:2,(anonymous_25)
FNDA:2,(anonymous_26)
FNDA:1,(anonymous_27)
FNDA:2,(anonymous_28)
FNDA:2,(anonymous_29)
FNDA:1,(anonymous_30)
FNDA:1,(anonymous_31)
FNDA:1,(anonymous_32)
DA:2,1
DA:3,1
DA:4,1
DA:5,1
DA:6,1
DA:7,1
DA:8,1
DA:9,1
DA:10,1
DA:11,1
DA:12,1
DA:13,1
DA:15,1
DA:19,1
DA:20,1
DA:21,1
DA:22,1
DA:23,1
DA:26,1
DA:28,1
DA:29,1
DA:30,1
DA:31,1
DA:32,1
DA:33,1
DA:34,1
DA:35,1
DA:41,1
DA:43,1
DA:44,1
DA:45,1
DA:51,1
DA:53,1
DA:54,1
DA:58,0
DA:64,1
DA:67,2
DA:69,2
DA:70,2
DA:72,0
DA:76,2
DA:83,1
DA:86,2
DA:89,2
DA:90,2
DA:91,2
DA:92,2
DA:93,1
DA:94,1
DA:96,1
DA:101,1
DA:102,1
DA:109,1
DA:116,1
DA:117,1
DA:119,1
DA:121,1
DA:123,1
DA:124,1
DA:125,1
DA:128,0
DA:134,1
DA:135,2
DA:137,2
DA:138,2
DA:139,1
DA:140,1
DA:141,1
DA:143,0
DA:146,1
DA:153,1
DA:154,2
DA:156,2
DA:157,2
DA:159,1
DA:160,1
DA:161,0
DA:162,1
DA:163,1
DA:166,1
DA:173,1
DA:174,2
DA:176,2
DA:177,2
DA:178,1
DA:179,1
DA:182,1
DA:190,1
DA:191,2
DA:193,2
DA:194,2
DA:195,1
DA:196,1
DA:199,1
DA:206,1
DA:207,2
DA:208,2
DA:209,2
DA:210,1
DA:211,1
DA:214,1
DA:221,1
DA:222,2
DA:223,2
DA:224,2
DA:225,1
DA:226,1
DA:227,1
DA:229,0
DA:232,1
DA:237,1
DA:238,1
DA:239,1
DA:240,1
DA:241,1
DA:243,0
DA:250,1
LF:117
LH:110
BRDA:44,0,0,0
BRDA:44,0,1,1
BRDA:70,1,0,0
BRDA:70,1,1,2
BRDA:92,2,0,1
BRDA:92,2,1,1
BRDA:94,3,0,1
BRDA:94,3,1,0
BRDA:121,4,0,1
BRDA:121,4,1,0
BRDA:138,5,0,1
BRDA:138,5,1,1
BRDA:140,6,0,1
BRDA:140,6,1,0
BRDA:157,7,0,1
BRDA:157,7,1,1
BRDA:160,8,0,0
BRDA:160,8,1,1
BRDA:162,9,0,1
BRDA:162,9,1,0
BRDA:177,10,0,1
BRDA:177,10,1,1
BRDA:194,11,0,1
BRDA:194,11,1,1
BRDA:209,12,0,1
BRDA:209,12,1,1
BRDA:224,13,0,1
BRDA:224,13,1,1
BRDA:226,14,0,1
BRDA:226,14,1,0
BRDA:239,15,0,0
BRDA:239,15,1,1
BRDA:240,16,0,1
BRDA:240,16,1,0
BRF:34
BRH:24
end_of_record
