TN:
SF:controllers\answers.js
FN:41,(anonymous_0)
FN:51,(anonymous_1)
FN:59,cleanup
FN:60,(anonymous_3)
FN:72,(anonymous_4)
FN:73,(anonymous_5)
FN:80,(anonymous_6)
FN:83,(anonymous_7)
FN:87,(anonymous_8)
FN:104,(anonymous_9)
FN:114,(anonymous_10)
FN:121,(anonymous_11)
FN:128,(anonymous_12)
FN:138,(anonymous_13)
FN:143,(anonymous_14)
FN:154,(anonymous_15)
FN:162,(anonymous_16)
FN:195,(anonymous_17)
FN:205,(anonymous_18)
FN:210,(anonymous_19)
FN:216,(anonymous_20)
FN:231,(anonymous_21)
FN:263,(anonymous_22)
FN:272,(anonymous_23)
FN:280,(anonymous_24)
FN:285,(anonymous_25)
FN:294,(anonymous_26)
FN:322,(anonymous_27)
FN:333,(anonymous_28)
FN:347,(anonymous_29)
FN:358,(anonymous_30)
FN:372,(anonymous_31)
FN:383,(anonymous_32)
FNF:33
FNH:29
FNDA:3,(anonymous_0)
FNDA:3,(anonymous_1)
FNDA:0,cleanup
FNDA:0,(anonymous_3)
FNDA:0,(anonymous_4)
FNDA:0,(anonymous_5)
FNDA:2,(anonymous_6)
FNDA:2,(anonymous_7)
FNDA:1,(anonymous_8)
FNDA:8,(anonymous_9)
FNDA:7,(anonymous_10)
FNDA:6,(anonymous_11)
FNDA:5,(anonymous_12)
FNDA:1,(anonymous_13)
FNDA:1,(anonymous_14)
FNDA:1,(anonymous_15)
FNDA:1,(anonymous_16)
FNDA:9,(anonymous_17)
FNDA:8,(anonymous_18)
FNDA:7,(anonymous_19)
FNDA:6,(anonymous_20)
FNDA:1,(anonymous_21)
FNDA:7,(anonymous_22)
FNDA:6,(anonymous_23)
FNDA:5,(anonymous_24)
FNDA:3,(anonymous_25)
FNDA:1,(anonymous_26)
FNDA:5,(anonymous_27)
FNDA:5,(anonymous_28)
FNDA:5,(anonymous_29)
FNDA:5,(anonymous_30)
FNDA:2,(anonymous_31)
FNDA:2,(anonymous_32)
DA:1,3
DA:2,3
DA:3,3
DA:4,3
DA:5,3
DA:6,3
DA:7,3
DA:13,3
DA:14,3
DA:15,3
DA:16,3
DA:17,3
DA:18,3
DA:19,3
DA:20,3
DA:27,3
DA:29,3
DA:31,3
DA:32,3
DA:33,3
DA:34,3
DA:37,3
DA:39,3
DA:41,3
DA:42,3
DA:43,3
DA:51,3
DA:53,3
DA:54,3
DA:60,0
DA:72,3
DA:73,0
DA:74,0
DA:75,0
DA:80,3
DA:81,2
DA:83,2
DA:84,2
DA:85,2
DA:86,1
DA:87,1
DA:88,1
DA:91,1
DA:92,1
DA:98,1
DA:104,3
DA:105,8
DA:106,8
DA:109,8
DA:110,1
DA:114,7
DA:115,7
DA:117,6
DA:118,6
DA:121,6
DA:122,6
DA:123,6
DA:124,5
DA:125,5
DA:128,5
DA:129,5
DA:131,5
DA:132,3
DA:133,1
DA:136,2
DA:138,1
DA:139,1
DA:143,1
DA:144,1
DA:146,1
DA:155,1
DA:160,1
DA:163,1
DA:168,1
DA:175,2
DA:182,1
DA:188,1
DA:195,3
DA:196,9
DA:197,9
DA:200,9
DA:201,1
DA:205,8
DA:206,8
DA:208,7
DA:210,7
DA:211,7
DA:212,7
DA:214,6
DA:216,6
DA:217,6
DA:220,6
DA:222,4
DA:223,1
DA:225,3
DA:226,1
DA:229,2
DA:231,1
DA:232,1
DA:234,1
DA:238,1
DA:242,2
DA:249,1
DA:255,1
DA:263,3
DA:264,7
DA:265,7
DA:268,7
DA:269,1
DA:272,6
DA:275,6
DA:277,5
DA:280,5
DA:281,5
DA:282,5
DA:285,3
DA:286,3
DA:287,2
DA:290,2
DA:291,1
DA:294,1
DA:295,1
DA:297,1
DA:303,1
DA:309,2
DA:315,1
DA:322,3
DA:323,5
DA:324,5
DA:326,5
DA:334,5
DA:335,0
DA:337,5
DA:338,1
DA:341,4
DA:347,3
DA:348,5
DA:349,5
DA:350,5
DA:352,5
DA:359,5
DA:360,0
DA:362,5
DA:363,2
DA:366,3
DA:372,3
DA:373,2
DA:374,2
DA:375,2
DA:377,2
DA:384,2
DA:385,0
DA:387,2
DA:388,2
DA:391,0
DA:400,3
LF:156
LH:148
BRDA:42,0,0,0
BRDA:42,0,1,3
BRDA:74,1,0,0
BRDA:74,1,1,0
BRDA:84,2,0,0
BRDA:84,2,1,2
BRDA:85,3,0,1
BRDA:85,3,1,1
BRDA:88,4,0,0
BRDA:88,4,1,1
BRDA:109,5,0,1
BRDA:109,5,1,7
BRDA:115,6,0,6
BRDA:115,6,1,1
BRDA:115,7,0,7
BRDA:115,7,1,6
BRDA:122,8,0,0
BRDA:122,8,1,6
BRDA:123,9,0,5
BRDA:123,9,1,1
BRDA:129,10,0,0
BRDA:129,10,1,5
BRDA:131,11,0,3
BRDA:131,11,1,2
BRDA:131,12,0,5
BRDA:131,12,1,4
BRDA:132,13,0,1
BRDA:132,13,1,2
BRDA:136,14,0,1
BRDA:136,14,1,1
BRDA:139,15,0,0
BRDA:139,15,1,1
BRDA:144,16,0,1
BRDA:144,16,1,0
BRDA:155,17,0,0
BRDA:155,17,1,1
BRDA:200,18,0,1
BRDA:200,18,1,8
BRDA:206,19,0,7
BRDA:206,19,1,1
BRDA:206,20,0,8
BRDA:206,20,1,7
BRDA:211,21,0,0
BRDA:211,21,1,7
BRDA:212,22,0,6
BRDA:212,22,1,1
BRDA:217,23,0,0
BRDA:217,23,1,6
BRDA:220,24,0,4
BRDA:220,24,1,2
BRDA:220,25,0,6
BRDA:220,25,1,5
BRDA:222,26,0,1
BRDA:222,26,1,3
BRDA:225,27,0,1
BRDA:225,27,1,2
BRDA:229,28,0,1
BRDA:229,28,1,1
BRDA:232,29,0,0
BRDA:232,29,1,1
BRDA:268,30,0,1
BRDA:268,30,1,6
BRDA:275,31,0,5
BRDA:275,31,1,1
BRDA:275,32,0,6
BRDA:275,32,1,5
BRDA:281,33,0,0
BRDA:281,33,1,5
BRDA:282,34,0,3
BRDA:282,34,1,2
BRDA:282,35,0,5
BRDA:282,35,1,4
BRDA:286,36,0,2
BRDA:286,36,1,1
BRDA:290,37,0,1
BRDA:290,37,1,1
BRDA:295,38,0,0
BRDA:295,38,1,1
BRDA:334,39,0,0
BRDA:334,39,1,5
BRDA:337,40,0,1
BRDA:337,40,1,4
BRDA:359,41,0,0
BRDA:359,41,1,5
BRDA:362,42,0,2
BRDA:362,42,1,3
BRDA:384,43,0,0
BRDA:384,43,1,2
BRDA:387,44,0,2
BRDA:387,44,1,0
BRF:90
BRH:71
end_of_record
TN:
SF:controllers\authorize.js
FN:5,get_token
FN:10,validate_user
FN:17,(anonymous_2)
FN:21,(anonymous_3)
FNF:4
FNH:1
FNDA:0,get_token
FNDA:65,validate_user
FNDA:0,(anonymous_2)
FNDA:0,(anonymous_3)
DA:1,10
DA:2,10
DA:5,10
DA:6,0
DA:10,10
DA:13,65
DA:14,65
DA:17,0
DA:18,0
DA:22,0
DA:23,0
DA:24,0
DA:27,0
DA:28,0
DA:29,0
DA:33,0
DA:34,0
DA:35,0
LF:18
LH:6
BRDA:13,0,0,65
BRDA:13,0,1,0
BRDA:22,1,0,0
BRDA:22,1,1,0
BRDA:24,2,0,0
BRDA:24,2,1,0
BRF:6
BRH:1
end_of_record
TN:
SF:controllers\comments.js
FN:46,(anonymous_0)
FN:49,(anonymous_1)
FN:54,cleanup
FN:55,(anonymous_3)
FN:98,(anonymous_4)
FN:100,(anonymous_5)
FN:107,(anonymous_6)
FN:110,(anonymous_7)
FN:117,(anonymous_8)
FN:124,(anonymous_9)
FN:127,(anonymous_10)
FN:143,(anonymous_11)
FN:148,(anonymous_12)
FN:159,(anonymous_13)
FN:166,(anonymous_14)
FN:181,(anonymous_15)
FN:188,(anonymous_16)
FN:192,(anonymous_17)
FN:194,(anonymous_18)
FN:217,(anonymous_19)
FN:224,(anonymous_20)
FN:228,(anonymous_21)
FN:245,(anonymous_22)
FN:251,(anonymous_23)
FN:254,(anonymous_24)
FN:257,(anonymous_25)
FN:271,(anonymous_26)
FN:277,(anonymous_27)
FN:280,(anonymous_28)
FN:283,(anonymous_29)
FN:297,(anonymous_30)
FN:300,(anonymous_31)
FN:302,(anonymous_32)
FNF:33
FNH:28
FNDA:3,(anonymous_0)
FNDA:3,(anonymous_1)
FNDA:1,cleanup
FNDA:1,(anonymous_3)
FNDA:2,(anonymous_4)
FNDA:2,(anonymous_5)
FNDA:0,(anonymous_6)
FNDA:0,(anonymous_7)
FNDA:6,(anonymous_8)
FNDA:5,(anonymous_9)
FNDA:3,(anonymous_10)
FNDA:1,(anonymous_11)
FNDA:1,(anonymous_12)
FNDA:1,(anonymous_13)
FNDA:1,(anonymous_14)
FNDA:6,(anonymous_15)
FNDA:5,(anonymous_16)
FNDA:4,(anonymous_17)
FNDA:2,(anonymous_18)
FNDA:5,(anonymous_19)
FNDA:4,(anonymous_20)
FNDA:3,(anonymous_21)
FNDA:5,(anonymous_22)
FNDA:4,(anonymous_23)
FNDA:3,(anonymous_24)
FNDA:2,(anonymous_25)
FNDA:2,(anonymous_26)
FNDA:2,(anonymous_27)
FNDA:2,(anonymous_28)
FNDA:2,(anonymous_29)
FNDA:0,(anonymous_30)
FNDA:0,(anonymous_31)
FNDA:0,(anonymous_32)
DA:1,3
DA:2,3
DA:3,3
DA:4,3
DA:5,3
DA:6,3
DA:7,3
DA:10,3
DA:11,3
DA:12,3
DA:13,3
DA:14,3
DA:15,3
DA:17,3
DA:18,3
DA:19,3
DA:20,3
DA:21,3
DA:22,3
DA:23,3
DA:24,3
DA:30,3
DA:34,3
DA:38,3
DA:39,3
DA:40,3
DA:46,3
DA:47,3
DA:48,3
DA:49,3
DA:50,3
DA:51,3
DA:55,1
DA:98,3
DA:99,2
DA:100,2
DA:101,2
DA:102,1
DA:107,3
DA:108,0
DA:110,0
DA:111,0
DA:112,0
DA:117,3
DA:120,6
DA:121,6
DA:123,5
DA:124,5
DA:125,5
DA:126,3
DA:127,3
DA:128,3
DA:129,2
DA:131,1
DA:141,1
DA:142,1
DA:143,1
DA:144,1
DA:148,1
DA:149,1
DA:151,1
DA:160,1
DA:164,1
DA:167,1
DA:172,1
DA:175,2
DA:181,3
DA:184,6
DA:185,6
DA:186,6
DA:188,5
DA:189,5
DA:190,5
DA:191,4
DA:192,4
DA:193,4
DA:194,2
DA:195,2
DA:196,2
DA:198,1
DA:199,1
DA:200,1
DA:201,0
DA:202,0
DA:205,0
DA:208,2
DA:211,1
DA:217,3
DA:220,5
DA:221,5
DA:222,5
DA:224,4
DA:225,4
DA:226,4
DA:227,3
DA:228,3
DA:229,3
DA:230,2
DA:231,1
DA:232,1
DA:234,1
DA:236,1
DA:239,1
DA:245,3
DA:247,5
DA:248,5
DA:249,5
DA:251,4
DA:252,4
DA:253,4
DA:254,3
DA:255,3
DA:256,2
DA:257,2
DA:258,2
DA:259,2
DA:262,1
DA:265,1
DA:271,3
DA:273,2
DA:274,2
DA:275,2
DA:277,2
DA:278,2
DA:279,2
DA:280,2
DA:281,2
DA:282,2
DA:283,2
DA:284,2
DA:285,2
DA:288,0
DA:291,0
DA:297,3
DA:298,0
DA:300,0
DA:301,0
DA:302,0
DA:303,0
DA:304,0
DA:307,0
DA:313,3
LF:142
LH:126
BRDA:47,0,0,0
BRDA:47,0,1,3
BRDA:101,1,0,1
BRDA:101,1,1,1
BRDA:111,2,0,0
BRDA:111,2,1,0
BRDA:121,3,0,1
BRDA:121,3,1,5
BRDA:125,4,0,3
BRDA:125,4,1,2
BRDA:125,5,0,5
BRDA:125,5,1,3
BRDA:128,6,0,2
BRDA:128,6,1,1
BRDA:129,7,0,1
BRDA:129,7,1,1
BRDA:144,8,0,0
BRDA:144,8,1,1
BRDA:149,9,0,1
BRDA:149,9,1,0
BRDA:160,10,0,0
BRDA:160,10,1,1
BRDA:186,11,0,1
BRDA:186,11,1,5
BRDA:189,12,0,0
BRDA:189,12,1,5
BRDA:190,13,0,4
BRDA:190,13,1,1
BRDA:190,14,0,5
BRDA:190,14,1,4
BRDA:193,15,0,2
BRDA:193,15,1,2
BRDA:193,16,0,4
BRDA:193,16,1,3
BRDA:195,17,0,2
BRDA:195,17,1,0
BRDA:196,18,0,1
BRDA:196,18,1,1
BRDA:199,19,0,1
BRDA:199,19,1,0
BRDA:201,20,0,0
BRDA:201,20,1,0
BRDA:222,21,0,1
BRDA:222,21,1,4
BRDA:225,22,0,0
BRDA:225,22,1,4
BRDA:226,23,0,3
BRDA:226,23,1,1
BRDA:226,24,0,4
BRDA:226,24,1,3
BRDA:229,25,0,2
BRDA:229,25,1,1
BRDA:230,26,0,1
BRDA:230,26,1,1
BRDA:249,27,0,1
BRDA:249,27,1,4
BRDA:252,28,0,0
BRDA:252,28,1,4
BRDA:253,29,0,3
BRDA:253,29,1,1
BRDA:253,30,0,4
BRDA:253,30,1,3
BRDA:255,31,0,2
BRDA:255,31,1,1
BRDA:258,32,0,0
BRDA:258,32,1,2
BRDA:275,33,0,0
BRDA:275,33,1,2
BRDA:278,34,0,0
BRDA:278,34,1,2
BRDA:279,35,0,2
BRDA:279,35,1,0
BRDA:279,36,0,2
BRDA:279,36,1,2
BRDA:281,37,0,2
BRDA:281,37,1,0
BRDA:284,38,0,0
BRDA:284,38,1,2
BRDA:301,39,0,0
BRDA:301,39,1,0
BRDA:303,40,0,0
BRDA:303,40,1,0
BRF:82
BRH:59
end_of_record
TN:
SF:controllers\dashboard.js
FN:19,(anonymous_0)
FN:39,(anonymous_1)
FN:45,(anonymous_2)
FN:48,(anonymous_3)
FN:53,(anonymous_4)
FN:54,(anonymous_5)
FN:58,(anonymous_6)
FN:66,(anonymous_7)
FN:73,(anonymous_8)
FN:74,(anonymous_9)
FN:81,(anonymous_10)
FN:87,(anonymous_11)
FN:89,(anonymous_12)
FN:90,(anonymous_13)
FN:92,(anonymous_14)
FN:92,(anonymous_15)
FN:95,(anonymous_16)
FN:98,(anonymous_17)
FN:102,(anonymous_18)
FN:104,(anonymous_19)
FN:105,(anonymous_20)
FN:105,(anonymous_21)
FN:110,(anonymous_22)
FN:114,(anonymous_23)
FN:114,(anonymous_24)
FN:115,(anonymous_25)
FN:115,(anonymous_26)
FN:126,(anonymous_27)
FN:128,(anonymous_28)
FN:129,(anonymous_29)
FN:133,(anonymous_30)
FN:134,(anonymous_31)
FN:141,(anonymous_32)
FN:142,(anonymous_33)
FN:149,(anonymous_34)
FN:159,(anonymous_35)
FN:166,(anonymous_36)
FN:175,(anonymous_37)
FN:178,(anonymous_38)
FN:181,(anonymous_39)
FN:185,(anonymous_40)
FN:187,(anonymous_41)
FN:188,(anonymous_42)
FN:190,(anonymous_43)
FN:190,(anonymous_44)
FN:193,(anonymous_45)
FN:197,(anonymous_46)
FN:197,(anonymous_47)
FN:217,(anonymous_48)
FN:229,(anonymous_49)
FN:232,(anonymous_50)
FN:234,(anonymous_51)
FN:236,(anonymous_52)
FN:241,(anonymous_53)
FN:248,(anonymous_54)
FN:252,(anonymous_55)
FN:258,(anonymous_56)
FN:261,(anonymous_57)
FN:262,(anonymous_58)
FNF:59
FNH:42
FNDA:10,(anonymous_0)
FNDA:1,(anonymous_1)
FNDA:0,(anonymous_2)
FNDA:0,(anonymous_3)
FNDA:1,(anonymous_4)
FNDA:1,(anonymous_5)
FNDA:1,(anonymous_6)
FNDA:1,(anonymous_7)
FNDA:1,(anonymous_8)
FNDA:127,(anonymous_9)
FNDA:1,(anonymous_10)
FNDA:1,(anonymous_11)
FNDA:1,(anonymous_12)
FNDA:1,(anonymous_13)
FNDA:72,(anonymous_14)
FNDA:1,(anonymous_15)
FNDA:1,(anonymous_16)
FNDA:1,(anonymous_17)
FNDA:1,(anonymous_18)
FNDA:1,(anonymous_19)
FNDA:28,(anonymous_20)
FNDA:0,(anonymous_21)
FNDA:1,(anonymous_22)
FNDA:1,(anonymous_23)
FNDA:0,(anonymous_24)
FNDA:0,(anonymous_25)
FNDA:0,(anonymous_26)
FNDA:1,(anonymous_27)
FNDA:1,(anonymous_28)
FNDA:1,(anonymous_29)
FNDA:1,(anonymous_30)
FNDA:1,(anonymous_31)
FNDA:1,(anonymous_32)
FNDA:1,(anonymous_33)
FNDA:1,(anonymous_34)
FNDA:1,(anonymous_35)
FNDA:1,(anonymous_36)
FNDA:0,(anonymous_37)
FNDA:0,(anonymous_38)
FNDA:0,(anonymous_39)
FNDA:0,(anonymous_40)
FNDA:0,(anonymous_41)
FNDA:0,(anonymous_42)
FNDA:0,(anonymous_43)
FNDA:0,(anonymous_44)
FNDA:0,(anonymous_45)
FNDA:0,(anonymous_46)
FNDA:0,(anonymous_47)
FNDA:4,(anonymous_48)
FNDA:4,(anonymous_49)
FNDA:4,(anonymous_50)
FNDA:172,(anonymous_51)
FNDA:503,(anonymous_52)
FNDA:4,(anonymous_53)
FNDA:1,(anonymous_54)
FNDA:1,(anonymous_55)
FNDA:1,(anonymous_56)
FNDA:1,(anonymous_57)
FNDA:11,(anonymous_58)
DA:3,1
DA:4,1
DA:5,1
DA:6,1
DA:7,1
DA:8,1
DA:9,1
DA:10,1
DA:11,1
DA:12,1
DA:13,1
DA:14,1
DA:15,1
DA:16,1
DA:17,1
DA:18,1
DA:19,1
DA:20,10
DA:21,10
DA:24,1
DA:25,1
DA:26,1
DA:27,1
DA:28,1
DA:29,1
DA:30,1
DA:31,1
DA:37,1
DA:39,1
DA:40,1
DA:41,0
DA:42,1
DA:45,1
DA:48,1
DA:53,1
DA:54,1
DA:55,1
DA:58,1
DA:59,1
DA:60,1
DA:66,1
DA:67,1
DA:69,1
DA:70,1
DA:71,1
DA:73,1
DA:74,127
DA:77,1
DA:78,0
DA:80,1
DA:82,1
DA:83,1
DA:84,1
DA:88,1
DA:89,1
DA:90,1
DA:92,72
DA:94,1
DA:98,1
DA:99,1
DA:103,1
DA:104,1
DA:105,28
DA:107,1
DA:113,1
DA:114,1
DA:115,0
DA:118,1
DA:126,1
DA:127,1
DA:128,1
DA:129,1
DA:131,1
DA:134,1
DA:135,1
DA:137,1
DA:141,1
DA:142,1
DA:143,1
DA:144,1
DA:146,0
DA:148,1
DA:150,1
DA:159,1
DA:160,1
DA:161,1
DA:167,1
DA:170,1
DA:175,1
DA:176,0
DA:177,0
DA:178,0
DA:179,0
DA:180,0
DA:182,0
DA:186,0
DA:187,0
DA:188,0
DA:190,0
DA:192,0
DA:196,0
DA:197,0
DA:200,0
DA:217,1
DA:218,4
DA:219,4
DA:220,4
DA:222,4
DA:223,3
DA:224,1
DA:225,1
DA:226,4
DA:230,4
DA:231,4
DA:232,4
DA:233,4
DA:234,172
DA:235,3
DA:236,503
DA:240,4
DA:242,4
DA:248,1
DA:249,1
DA:253,1
DA:258,1
DA:259,1
DA:260,1
DA:261,1
DA:262,1
DA:263,11
DA:268,1
LF:131
LH:113
BRDA:40,0,0,0
BRDA:40,0,1,1
BRDA:77,1,0,0
BRDA:77,1,1,1
BRDA:88,2,0,0
BRDA:88,2,1,1
BRDA:92,3,0,72
BRDA:92,3,1,71
BRDA:103,4,0,0
BRDA:103,4,1,1
BRDA:135,5,0,0
BRDA:135,5,1,1
BRDA:143,6,0,1
BRDA:143,6,1,0
BRDA:167,7,0,0
BRDA:167,7,1,1
BRDA:186,8,0,0
BRDA:186,8,1,0
BRDA:222,9,0,3
BRDA:222,9,1,1
BRDA:224,10,0,1
BRDA:224,10,1,0
BRDA:231,11,0,0
BRDA:231,11,1,4
BRDA:233,12,0,1
BRDA:233,12,1,3
BRDA:235,13,0,3
BRDA:235,13,1,0
BRF:28
BRH:16
end_of_record
TN:
SF:controllers\notifications.js
FN:46,(anonymous_0)
FN:53,(anonymous_1)
FN:65,cleanup
FN:66,(anonymous_3)
FN:78,(anonymous_4)
FN:90,(anonymous_5)
FN:96,(anonymous_6)
FN:115,(anonymous_7)
FN:127,(anonymous_8)
FN:133,(anonymous_9)
FN:137,(anonymous_10)
FN:159,(anonymous_11)
FN:170,(anonymous_12)
FN:176,(anonymous_13)
FN:192,(anonymous_14)
FN:205,(anonymous_15)
FN:211,(anonymous_16)
FNF:17
FNH:17
FNDA:1,(anonymous_0)
FNDA:1,(anonymous_1)
FNDA:1,cleanup
FNDA:1,(anonymous_3)
FNDA:5,(anonymous_4)
FNDA:4,(anonymous_5)
FNDA:2,(anonymous_6)
FNDA:3,(anonymous_7)
FNDA:3,(anonymous_8)
FNDA:2,(anonymous_9)
FNDA:1,(anonymous_10)
FNDA:2,(anonymous_11)
FNDA:2,(anonymous_12)
FNDA:1,(anonymous_13)
FNDA:3,(anonymous_14)
FNDA:2,(anonymous_15)
FNDA:1,(anonymous_16)
DA:3,1
DA:4,1
DA:5,1
DA:6,1
DA:7,1
DA:8,1
DA:9,1
DA:19,1
DA:20,1
DA:21,1
DA:22,1
DA:23,1
DA:24,1
DA:25,1
DA:26,1
DA:32,1
DA:34,1
DA:37,1
DA:38,1
DA:39,1
DA:40,1
DA:41,1
DA:44,1
DA:46,1
DA:47,1
DA:48,1
DA:53,1
DA:55,1
DA:56,1
DA:58,1
DA:59,1
DA:66,1
DA:78,1
DA:79,5
DA:81,5
DA:82,5
DA:83,4
DA:86,5
DA:87,1
DA:90,4
DA:92,4
DA:93,2
DA:96,2
DA:97,2
DA:98,0
DA:99,2
DA:100,1
DA:102,1
DA:107,2
DA:115,1
DA:116,3
DA:117,3
DA:119,3
DA:120,3
DA:121,2
DA:123,3
DA:124,0
DA:127,3
DA:129,3
DA:130,2
DA:133,2
DA:134,2
DA:135,0
DA:136,2
DA:137,1
DA:138,1
DA:139,0
DA:141,1
DA:145,1
DA:151,1
DA:159,1
DA:160,2
DA:162,2
DA:163,2
DA:164,1
DA:166,2
DA:167,0
DA:170,2
DA:172,2
DA:173,1
DA:176,1
DA:177,1
DA:178,0
DA:179,1
DA:184,1
DA:192,1
DA:193,3
DA:194,3
DA:196,3
DA:197,3
DA:198,3
DA:201,3
DA:202,1
DA:205,2
DA:207,2
DA:208,1
DA:209,1
DA:211,1
DA:212,1
DA:213,0
DA:214,1
DA:215,1
DA:220,1
DA:230,1
LF:104
LH:97
BRDA:47,0,0,0
BRDA:47,0,1,1
BRDA:82,1,0,4
BRDA:82,1,1,1
BRDA:86,2,0,1
BRDA:86,2,1,4
BRDA:86,3,0,5
BRDA:86,3,1,4
BRDA:92,4,0,2
BRDA:92,4,1,2
BRDA:92,5,0,4
BRDA:92,5,1,3
BRDA:92,5,2,3
BRDA:97,6,0,0
BRDA:97,6,1,2
BRDA:99,7,0,1
BRDA:99,7,1,1
BRDA:120,8,0,2
BRDA:120,8,1,1
BRDA:123,9,0,0
BRDA:123,9,1,3
BRDA:123,10,0,3
BRDA:123,10,1,3
BRDA:129,11,0,2
BRDA:129,11,1,1
BRDA:129,12,0,3
BRDA:129,12,1,3
BRDA:129,12,2,3
BRDA:134,13,0,0
BRDA:134,13,1,2
BRDA:136,14,0,1
BRDA:136,14,1,1
BRDA:136,15,0,2
BRDA:136,15,1,1
BRDA:138,16,0,0
BRDA:138,16,1,1
BRDA:163,17,0,1
BRDA:163,17,1,1
BRDA:166,18,0,0
BRDA:166,18,1,2
BRDA:166,19,0,2
BRDA:166,19,1,2
BRDA:172,20,0,1
BRDA:172,20,1,1
BRDA:172,21,0,2
BRDA:172,21,1,2
BRDA:172,21,2,2
BRDA:177,22,0,0
BRDA:177,22,1,1
BRDA:197,23,0,3
BRDA:197,23,1,0
BRDA:201,24,0,1
BRDA:201,24,1,2
BRDA:201,25,0,3
BRDA:201,25,1,2
BRDA:207,26,0,1
BRDA:207,26,1,1
BRDA:207,27,0,2
BRDA:207,27,1,1
BRDA:212,28,0,0
BRDA:212,28,1,1
BRF:61
BRH:52
end_of_record
TN:
SF:controllers\pauthorize.js
FN:4,(anonymous_0)
FN:21,(anonymous_1)
FN:33,(anonymous_2)
FN:45,(anonymous_3)
FN:57,(anonymous_4)
FNF:5
FNH:1
FNDA:3,(anonymous_0)
FNDA:0,(anonymous_1)
FNDA:0,(anonymous_2)
FNDA:0,(anonymous_3)
FNDA:0,(anonymous_4)
DA:1,1
DA:3,1
DA:6,3
DA:7,3
DA:8,3
DA:10,3
DA:14,0
DA:15,0
DA:16,0
DA:18,0
DA:19,0
DA:21,0
DA:24,0
DA:26,0
DA:27,0
DA:30,0
DA:35,0
DA:38,0
DA:39,0
DA:40,0
DA:42,0
DA:43,0
DA:45,0
DA:47,0
DA:49,0
DA:51,0
DA:52,0
DA:59,0
LF:28
LH:6
BRDA:8,0,0,3
BRDA:8,0,1,0
BRDA:8,1,0,3
BRDA:8,1,1,2
BRDA:8,1,2,2
BRDA:14,2,0,0
BRDA:14,2,1,0
BRDA:18,3,0,0
BRDA:18,3,1,0
BRDA:21,4,0,0
BRDA:21,4,1,0
BRDA:24,5,0,0
BRDA:24,5,1,0
BRDA:24,6,0,0
BRDA:24,6,1,0
BRDA:27,7,0,0
BRDA:27,7,1,0
BRDA:38,8,0,0
BRDA:38,8,1,0
BRDA:42,9,0,0
BRDA:42,9,1,0
BRDA:45,10,0,0
BRDA:45,10,1,0
BRDA:47,11,0,0
BRDA:47,11,1,0
BRDA:51,12,0,0
BRDA:51,12,1,0
BRF:27
BRH:4
end_of_record
TN:
SF:controllers\questions.js
FN:45,(anonymous_0)
FN:55,(anonymous_1)
FN:62,cleanup
FN:63,(anonymous_3)
FN:75,(anonymous_4)
FN:81,(anonymous_5)
FN:86,(anonymous_6)
FN:106,(anonymous_7)
FN:109,(anonymous_8)
FN:117,(anonymous_9)
FN:131,(anonymous_10)
FN:154,(anonymous_11)
FN:173,(anonymous_12)
FN:185,(anonymous_13)
FN:195,(anonymous_14)
FN:250,(anonymous_15)
FN:258,(anonymous_16)
FN:269,(anonymous_17)
FN:277,(anonymous_18)
FN:310,(anonymous_19)
FN:321,(anonymous_20)
FN:331,(anonymous_21)
FN:359,(anonymous_22)
FN:367,(anonymous_23)
FN:378,(anonymous_24)
FN:386,(anonymous_25)
FN:413,(anonymous_26)
FN:423,(anonymous_27)
FN:431,(anonymous_28)
FN:438,(anonymous_29)
FN:443,(anonymous_30)
FN:446,(anonymous_31)
FN:447,(anonymous_32)
FN:449,(anonymous_33)
FN:450,(anonymous_34)
FN:451,(anonymous_35)
FN:454,(anonymous_36)
FN:463,(anonymous_37)
FN:469,(anonymous_38)
FN:474,(anonymous_39)
FN:505,(anonymous_40)
FN:517,(anonymous_41)
FN:525,(anonymous_42)
FN:560,(anonymous_43)
FN:566,(anonymous_44)
FN:569,(anonymous_45)
FN:570,(anonymous_46)
FN:572,(anonymous_47)
FN:573,(anonymous_48)
FN:574,(anonymous_49)
FN:577,(anonymous_50)
FN:586,(anonymous_51)
FN:592,(anonymous_52)
FN:598,(anonymous_53)
FN:632,(anonymous_54)
FN:637,(anonymous_55)
FN:639,(anonymous_56)
FN:652,(anonymous_57)
FN:663,(anonymous_58)
FN:673,(anonymous_59)
FN:694,(anonymous_60)
FN:712,(anonymous_61)
FN:747,(anonymous_62)
FN:755,(anonymous_63)
FN:762,(anonymous_64)
FN:771,(anonymous_65)
FN:776,(anonymous_66)
FN:779,(anonymous_67)
FN:780,(anonymous_68)
FN:782,(anonymous_69)
FN:783,(anonymous_70)
FN:784,(anonymous_71)
FN:790,(anonymous_72)
FN:799,(anonymous_73)
FN:805,(anonymous_74)
FN:811,(anonymous_75)
FN:842,(anonymous_76)
FN:850,(anonymous_77)
FN:857,(anonymous_78)
FN:866,(anonymous_79)
FN:871,(anonymous_80)
FN:874,(anonymous_81)
FN:875,(anonymous_82)
FN:877,(anonymous_83)
FN:878,(anonymous_84)
FN:879,(anonymous_85)
FN:882,(anonymous_86)
FN:891,(anonymous_87)
FN:897,(anonymous_88)
FN:903,(anonymous_89)
FNF:90
FNH:85
FNDA:3,(anonymous_0)
FNDA:3,(anonymous_1)
FNDA:2,cleanup
FNDA:2,(anonymous_3)
FNDA:2,(anonymous_4)
FNDA:2,(anonymous_5)
FNDA:1,(anonymous_6)
FNDA:0,(anonymous_7)
FNDA:0,(anonymous_8)
FNDA:3,(anonymous_9)
FNDA:2,(anonymous_10)
FNDA:1,(anonymous_11)
FNDA:3,(anonymous_12)
FNDA:2,(anonymous_13)
FNDA:2,(anonymous_14)
FNDA:2,(anonymous_15)
FNDA:2,(anonymous_16)
FNDA:2,(anonymous_17)
FNDA:2,(anonymous_18)
FNDA:2,(anonymous_19)
FNDA:2,(anonymous_20)
FNDA:2,(anonymous_21)
FNDA:2,(anonymous_22)
FNDA:2,(anonymous_23)
FNDA:2,(anonymous_24)
FNDA:2,(anonymous_25)
FNDA:5,(anonymous_26)
FNDA:4,(anonymous_27)
FNDA:3,(anonymous_28)
FNDA:1,(anonymous_29)
FNDA:1,(anonymous_30)
FNDA:1,(anonymous_31)
FNDA:1,(anonymous_32)
FNDA:1,(anonymous_33)
FNDA:1,(anonymous_34)
FNDA:1,(anonymous_35)
FNDA:1,(anonymous_36)
FNDA:1,(anonymous_37)
FNDA:1,(anonymous_38)
FNDA:1,(anonymous_39)
FNDA:6,(anonymous_40)
FNDA:5,(anonymous_41)
FNDA:4,(anonymous_42)
FNDA:1,(anonymous_43)
FNDA:1,(anonymous_44)
FNDA:1,(anonymous_45)
FNDA:1,(anonymous_46)
FNDA:1,(anonymous_47)
FNDA:1,(anonymous_48)
FNDA:1,(anonymous_49)
FNDA:1,(anonymous_50)
FNDA:1,(anonymous_51)
FNDA:1,(anonymous_52)
FNDA:1,(anonymous_53)
FNDA:0,(anonymous_54)
FNDA:0,(anonymous_55)
FNDA:0,(anonymous_56)
FNDA:4,(anonymous_57)
FNDA:4,(anonymous_58)
FNDA:3,(anonymous_59)
FNDA:1,(anonymous_60)
FNDA:1,(anonymous_61)
FNDA:5,(anonymous_62)
FNDA:4,(anonymous_63)
FNDA:4,(anonymous_64)
FNDA:1,(anonymous_65)
FNDA:1,(anonymous_66)
FNDA:1,(anonymous_67)
FNDA:1,(anonymous_68)
FNDA:1,(anonymous_69)
FNDA:1,(anonymous_70)
FNDA:1,(anonymous_71)
FNDA:1,(anonymous_72)
FNDA:1,(anonymous_73)
FNDA:1,(anonymous_74)
FNDA:1,(anonymous_75)
FNDA:5,(anonymous_76)
FNDA:4,(anonymous_77)
FNDA:4,(anonymous_78)
FNDA:1,(anonymous_79)
FNDA:1,(anonymous_80)
FNDA:1,(anonymous_81)
FNDA:1,(anonymous_82)
FNDA:1,(anonymous_83)
FNDA:1,(anonymous_84)
FNDA:1,(anonymous_85)
FNDA:1,(anonymous_86)
FNDA:1,(anonymous_87)
FNDA:1,(anonymous_88)
FNDA:1,(anonymous_89)
DA:1,3
DA:2,3
DA:3,3
DA:4,3
DA:5,3
DA:6,3
DA:7,3
DA:9,3
DA:10,3
DA:11,3
DA:12,3
DA:13,3
DA:14,3
DA:15,3
DA:16,3
DA:22,3
DA:24,3
DA:31,3
DA:34,3
DA:35,3
DA:36,3
DA:37,3
DA:41,3
DA:42,3
DA:45,3
DA:46,3
DA:47,3
DA:55,3
DA:57,3
DA:58,3
DA:63,2
DA:75,3
DA:76,2
DA:81,2
DA:83,2
DA:85,1
DA:86,1
DA:87,1
DA:90,1
DA:91,1
DA:97,1
DA:106,3
DA:109,0
DA:111,0
DA:117,3
DA:119,3
DA:120,3
DA:126,3
DA:127,1
DA:131,2
DA:132,2
DA:136,2
DA:138,1
DA:152,1
DA:154,1
DA:155,1
DA:158,1
DA:165,1
DA:173,3
DA:175,3
DA:176,3
DA:177,3
DA:181,3
DA:182,1
DA:185,2
DA:186,2
DA:189,2
DA:191,2
DA:192,2
DA:195,2
DA:196,2
DA:197,2
DA:198,2
DA:201,2
DA:202,2
DA:203,2
DA:204,2
DA:207,0
DA:208,0
DA:210,0
DA:212,0
DA:213,0
DA:214,0
DA:216,0
DA:217,0
DA:218,0
DA:221,0
DA:223,0
DA:225,0
DA:226,0
DA:227,0
DA:229,0
DA:230,0
DA:231,0
DA:236,2
DA:237,2
DA:239,2
DA:243,2
DA:250,2
DA:251,2
DA:258,2
DA:259,2
DA:261,2
DA:270,2
DA:275,2
DA:278,2
DA:279,2
DA:281,0
DA:282,0
DA:292,0
DA:298,0
DA:310,3
DA:312,2
DA:313,2
DA:314,2
DA:317,2
DA:318,0
DA:321,2
DA:322,2
DA:325,2
DA:327,2
DA:328,2
DA:331,2
DA:332,2
DA:333,2
DA:335,2
DA:338,2
DA:343,2
DA:344,1
DA:350,1
DA:351,1
DA:359,2
DA:360,2
DA:367,2
DA:368,2
DA:370,2
DA:379,2
DA:384,2
DA:387,2
DA:388,2
DA:390,0
DA:391,0
DA:399,0
DA:405,0
DA:413,3
DA:415,5
DA:416,5
DA:419,5
DA:420,1
DA:423,4
DA:426,4
DA:428,3
DA:431,3
DA:434,3
DA:435,1
DA:438,1
DA:439,1
DA:443,1
DA:444,1
DA:446,1
DA:447,1
DA:448,1
DA:450,1
DA:451,1
DA:452,1
DA:454,1
DA:455,1
DA:464,1
DA:468,1
DA:473,1
DA:475,1
DA:476,1
DA:478,0
DA:479,0
DA:491,2
DA:497,1
DA:505,3
DA:508,6
DA:509,6
DA:510,6
DA:513,6
DA:514,1
DA:517,5
DA:520,5
DA:522,4
DA:525,4
DA:528,4
DA:529,2
DA:530,1
DA:533,1
DA:535,1
DA:538,1
DA:539,1
DA:540,1
DA:542,1
DA:543,1
DA:551,0
DA:552,0
DA:560,1
DA:561,1
DA:566,1
DA:568,1
DA:569,1
DA:570,1
DA:571,1
DA:573,1
DA:574,1
DA:575,1
DA:577,1
DA:578,1
DA:587,1
DA:591,1
DA:596,1
DA:599,1
DA:600,1
DA:602,0
DA:603,0
DA:616,2
DA:622,1
DA:632,3
DA:635,0
DA:637,0
DA:638,0
DA:639,0
DA:640,0
DA:642,0
DA:645,0
DA:652,3
DA:653,4
DA:654,4
DA:655,4
DA:659,4
DA:660,0
DA:663,4
DA:665,4
DA:667,4
DA:669,3
DA:671,3
DA:673,3
DA:674,3
DA:675,3
DA:677,2
DA:679,1
DA:681,1
DA:692,1
DA:694,1
DA:695,1
DA:702,1
DA:704,1
DA:713,1
DA:715,1
DA:721,0
DA:726,1
DA:731,1
DA:737,1
DA:747,3
DA:748,5
DA:749,5
DA:751,5
DA:752,1
DA:755,4
DA:757,4
DA:759,4
DA:762,4
DA:764,4
DA:765,2
DA:766,1
DA:769,1
DA:771,1
DA:772,1
DA:776,1
DA:778,1
DA:779,1
DA:780,1
DA:781,1
DA:783,1
DA:784,1
DA:787,1
DA:788,1
DA:790,1
DA:791,1
DA:800,1
DA:804,1
DA:809,1
DA:813,1
DA:827,2
DA:833,0
DA:842,3
DA:843,5
DA:844,5
DA:846,5
DA:847,1
DA:850,4
DA:852,4
DA:854,4
DA:857,4
DA:859,4
DA:860,2
DA:861,1
DA:864,1
DA:866,1
DA:867,1
DA:871,1
DA:873,1
DA:874,1
DA:875,1
DA:876,1
DA:878,1
DA:879,1
DA:881,1
DA:882,1
DA:883,1
DA:892,1
DA:896,1
DA:901,1
DA:905,1
DA:919,2
DA:925,0
DA:938,3
LF:319
LH:274
BRDA:46,0,0,0
BRDA:46,0,1,3
BRDA:83,1,0,1
BRDA:83,1,1,1
BRDA:87,2,0,0
BRDA:87,2,1,1
BRDA:126,3,0,1
BRDA:126,3,1,2
BRDA:126,4,0,3
BRDA:126,4,1,2
BRDA:132,5,0,0
BRDA:132,5,1,2
BRDA:136,6,0,1
BRDA:136,6,1,1
BRDA:136,7,0,2
BRDA:136,7,1,1
BRDA:155,8,0,0
BRDA:155,8,1,1
BRDA:181,9,0,1
BRDA:181,9,1,2
BRDA:181,10,0,3
BRDA:181,10,1,2
BRDA:186,11,0,0
BRDA:186,11,1,2
BRDA:189,12,0,2
BRDA:189,12,1,0
BRDA:189,13,0,2
BRDA:189,13,1,2
BRDA:196,14,0,2
BRDA:196,14,1,0
BRDA:202,15,0,2
BRDA:202,15,1,0
BRDA:203,16,0,1
BRDA:203,16,1,1
BRDA:208,17,0,0
BRDA:208,17,1,0
BRDA:210,18,0,0
BRDA:210,18,1,0
BRDA:216,19,0,0
BRDA:216,19,1,0
BRDA:221,20,0,0
BRDA:221,20,1,0
BRDA:223,21,0,0
BRDA:223,21,1,0
BRDA:229,22,0,0
BRDA:229,22,1,0
BRDA:236,23,0,2
BRDA:236,23,1,0
BRDA:251,24,0,0
BRDA:251,24,1,2
BRDA:259,25,0,2
BRDA:259,25,1,0
BRDA:270,26,0,0
BRDA:270,26,1,2
BRDA:278,27,0,2
BRDA:278,27,1,0
BRDA:281,28,0,0
BRDA:281,28,1,0
BRDA:317,29,0,0
BRDA:317,29,1,2
BRDA:317,30,0,2
BRDA:317,30,1,2
BRDA:322,31,0,0
BRDA:322,31,1,2
BRDA:325,32,0,2
BRDA:325,32,1,0
BRDA:325,33,0,2
BRDA:325,33,1,2
BRDA:332,34,0,2
BRDA:332,34,1,0
BRDA:343,35,0,1
BRDA:343,35,1,1
BRDA:350,36,0,1
BRDA:350,36,1,0
BRDA:360,37,0,0
BRDA:360,37,1,2
BRDA:368,38,0,2
BRDA:368,38,1,0
BRDA:379,39,0,0
BRDA:379,39,1,2
BRDA:387,40,0,2
BRDA:387,40,1,0
BRDA:390,41,0,0
BRDA:390,41,1,0
BRDA:419,42,0,1
BRDA:419,42,1,4
BRDA:419,43,0,5
BRDA:419,43,1,4
BRDA:426,44,0,3
BRDA:426,44,1,1
BRDA:426,45,0,4
BRDA:426,45,1,3
BRDA:434,46,0,1
BRDA:434,46,1,2
BRDA:434,47,0,3
BRDA:434,47,1,2
BRDA:439,48,0,0
BRDA:439,48,1,1
BRDA:452,49,0,1
BRDA:452,49,1,0
BRDA:464,50,0,0
BRDA:464,50,1,1
BRDA:475,51,0,1
BRDA:475,51,1,0
BRDA:478,52,0,0
BRDA:478,52,1,0
BRDA:513,53,0,1
BRDA:513,53,1,5
BRDA:513,54,0,6
BRDA:513,54,1,5
BRDA:520,55,0,4
BRDA:520,55,1,1
BRDA:520,56,0,5
BRDA:520,56,1,4
BRDA:528,57,0,2
BRDA:528,57,1,2
BRDA:528,58,0,4
BRDA:528,58,1,3
BRDA:529,59,0,1
BRDA:529,59,1,1
BRDA:538,60,0,1
BRDA:538,60,1,0
BRDA:539,61,0,0
BRDA:539,61,1,1
BRDA:540,62,0,1
BRDA:540,62,1,0
BRDA:542,63,0,1
BRDA:542,63,1,0
BRDA:551,64,0,0
BRDA:551,64,1,0
BRDA:561,65,0,0
BRDA:561,65,1,1
BRDA:575,66,0,1
BRDA:575,66,1,0
BRDA:587,67,0,0
BRDA:587,67,1,1
BRDA:599,68,0,1
BRDA:599,68,1,0
BRDA:602,69,0,0
BRDA:602,69,1,0
BRDA:638,70,0,0
BRDA:638,70,1,0
BRDA:640,71,0,0
BRDA:640,71,1,0
BRDA:659,72,0,0
BRDA:659,72,1,4
BRDA:659,73,0,4
BRDA:659,73,1,4
BRDA:665,74,0,0
BRDA:665,74,1,4
BRDA:667,75,0,3
BRDA:667,75,1,1
BRDA:667,76,0,4
BRDA:667,76,1,3
BRDA:674,77,0,0
BRDA:674,77,1,3
BRDA:675,78,0,2
BRDA:675,78,1,1
BRDA:677,79,0,1
BRDA:677,79,1,1
BRDA:695,80,0,0
BRDA:695,80,1,1
BRDA:702,81,0,1
BRDA:702,81,1,0
BRDA:713,82,0,0
BRDA:713,82,1,1
BRDA:751,83,0,1
BRDA:751,83,1,4
BRDA:751,84,0,5
BRDA:751,84,1,4
BRDA:757,85,0,4
BRDA:757,85,1,0
BRDA:757,86,0,4
BRDA:757,86,1,4
BRDA:764,87,0,2
BRDA:764,87,1,2
BRDA:764,88,0,4
BRDA:764,88,1,3
BRDA:765,89,0,1
BRDA:765,89,1,1
BRDA:772,90,0,0
BRDA:772,90,1,1
BRDA:788,91,0,1
BRDA:788,91,1,0
BRDA:800,92,0,0
BRDA:800,92,1,1
BRDA:846,93,0,1
BRDA:846,93,1,4
BRDA:846,94,0,5
BRDA:846,94,1,4
BRDA:852,95,0,4
BRDA:852,95,1,0
BRDA:852,96,0,4
BRDA:852,96,1,4
BRDA:859,97,0,2
BRDA:859,97,1,2
BRDA:859,98,0,4
BRDA:859,98,1,3
BRDA:860,99,0,1
BRDA:860,99,1,1
BRDA:867,100,0,0
BRDA:867,100,1,1
BRDA:881,101,0,1
BRDA:881,101,1,0
BRDA:892,102,0,0
BRDA:892,102,1,1
BRF:206
BRH:132
end_of_record
TN:
SF:controllers\users.js
FN:47,(anonymous_0)
FN:55,(anonymous_1)
FN:61,cleanup
FN:62,(anonymous_3)
FN:73,(anonymous_4)
FN:78,(anonymous_5)
FN:134,(anonymous_6)
FN:143,(anonymous_7)
FN:145,(anonymous_8)
FN:153,(anonymous_9)
FN:168,(anonymous_10)
FN:171,(anonymous_11)
FN:176,(anonymous_12)
FN:186,(anonymous_13)
FN:189,(anonymous_14)
FN:191,(anonymous_15)
FN:205,(anonymous_16)
FN:208,(anonymous_17)
FN:211,(anonymous_18)
FN:225,(anonymous_19)
FN:228,(anonymous_20)
FN:230,(anonymous_21)
FN:242,(anonymous_22)
FN:245,(anonymous_23)
FN:247,(anonymous_24)
FN:258,(anonymous_25)
FN:260,(anonymous_26)
FN:262,(anonymous_27)
FN:273,(anonymous_28)
FN:275,(anonymous_29)
FN:277,(anonymous_30)
FN:289,(anonymous_31)
FN:290,(anonymous_32)
FNF:33
FNH:31
FNDA:1,(anonymous_0)
FNDA:1,(anonymous_1)
FNDA:0,cleanup
FNDA:0,(anonymous_3)
FNDA:2,(anonymous_4)
FNDA:2,(anonymous_5)
FNDA:2,(anonymous_6)
FNDA:2,(anonymous_7)
FNDA:1,(anonymous_8)
FNDA:1,(anonymous_9)
FNDA:1,(anonymous_10)
FNDA:1,(anonymous_11)
FNDA:1,(anonymous_12)
FNDA:2,(anonymous_13)
FNDA:2,(anonymous_14)
FNDA:1,(anonymous_15)
FNDA:2,(anonymous_16)
FNDA:2,(anonymous_17)
FNDA:1,(anonymous_18)
FNDA:2,(anonymous_19)
FNDA:2,(anonymous_20)
FNDA:1,(anonymous_21)
FNDA:2,(anonymous_22)
FNDA:2,(anonymous_23)
FNDA:1,(anonymous_24)
FNDA:2,(anonymous_25)
FNDA:2,(anonymous_26)
FNDA:1,(anonymous_27)
FNDA:2,(anonymous_28)
FNDA:2,(anonymous_29)
FNDA:1,(anonymous_30)
FNDA:1,(anonymous_31)
FNDA:1,(anonymous_32)
DA:2,1
DA:3,1
DA:4,1
DA:5,1
DA:6,1
DA:7,1
DA:8,1
DA:9,1
DA:12,1
DA:13,1
DA:15,1
DA:22,1
DA:24,1
DA:25,1
DA:26,1
DA:27,1
DA:30,1
DA:32,1
DA:33,1
DA:34,1
DA:35,1
DA:36,1
DA:37,1
DA:38,1
DA:39,1
DA:45,1
DA:47,1
DA:48,1
DA:49,1
DA:55,1
DA:57,1
DA:58,1
DA:62,0
DA:64,0
DA:69,1
DA:70,1
DA:73,1
DA:76,2
DA:78,2
DA:79,2
DA:81,0
DA:85,2
DA:134,1
DA:137,2
DA:141,2
DA:142,2
DA:143,2
DA:144,2
DA:145,1
DA:146,1
DA:148,1
DA:153,1
DA:154,1
DA:161,1
DA:168,1
DA:169,1
DA:171,1
DA:173,1
DA:175,1
DA:176,1
DA:177,1
DA:180,0
DA:186,1
DA:187,2
DA:189,2
DA:190,2
DA:191,1
DA:192,1
DA:193,1
DA:195,0
DA:198,1
DA:205,1
DA:206,2
DA:208,2
DA:209,2
DA:211,1
DA:212,1
DA:213,0
DA:214,1
DA:215,1
DA:218,1
DA:225,1
DA:226,2
DA:228,2
DA:229,2
DA:230,1
DA:231,1
DA:234,1
DA:242,1
DA:243,2
DA:245,2
DA:246,2
DA:247,1
DA:248,1
DA:251,1
DA:258,1
DA:259,2
DA:260,2
DA:261,2
DA:262,1
DA:263,1
DA:266,1
DA:273,1
DA:274,2
DA:275,2
DA:276,2
DA:277,1
DA:278,1
DA:279,1
DA:281,0
DA:284,1
DA:289,1
DA:290,1
DA:291,1
DA:292,1
DA:293,1
DA:295,0
DA:302,1
LF:118
LH:110
BRDA:48,0,0,0
BRDA:48,0,1,1
BRDA:79,1,0,0
BRDA:79,1,1,2
BRDA:144,2,0,1
BRDA:144,2,1,1
BRDA:146,3,0,1
BRDA:146,3,1,0
BRDA:173,4,0,1
BRDA:173,4,1,0
BRDA:190,5,0,1
BRDA:190,5,1,1
BRDA:192,6,0,1
BRDA:192,6,1,0
BRDA:209,7,0,1
BRDA:209,7,1,1
BRDA:212,8,0,0
BRDA:212,8,1,1
BRDA:214,9,0,1
BRDA:214,9,1,0
BRDA:229,10,0,1
BRDA:229,10,1,1
BRDA:246,11,0,1
BRDA:246,11,1,1
BRDA:261,12,0,1
BRDA:261,12,1,1
BRDA:276,13,0,1
BRDA:276,13,1,1
BRDA:278,14,0,1
BRDA:278,14,1,0
BRDA:291,15,0,0
BRDA:291,15,1,1
BRDA:292,16,0,1
BRDA:292,16,1,0
BRF:34
BRH:24
end_of_record
